==================================================
Epoch 17, Batch 0/422, Loss: 4.4208, LR: 0.000048
Epoch 17, Batch 10/422, Loss: 3.5221, LR: 0.000048
Epoch 17, Batch 20/422, Loss: 4.3909, LR: 0.000048
Epoch 17, Batch 30/422, Loss: 5.0207, LR: 0.000048
Epoch 17, Batch 40/422, Loss: 4.6799, LR: 0.000048
Epoch 17, Batch 50/422, Loss: 4.8127, LR: 0.000048
Epoch 17, Batch 60/422, Loss: 3.2972, LR: 0.000048
Epoch 17, Batch 70/422, Loss: 4.8765, LR: 0.000048
Epoch 17, Batch 80/422, Loss: 3.9025, LR: 0.000048
Epoch 17, Batch 90/422, Loss: 4.2850, LR: 0.000048
Epoch 17, Batch 100/422, Loss: 5.0804, LR: 0.000048
Epoch 17, Batch 110/422, Loss: 4.0114, LR: 0.000048
Epoch 17, Batch 120/422, Loss: 3.9398, LR: 0.000048
Epoch 17, Batch 130/422, Loss: 4.4909, LR: 0.000048
Epoch 17, Batch 140/422, Loss: 4.5687, LR: 0.000048
Epoch 17, Batch 150/422, Loss: 4.3817, LR: 0.000048
Epoch 17, Batch 160/422, Loss: 4.6858, LR: 0.000048
Epoch 17, Batch 170/422, Loss: 4.6393, LR: 0.000048
Epoch 17, Batch 180/422, Loss: 4.7686, LR: 0.000048
Epoch 17, Batch 190/422, Loss: 4.4480, LR: 0.000048
Epoch 17, Batch 200/422, Loss: 4.6323, LR: 0.000048
Epoch 17, Batch 210/422, Loss: 4.2394, LR: 0.000048
Epoch 17, Batch 220/422, Loss: 3.9117, LR: 0.000048
Epoch 17, Batch 230/422, Loss: 4.5425, LR: 0.000048
Epoch 17, Batch 240/422, Loss: 3.9912, LR: 0.000048
Epoch 17, Batch 250/422, Loss: 4.4852, LR: 0.000048
Epoch 17, Batch 260/422, Loss: 4.2446, LR: 0.000048
Epoch 17, Batch 270/422, Loss: 4.1116, LR: 0.000048
Epoch 17, Batch 280/422, Loss: 3.3869, LR: 0.000048
Epoch 17, Batch 290/422, Loss: 3.3922, LR: 0.000048
Epoch 17, Batch 300/422, Loss: 4.5348, LR: 0.000048
Epoch 17, Batch 310/422, Loss: 4.6483, LR: 0.000048
Epoch 17, Batch 320/422, Loss: 4.2945, LR: 0.000048
Epoch 17, Batch 330/422, Loss: 4.1148, LR: 0.000048
Epoch 17, Batch 340/422, Loss: 4.3254, LR: 0.000048
Epoch 17, Batch 350/422, Loss: 4.4597, LR: 0.000048
Epoch 17, Batch 360/422, Loss: 3.8641, LR: 0.000048
Epoch 17, Batch 370/422, Loss: 4.2869, LR: 0.000048
Epoch 17, Batch 380/422, Loss: 3.9337, LR: 0.000048
Epoch 17, Batch 390/422, Loss: 4.7569, LR: 0.000048
Epoch 17, Batch 400/422, Loss: 4.2824, LR: 0.000048
Epoch 17, Batch 410/422, Loss: 4.4723, LR: 0.000048
Epoch 17, Batch 420/422, Loss: 4.4133, LR: 0.000048

Train Loss: 4.3449
Val Loss: 4.8145
mAP@0.50=0.0006, mAP@0.50:0.95=0.0002, Precision=0.0086, Recall=0.0096, F1=0.0090

==================================================
Epoch 18/150
==================================================
Epoch 18, Batch 0/422, Loss: 4.1713, LR: 0.000048
Epoch 18, Batch 10/422, Loss: 5.0683, LR: 0.000048
Epoch 18, Batch 20/422, Loss: 4.5286, LR: 0.000048
Epoch 18, Batch 30/422, Loss: 3.8225, LR: 0.000048
Epoch 18, Batch 40/422, Loss: 3.5595, LR: 0.000048
Epoch 18, Batch 50/422, Loss: 4.3369, LR: 0.000048
Epoch 18, Batch 60/422, Loss: 3.6892, LR: 0.000048
Epoch 18, Batch 70/422, Loss: 4.6973, LR: 0.000048
Epoch 18, Batch 80/422, Loss: 3.4552, LR: 0.000048
Epoch 18, Batch 90/422, Loss: 4.3341, LR: 0.000048
Epoch 18, Batch 100/422, Loss: 4.2771, LR: 0.000048
Epoch 18, Batch 110/422, Loss: 4.2571, LR: 0.000048
Epoch 18, Batch 120/422, Loss: 4.0851, LR: 0.000048
Epoch 18, Batch 130/422, Loss: 4.8267, LR: 0.000048
Epoch 18, Batch 140/422, Loss: 3.9724, LR: 0.000048
Epoch 18, Batch 150/422, Loss: 3.3099, LR: 0.000048
Epoch 18, Batch 160/422, Loss: 4.6591, LR: 0.000048
Epoch 18, Batch 170/422, Loss: 2.7251, LR: 0.000048
Epoch 18, Batch 180/422, Loss: 3.8037, LR: 0.000048
Epoch 18, Batch 190/422, Loss: 4.5621, LR: 0.000048
Epoch 18, Batch 200/422, Loss: 4.6423, LR: 0.000048
Epoch 18, Batch 210/422, Loss: 3.3705, LR: 0.000048
Epoch 18, Batch 220/422, Loss: 4.3889, LR: 0.000048
Epoch 18, Batch 230/422, Loss: 4.9164, LR: 0.000048
Epoch 18, Batch 240/422, Loss: 4.5100, LR: 0.000048
Epoch 18, Batch 250/422, Loss: 4.2201, LR: 0.000048
Epoch 18, Batch 260/422, Loss: 4.2933, LR: 0.000048
Epoch 18, Batch 270/422, Loss: 4.4113, LR: 0.000048
Epoch 18, Batch 280/422, Loss: 4.4964, LR: 0.000048
Epoch 18, Batch 290/422, Loss: 4.3247, LR: 0.000048
Epoch 18, Batch 300/422, Loss: 4.3793, LR: 0.000048
Epoch 18, Batch 310/422, Loss: 4.7540, LR: 0.000048
Epoch 18, Batch 320/422, Loss: 4.1977, LR: 0.000048
Epoch 18, Batch 330/422, Loss: 3.8451, LR: 0.000048
Epoch 18, Batch 340/422, Loss: 4.4686, LR: 0.000048
Epoch 18, Batch 350/422, Loss: 4.3750, LR: 0.000048
Epoch 18, Batch 360/422, Loss: 4.6309, LR: 0.000048
Epoch 18, Batch 370/422, Loss: 3.6645, LR: 0.000048
Epoch 18, Batch 380/422, Loss: 4.3857, LR: 0.000048
Epoch 18, Batch 390/422, Loss: 3.0407, LR: 0.000048
Epoch 18, Batch 400/422, Loss: 3.9147, LR: 0.000048
Epoch 18, Batch 410/422, Loss: 4.6389, LR: 0.000048
Epoch 18, Batch 420/422, Loss: 3.6483, LR: 0.000048

Train Loss: 4.2671
Val Loss: 4.4873
mAP@0.50=0.0017, mAP@0.50:0.95=0.0003, Precision=0.0084, Recall=0.0093, F1=0.0088
Saved best model to aug_checkpoints_efficientdet/best_model.pth

==================================================
Epoch 19/150
==================================================
Epoch 19, Batch 0/422, Loss: 3.5583, LR: 0.000048
Epoch 19, Batch 10/422, Loss: 3.7123, LR: 0.000048
Epoch 19, Batch 20/422, Loss: 4.3162, LR: 0.000048
Epoch 19, Batch 30/422, Loss: 4.5629, LR: 0.000048
Epoch 19, Batch 40/422, Loss: 4.1877, LR: 0.000048
Epoch 19, Batch 50/422, Loss: 4.5244, LR: 0.000048
Epoch 19, Batch 60/422, Loss: 4.1324, LR: 0.000048
Epoch 19, Batch 70/422, Loss: 4.6195, LR: 0.000048
Epoch 19, Batch 80/422, Loss: 3.8973, LR: 0.000048
Epoch 19, Batch 90/422, Loss: 3.7059, LR: 0.000048
Epoch 19, Batch 100/422, Loss: 4.1632, LR: 0.000048
Epoch 19, Batch 110/422, Loss: 4.1956, LR: 0.000048
Epoch 19, Batch 120/422, Loss: 3.9959, LR: 0.000048
Epoch 19, Batch 130/422, Loss: 4.1155, LR: 0.000048
Epoch 19, Batch 140/422, Loss: 4.6627, LR: 0.000048
Epoch 19, Batch 150/422, Loss: 4.8497, LR: 0.000048
Epoch 19, Batch 160/422, Loss: 4.5069, LR: 0.000048
Epoch 19, Batch 170/422, Loss: 4.2830, LR: 0.000048
Epoch 19, Batch 180/422, Loss: 4.7568, LR: 0.000048
Epoch 19, Batch 190/422, Loss: 4.6731, LR: 0.000048
Epoch 19, Batch 200/422, Loss: 3.8412, LR: 0.000048
Epoch 19, Batch 210/422, Loss: 4.2454, LR: 0.000048
Epoch 19, Batch 220/422, Loss: 4.0266, LR: 0.000048
Epoch 19, Batch 230/422, Loss: 4.4817, LR: 0.000048
Epoch 19, Batch 240/422, Loss: 4.4627, LR: 0.000048
Epoch 19, Batch 250/422, Loss: 4.3530, LR: 0.000048
Epoch 19, Batch 260/422, Loss: 4.3666, LR: 0.000048
Epoch 19, Batch 270/422, Loss: 3.7859, LR: 0.000048
Epoch 19, Batch 280/422, Loss: 4.0332, LR: 0.000048
Epoch 19, Batch 290/422, Loss: 4.2542, LR: 0.000048
Epoch 19, Batch 300/422, Loss: 4.3753, LR: 0.000048
Epoch 19, Batch 310/422, Loss: 4.4900, LR: 0.000048
Epoch 19, Batch 320/422, Loss: 4.4387, LR: 0.000048
Epoch 19, Batch 330/422, Loss: 3.5186, LR: 0.000048
Epoch 19, Batch 340/422, Loss: 3.5413, LR: 0.000048
Epoch 19, Batch 350/422, Loss: 3.8965, LR: 0.000048
Epoch 19, Batch 360/422, Loss: 3.7998, LR: 0.000048
Epoch 19, Batch 370/422, Loss: 4.3576, LR: 0.000048
Epoch 19, Batch 380/422, Loss: 4.5269, LR: 0.000048
Epoch 19, Batch 390/422, Loss: 4.0867, LR: 0.000048
Epoch 19, Batch 400/422, Loss: 4.7473, LR: 0.000048
Epoch 19, Batch 410/422, Loss: 4.1075, LR: 0.000048
Epoch 19, Batch 420/422, Loss: 4.0369, LR: 0.000048

Train Loss: 4.1710
Val Loss: 4.5424
mAP@0.50=0.0005, mAP@0.50:0.95=0.0001, Precision=0.0080, Recall=0.0090, F1=0.0084

==================================================
Epoch 20/150
==================================================
Epoch 20, Batch 0/422, Loss: 4.6457, LR: 0.000048
Epoch 20, Batch 10/422, Loss: 4.0547, LR: 0.000048
Epoch 20, Batch 20/422, Loss: 3.5008, LR: 0.000048
Epoch 20, Batch 30/422, Loss: 3.8244, LR: 0.000048
Epoch 20, Batch 40/422, Loss: 3.8202, LR: 0.000048
Epoch 20, Batch 50/422, Loss: 3.7826, LR: 0.000048
Epoch 20, Batch 60/422, Loss: 4.5534, LR: 0.000048
Epoch 20, Batch 70/422, Loss: 4.6783, LR: 0.000048
Epoch 20, Batch 80/422, Loss: 4.1495, LR: 0.000048
Epoch 20, Batch 90/422, Loss: 3.1078, LR: 0.000048
Epoch 20, Batch 100/422, Loss: 3.8804, LR: 0.000048
Epoch 20, Batch 110/422, Loss: 4.7336, LR: 0.000048
Epoch 20, Batch 120/422, Loss: 4.4179, LR: 0.000048
Epoch 20, Batch 130/422, Loss: 4.1784, LR: 0.000048
Epoch 20, Batch 140/422, Loss: 4.4650, LR: 0.000048
Epoch 20, Batch 150/422, Loss: 4.0639, LR: 0.000048
Epoch 20, Batch 160/422, Loss: 3.9323, LR: 0.000048
Epoch 20, Batch 170/422, Loss: 5.2627, LR: 0.000048
Epoch 20, Batch 180/422, Loss: 3.8104, LR: 0.000048
Epoch 20, Batch 190/422, Loss: 2.9799, LR: 0.000048
Epoch 20, Batch 200/422, Loss: 4.4546, LR: 0.000048
Epoch 20, Batch 210/422, Loss: 4.1859, LR: 0.000048
Epoch 20, Batch 220/422, Loss: 4.0714, LR: 0.000048
Epoch 20, Batch 230/422, Loss: 3.6873, LR: 0.000048
Epoch 20, Batch 240/422, Loss: 3.7840, LR: 0.000048
Epoch 20, Batch 250/422, Loss: 3.7260, LR: 0.000048
Epoch 20, Batch 260/422, Loss: 4.1117, LR: 0.000048
Epoch 20, Batch 270/422, Loss: 4.3422, LR: 0.000048
Epoch 20, Batch 280/422, Loss: 4.6443, LR: 0.000048
Epoch 20, Batch 290/422, Loss: 3.7640, LR: 0.000048
Epoch 20, Batch 300/422, Loss: 4.4109, LR: 0.000048
Epoch 20, Batch 310/422, Loss: 4.0702, LR: 0.000048
Epoch 20, Batch 320/422, Loss: 4.4203, LR: 0.000048
Epoch 20, Batch 330/422, Loss: 4.5140, LR: 0.000048
Epoch 20, Batch 340/422, Loss: 3.9900, LR: 0.000048
Epoch 20, Batch 350/422, Loss: 4.0337, LR: 0.000048
Epoch 20, Batch 360/422, Loss: 4.5082, LR: 0.000048
Epoch 20, Batch 370/422, Loss: 3.7058, LR: 0.000048
Epoch 20, Batch 380/422, Loss: 3.8944, LR: 0.000048
Epoch 20, Batch 390/422, Loss: 4.0941, LR: 0.000048
Epoch 20, Batch 400/422, Loss: 6.0036, LR: 0.000048
Epoch 20, Batch 410/422, Loss: 3.9496, LR: 0.000048
Epoch 20, Batch 420/422, Loss: 3.9681, LR: 0.000048

Train Loss: 4.1657
Val Loss: 4.5119
mAP@0.50=0.0010, mAP@0.50:0.95=0.0002, Precision=0.0093, Recall=0.0102, F1=0.0097

==================================================
Epoch 21/150
==================================================
Epoch 21, Batch 0/422, Loss: 4.1360, LR: 0.000048
Epoch 21, Batch 10/422, Loss: 3.9803, LR: 0.000048
Epoch 21, Batch 20/422, Loss: 3.4538, LR: 0.000048
Epoch 21, Batch 30/422, Loss: 3.6537, LR: 0.000048
Epoch 21, Batch 40/422, Loss: 4.7547, LR: 0.000048
Epoch 21, Batch 50/422, Loss: 4.2103, LR: 0.000048
Epoch 21, Batch 60/422, Loss: 4.1528, LR: 0.000048
Epoch 21, Batch 70/422, Loss: 4.6855, LR: 0.000048
Epoch 21, Batch 80/422, Loss: 4.3229, LR: 0.000048
Epoch 21, Batch 90/422, Loss: 3.3902, LR: 0.000048
Epoch 21, Batch 100/422, Loss: 4.0483, LR: 0.000048
Epoch 21, Batch 110/422, Loss: 4.4370, LR: 0.000048
Epoch 21, Batch 120/422, Loss: 4.2498, LR: 0.000048
Epoch 21, Batch 130/422, Loss: 4.2238, LR: 0.000048
Epoch 21, Batch 140/422, Loss: 4.2539, LR: 0.000048
Epoch 21, Batch 150/422, Loss: 4.5098, LR: 0.000048
Epoch 21, Batch 160/422, Loss: 3.6571, LR: 0.000048
Epoch 21, Batch 170/422, Loss: 3.3802, LR: 0.000048
Epoch 21, Batch 180/422, Loss: 4.3765, LR: 0.000048
Epoch 21, Batch 190/422, Loss: 3.7350, LR: 0.000048
Epoch 21, Batch 200/422, Loss: 3.9862, LR: 0.000048
Epoch 21, Batch 210/422, Loss: 4.3245, LR: 0.000048
Epoch 21, Batch 220/422, Loss: 3.2605, LR: 0.000048
Epoch 21, Batch 230/422, Loss: 4.7180, LR: 0.000048
Epoch 21, Batch 240/422, Loss: 3.6199, LR: 0.000048
Epoch 21, Batch 250/422, Loss: 4.1091, LR: 0.000048
Epoch 21, Batch 260/422, Loss: 3.6833, LR: 0.000048
Epoch 21, Batch 270/422, Loss: 3.9611, LR: 0.000048
Epoch 21, Batch 280/422, Loss: 4.1446, LR: 0.000048
Epoch 21, Batch 290/422, Loss: 3.9427, LR: 0.000048
Epoch 21, Batch 300/422, Loss: 3.5939, LR: 0.000048
Epoch 21, Batch 310/422, Loss: 3.2095, LR: 0.000048
Epoch 21, Batch 320/422, Loss: 4.4328, LR: 0.000048
Epoch 21, Batch 330/422, Loss: 3.9621, LR: 0.000048
Epoch 21, Batch 340/422, Loss: 3.8777, LR: 0.000048
Epoch 21, Batch 350/422, Loss: 4.0240, LR: 0.000048
Epoch 21, Batch 360/422, Loss: 3.6281, LR: 0.000048
Epoch 21, Batch 370/422, Loss: 3.6406, LR: 0.000048
Epoch 21, Batch 380/422, Loss: 3.3572, LR: 0.000048
Epoch 21, Batch 390/422, Loss: 3.5439, LR: 0.000048
Epoch 21, Batch 400/422, Loss: 4.5609, LR: 0.000048
Epoch 21, Batch 410/422, Loss: 4.3562, LR: 0.000048
Epoch 21, Batch 420/422, Loss: 3.9904, LR: 0.000048

Train Loss: 4.0815
Val Loss: 4.4251
mAP@0.50=0.0023, mAP@0.50:0.95=0.0004, Precision=0.0106, Recall=0.0117, F1=0.0111
Saved best model to aug_checkpoints_efficientdet/best_model.pth

==================================================
Epoch 22/150
==================================================
Epoch 22, Batch 0/422, Loss: 4.2483, LR: 0.000047
Epoch 22, Batch 10/422, Loss: 4.2425, LR: 0.000047
Epoch 22, Batch 20/422, Loss: 3.9195, LR: 0.000047
Epoch 22, Batch 30/422, Loss: 3.9315, LR: 0.000047
Epoch 22, Batch 40/422, Loss: 4.4641, LR: 0.000047
Epoch 22, Batch 50/422, Loss: 4.2268, LR: 0.000047
Epoch 22, Batch 60/422, Loss: 3.9042, LR: 0.000047
Epoch 22, Batch 70/422, Loss: 4.5097, LR: 0.000047
Epoch 22, Batch 80/422, Loss: 3.3686, LR: 0.000047
Epoch 22, Batch 90/422, Loss: 3.4644, LR: 0.000047
Epoch 22, Batch 100/422, Loss: 3.2779, LR: 0.000047
Epoch 22, Batch 110/422, Loss: 4.2654, LR: 0.000047
Epoch 22, Batch 120/422, Loss: 3.6377, LR: 0.000047
Epoch 22, Batch 130/422, Loss: 4.0652, LR: 0.000047
Epoch 22, Batch 140/422, Loss: 4.2680, LR: 0.000047
Epoch 22, Batch 150/422, Loss: 4.3551, LR: 0.000047
Epoch 22, Batch 160/422, Loss: 3.5346, LR: 0.000047
Epoch 22, Batch 170/422, Loss: 4.0634, LR: 0.000047
Epoch 22, Batch 180/422, Loss: 3.5571, LR: 0.000047
Epoch 22, Batch 190/422, Loss: 4.1401, LR: 0.000047
Epoch 22, Batch 200/422, Loss: 4.3413, LR: 0.000047
Epoch 22, Batch 210/422, Loss: 3.6539, LR: 0.000047
Epoch 22, Batch 220/422, Loss: 4.7444, LR: 0.000047
Epoch 22, Batch 230/422, Loss: 4.2034, LR: 0.000047
Epoch 22, Batch 240/422, Loss: 4.5132, LR: 0.000047
Epoch 22, Batch 250/422, Loss: 4.0885, LR: 0.000047
Epoch 22, Batch 260/422, Loss: 4.2332, LR: 0.000047
Epoch 22, Batch 270/422, Loss: 4.1775, LR: 0.000047
Epoch 22, Batch 280/422, Loss: 3.5591, LR: 0.000047
Epoch 22, Batch 290/422, Loss: 3.3120, LR: 0.000047
Epoch 22, Batch 300/422, Loss: 4.0220, LR: 0.000047
Epoch 22, Batch 310/422, Loss: 3.3694, LR: 0.000047
Epoch 22, Batch 320/422, Loss: 3.7125, LR: 0.000047
Epoch 22, Batch 330/422, Loss: 4.0955, LR: 0.000047
Epoch 22, Batch 340/422, Loss: 4.0461, LR: 0.000047
Epoch 22, Batch 350/422, Loss: 3.9290, LR: 0.000047
Epoch 22, Batch 360/422, Loss: 3.6506, LR: 0.000047
Epoch 22, Batch 370/422, Loss: 3.9738, LR: 0.000047
Epoch 22, Batch 380/422, Loss: 3.3434, LR: 0.000047
Epoch 22, Batch 390/422, Loss: 4.1771, LR: 0.000047
Epoch 22, Batch 400/422, Loss: 3.8570, LR: 0.000047
Epoch 22, Batch 410/422, Loss: 3.9360, LR: 0.000047
Epoch 22, Batch 420/422, Loss: 3.9027, LR: 0.000047

Train Loss: 3.9534
Val Loss: 4.3036
mAP@0.50=0.0020, mAP@0.50:0.95=0.0004, Precision=0.0147, Recall=0.0164, F1=0.0155

==================================================
Epoch 23/150
==================================================
Epoch 23, Batch 0/422, Loss: 3.8539, LR: 0.000047
Epoch 23, Batch 10/422, Loss: 3.7220, LR: 0.000047
Epoch 23, Batch 20/422, Loss: 3.9181, LR: 0.000047
Epoch 23, Batch 30/422, Loss: 4.1551, LR: 0.000047
Epoch 23, Batch 40/422, Loss: 3.6579, LR: 0.000047
Epoch 23, Batch 50/422, Loss: 4.1724, LR: 0.000047
Epoch 23, Batch 60/422, Loss: 3.9475, LR: 0.000047
Epoch 23, Batch 70/422, Loss: 4.6776, LR: 0.000047
Epoch 23, Batch 80/422, Loss: 3.3314, LR: 0.000047
Epoch 23, Batch 90/422, Loss: 3.4910, LR: 0.000047
Epoch 23, Batch 100/422, Loss: 3.8239, LR: 0.000047
Epoch 23, Batch 110/422, Loss: 3.7293, LR: 0.000047
Epoch 23, Batch 120/422, Loss: 4.3913, LR: 0.000047
Epoch 23, Batch 130/422, Loss: 4.0740, LR: 0.000047
Epoch 23, Batch 140/422, Loss: 3.7373, LR: 0.000047
Epoch 23, Batch 150/422, Loss: 3.6618, LR: 0.000047
Epoch 23, Batch 160/422, Loss: 4.3164, LR: 0.000047
Epoch 23, Batch 170/422, Loss: 4.3925, LR: 0.000047
Epoch 23, Batch 180/422, Loss: 3.6235, LR: 0.000047
Epoch 23, Batch 190/422, Loss: 3.9130, LR: 0.000047
Epoch 23, Batch 200/422, Loss: 3.8053, LR: 0.000047
Epoch 23, Batch 210/422, Loss: 3.0543, LR: 0.000047
Epoch 23, Batch 220/422, Loss: 4.1211, LR: 0.000047
Epoch 23, Batch 230/422, Loss: 3.4460, LR: 0.000047
Epoch 23, Batch 240/422, Loss: 3.6030, LR: 0.000047
Epoch 23, Batch 250/422, Loss: 4.2147, LR: 0.000047
Epoch 23, Batch 260/422, Loss: 3.9583, LR: 0.000047
Epoch 23, Batch 270/422, Loss: 4.7117, LR: 0.000047
Epoch 23, Batch 280/422, Loss: 4.0300, LR: 0.000047
Epoch 23, Batch 290/422, Loss: 3.8047, LR: 0.000047
Epoch 23, Batch 300/422, Loss: 4.0398, LR: 0.000047
Epoch 23, Batch 310/422, Loss: 3.9961, LR: 0.000047
Epoch 23, Batch 320/422, Loss: 4.0004, LR: 0.000047
Epoch 23, Batch 330/422, Loss: 3.4619, LR: 0.000047
Epoch 23, Batch 340/422, Loss: 3.6939, LR: 0.000047
Epoch 23, Batch 350/422, Loss: 3.5131, LR: 0.000047
Epoch 23, Batch 360/422, Loss: 4.2958, LR: 0.000047
Epoch 23, Batch 370/422, Loss: 3.2514, LR: 0.000047
Epoch 23, Batch 380/422, Loss: 4.0379, LR: 0.000047
Epoch 23, Batch 390/422, Loss: 3.6135, LR: 0.000047
Epoch 23, Batch 400/422, Loss: 4.5928, LR: 0.000047
Epoch 23, Batch 410/422, Loss: 4.3044, LR: 0.000047
Epoch 23, Batch 420/422, Loss: 4.0191, LR: 0.000047

Train Loss: 3.8903
Val Loss: 4.2852
mAP@0.50=0.0025, mAP@0.50:0.95=0.0005, Precision=0.0142, Recall=0.0158, F1=0.0149
Saved best model to aug_checkpoints_efficientdet/best_model.pth

==================================================
Epoch 24/150
==================================================
Epoch 24, Batch 0/422, Loss: 4.1237, LR: 0.000047
Epoch 24, Batch 10/422, Loss: 3.3520, LR: 0.000047
Epoch 24, Batch 20/422, Loss: 3.6824, LR: 0.000047
Epoch 24, Batch 30/422, Loss: 3.7971, LR: 0.000047
Epoch 24, Batch 40/422, Loss: 4.6159, LR: 0.000047
Epoch 24, Batch 50/422, Loss: 3.9935, LR: 0.000047
Epoch 24, Batch 60/422, Loss: 3.4679, LR: 0.000047
Epoch 24, Batch 70/422, Loss: 3.3285, LR: 0.000047
Epoch 24, Batch 80/422, Loss: 4.1424, LR: 0.000047
Epoch 24, Batch 90/422, Loss: 3.9830, LR: 0.000047
Epoch 24, Batch 100/422, Loss: 3.8550, LR: 0.000047
Epoch 24, Batch 110/422, Loss: 3.7803, LR: 0.000047
Epoch 24, Batch 120/422, Loss: 4.2567, LR: 0.000047
Epoch 24, Batch 130/422, Loss: 3.7630, LR: 0.000047
Epoch 24, Batch 140/422, Loss: 3.7560, LR: 0.000047
Epoch 24, Batch 150/422, Loss: 3.6063, LR: 0.000047
Epoch 24, Batch 160/422, Loss: 3.7138, LR: 0.000047
Epoch 24, Batch 170/422, Loss: 3.6259, LR: 0.000047
Epoch 24, Batch 180/422, Loss: 3.8994, LR: 0.000047
Epoch 24, Batch 190/422, Loss: 3.5564, LR: 0.000047
Epoch 24, Batch 200/422, Loss: 3.2603, LR: 0.000047
Epoch 24, Batch 210/422, Loss: 4.3300, LR: 0.000047
Epoch 24, Batch 220/422, Loss: 4.3330, LR: 0.000047
Epoch 24, Batch 230/422, Loss: 3.1983, LR: 0.000047
Epoch 24, Batch 240/422, Loss: 3.8453, LR: 0.000047
Epoch 24, Batch 250/422, Loss: 3.9791, LR: 0.000047
Epoch 24, Batch 260/422, Loss: 3.9657, LR: 0.000047
Epoch 24, Batch 270/422, Loss: 4.1542, LR: 0.000047
Epoch 24, Batch 280/422, Loss: 3.9077, LR: 0.000047
Epoch 24, Batch 290/422, Loss: 3.7914, LR: 0.000047
Epoch 24, Batch 300/422, Loss: 3.8432, LR: 0.000047
Epoch 24, Batch 310/422, Loss: 3.1773, LR: 0.000047
Epoch 24, Batch 320/422, Loss: 3.9612, LR: 0.000047
Epoch 24, Batch 330/422, Loss: 3.4303, LR: 0.000047
Epoch 24, Batch 340/422, Loss: 4.0177, LR: 0.000047
Epoch 24, Batch 350/422, Loss: 3.8275, LR: 0.000047
Epoch 24, Batch 360/422, Loss: 3.6572, LR: 0.000047
Epoch 24, Batch 370/422, Loss: 3.9465, LR: 0.000047
Epoch 24, Batch 380/422, Loss: 3.5428, LR: 0.000047
Epoch 24, Batch 390/422, Loss: 3.8076, LR: 0.000047
Epoch 24, Batch 400/422, Loss: 3.6959, LR: 0.000047
Epoch 24, Batch 410/422, Loss: 3.7545, LR: 0.000047
Epoch 24, Batch 420/422, Loss: 3.5094, LR: 0.000047

Train Loss: 3.7954
Val Loss: 4.2208
mAP@0.50=0.0021, mAP@0.50:0.95=0.0004, Precision=0.0152, Recall=0.0170, F1=0.0161

==================================================
Epoch 25/150
==================================================
Epoch 25, Batch 0/422, Loss: 3.1431, LR: 0.000047
Epoch 25, Batch 10/422, Loss: 3.4312, LR: 0.000047
Epoch 25, Batch 20/422, Loss: 4.0565, LR: 0.000047
Epoch 25, Batch 30/422, Loss: 3.8738, LR: 0.000047
Epoch 25, Batch 40/422, Loss: 4.0266, LR: 0.000047
Epoch 25, Batch 50/422, Loss: 3.6424, LR: 0.000047
Epoch 25, Batch 60/422, Loss: 4.2893, LR: 0.000047
Epoch 25, Batch 70/422, Loss: 4.1760, LR: 0.000047
Epoch 25, Batch 80/422, Loss: 3.0981, LR: 0.000047
Epoch 25, Batch 90/422, Loss: 3.9910, LR: 0.000047
Epoch 25, Batch 100/422, Loss: 4.1248, LR: 0.000047
Epoch 25, Batch 110/422, Loss: 3.8148, LR: 0.000047
Epoch 25, Batch 120/422, Loss: 4.0791, LR: 0.000047
Epoch 25, Batch 130/422, Loss: 3.4046, LR: 0.000047
Epoch 25, Batch 140/422, Loss: 3.8490, LR: 0.000047
Epoch 25, Batch 150/422, Loss: 3.8965, LR: 0.000047
Epoch 25, Batch 160/422, Loss: 3.3424, LR: 0.000047
Epoch 25, Batch 170/422, Loss: 3.9488, LR: 0.000047
Epoch 25, Batch 180/422, Loss: 3.6549, LR: 0.000047
Epoch 25, Batch 190/422, Loss: 3.8344, LR: 0.000047
Epoch 25, Batch 200/422, Loss: 3.6664, LR: 0.000047
Epoch 25, Batch 210/422, Loss: 3.7850, LR: 0.000047
Epoch 25, Batch 220/422, Loss: 4.4071, LR: 0.000047
Epoch 25, Batch 230/422, Loss: 3.8235, LR: 0.000047
Epoch 25, Batch 240/422, Loss: 3.6593, LR: 0.000047
Epoch 25, Batch 250/422, Loss: 4.2752, LR: 0.000047
Epoch 25, Batch 260/422, Loss: 4.2138, LR: 0.000047
Epoch 25, Batch 270/422, Loss: 2.9944, LR: 0.000047
Epoch 25, Batch 280/422, Loss: 3.9022, LR: 0.000047
Epoch 25, Batch 290/422, Loss: 3.8800, LR: 0.000047
Epoch 25, Batch 300/422, Loss: 3.7010, LR: 0.000047
Epoch 25, Batch 310/422, Loss: 3.6615, LR: 0.000047
Epoch 25, Batch 320/422, Loss: 3.4550, LR: 0.000047
Epoch 25, Batch 330/422, Loss: 3.7584, LR: 0.000047
Epoch 25, Batch 340/422, Loss: 2.3596, LR: 0.000047
Epoch 25, Batch 350/422, Loss: 3.2557, LR: 0.000047
Epoch 25, Batch 360/422, Loss: 4.0838, LR: 0.000047
Epoch 25, Batch 370/422, Loss: 3.9771, LR: 0.000047
Epoch 25, Batch 380/422, Loss: 3.5417, LR: 0.000047
Epoch 25, Batch 390/422, Loss: 4.1760, LR: 0.000047
Epoch 25, Batch 400/422, Loss: 3.7534, LR: 0.000047
Epoch 25, Batch 410/422, Loss: 4.1539, LR: 0.000047
Epoch 25, Batch 420/422, Loss: 3.5620, LR: 0.000047

Train Loss: 3.7521
Val Loss: 4.2449
mAP@0.50=0.0017, mAP@0.50:0.95=0.0003, Precision=0.0116, Recall=0.0130, F1=0.0122

==================================================
Epoch 26/150
==================================================
Epoch 26, Batch 0/422, Loss: 3.8334, LR: 0.000046
Epoch 26, Batch 10/422, Loss: 3.9979, LR: 0.000046
Epoch 26, Batch 20/422, Loss: 4.0406, LR: 0.000046
Epoch 26, Batch 30/422, Loss: 3.3455, LR: 0.000046
Epoch 26, Batch 40/422, Loss: 3.6266, LR: 0.000046
Epoch 26, Batch 50/422, Loss: 3.8224, LR: 0.000046
Epoch 26, Batch 60/422, Loss: 3.7106, LR: 0.000046
Epoch 26, Batch 70/422, Loss: 3.6257, LR: 0.000046
Epoch 26, Batch 80/422, Loss: 3.4328, LR: 0.000046
Epoch 26, Batch 90/422, Loss: 4.0146, LR: 0.000046
Epoch 26, Batch 100/422, Loss: 3.5591, LR: 0.000046
Epoch 26, Batch 110/422, Loss: 3.7729, LR: 0.000046
Epoch 26, Batch 120/422, Loss: 4.0504, LR: 0.000046
Epoch 26, Batch 130/422, Loss: 2.4734, LR: 0.000046
Epoch 26, Batch 140/422, Loss: 3.8511, LR: 0.000046
Epoch 26, Batch 150/422, Loss: 4.2897, LR: 0.000046
Epoch 26, Batch 160/422, Loss: 3.0721, LR: 0.000046
Epoch 26, Batch 170/422, Loss: 4.0350, LR: 0.000046
Epoch 26, Batch 180/422, Loss: 4.4051, LR: 0.000046
Epoch 26, Batch 190/422, Loss: 4.2994, LR: 0.000046
Epoch 26, Batch 200/422, Loss: 3.6104, LR: 0.000046
Epoch 26, Batch 210/422, Loss: 3.5735, LR: 0.000046
Epoch 26, Batch 220/422, Loss: 3.5610, LR: 0.000046
Epoch 26, Batch 230/422, Loss: 3.9005, LR: 0.000046
Epoch 26, Batch 240/422, Loss: 3.9454, LR: 0.000046
Epoch 26, Batch 250/422, Loss: 3.7694, LR: 0.000046
Epoch 26, Batch 260/422, Loss: 3.8736, LR: 0.000046
Epoch 26, Batch 270/422, Loss: 4.4966, LR: 0.000046
Epoch 26, Batch 280/422, Loss: 3.4270, LR: 0.000046
Epoch 26, Batch 290/422, Loss: 2.7834, LR: 0.000046
Epoch 26, Batch 300/422, Loss: 3.4755, LR: 0.000046
Epoch 26, Batch 310/422, Loss: 3.4974, LR: 0.000046
Epoch 26, Batch 320/422, Loss: 4.0691, LR: 0.000046
Epoch 26, Batch 330/422, Loss: 3.4103, LR: 0.000046
Epoch 26, Batch 340/422, Loss: 4.2876, LR: 0.000046
Epoch 26, Batch 350/422, Loss: 4.0696, LR: 0.000046
Epoch 26, Batch 360/422, Loss: 4.1905, LR: 0.000046
Epoch 26, Batch 370/422, Loss: 2.8436, LR: 0.000046
Epoch 26, Batch 380/422, Loss: 3.5743, LR: 0.000046
Epoch 26, Batch 390/422, Loss: 3.6470, LR: 0.000046
Epoch 26, Batch 400/422, Loss: 3.9310, LR: 0.000046
Epoch 26, Batch 410/422, Loss: 3.9217, LR: 0.000046
Epoch 26, Batch 420/422, Loss: 3.9902, LR: 0.000046

Train Loss: 3.6697
Val Loss: 4.1988
mAP@0.50=0.0026, mAP@0.50:0.95=0.0006, Precision=0.0155, Recall=0.0170, F1=0.0162
Saved best model to aug_checkpoints_efficientdet/best_model.pth

==================================================
Epoch 27/150
==================================================
Epoch 27, Batch 0/422, Loss: 3.3809, LR: 0.000046
Epoch 27, Batch 10/422, Loss: 2.6625, LR: 0.000046
Epoch 27, Batch 20/422, Loss: 2.7285, LR: 0.000046
Epoch 27, Batch 30/422, Loss: 4.0235, LR: 0.000046
Epoch 27, Batch 40/422, Loss: 4.1455, LR: 0.000046
Epoch 27, Batch 50/422, Loss: 3.9750, LR: 0.000046
Epoch 27, Batch 60/422, Loss: 3.7387, LR: 0.000046
Epoch 27, Batch 70/422, Loss: 4.1429, LR: 0.000046
Epoch 27, Batch 80/422, Loss: 3.5593, LR: 0.000046
Epoch 27, Batch 90/422, Loss: 3.4098, LR: 0.000046
Epoch 27, Batch 100/422, Loss: 3.5574, LR: 0.000046
Epoch 27, Batch 110/422, Loss: 4.0543, LR: 0.000046
Epoch 27, Batch 120/422, Loss: 3.6795, LR: 0.000046
Epoch 27, Batch 130/422, Loss: 3.9106, LR: 0.000046
Epoch 27, Batch 140/422, Loss: 2.7305, LR: 0.000046
Epoch 27, Batch 150/422, Loss: 2.9684, LR: 0.000046
Epoch 27, Batch 160/422, Loss: 3.1343, LR: 0.000046
Epoch 27, Batch 170/422, Loss: 4.0474, LR: 0.000046
Epoch 27, Batch 180/422, Loss: 3.1173, LR: 0.000046
Epoch 27, Batch 190/422, Loss: 3.9365, LR: 0.000046
Epoch 27, Batch 200/422, Loss: 2.7705, LR: 0.000046
Epoch 27, Batch 210/422, Loss: 3.4333, LR: 0.000046
Epoch 27, Batch 220/422, Loss: 3.5071, LR: 0.000046
Epoch 27, Batch 230/422, Loss: 3.7264, LR: 0.000046
Epoch 27, Batch 240/422, Loss: 2.9342, LR: 0.000046
Epoch 27, Batch 250/422, Loss: 3.4981, LR: 0.000046
Epoch 27, Batch 260/422, Loss: 3.9957, LR: 0.000046
Epoch 27, Batch 270/422, Loss: 2.9748, LR: 0.000046
Epoch 27, Batch 280/422, Loss: 3.5162, LR: 0.000046
Epoch 27, Batch 290/422, Loss: 3.9593, LR: 0.000046
Epoch 27, Batch 300/422, Loss: 4.0338, LR: 0.000046
Epoch 27, Batch 310/422, Loss: 3.4865, LR: 0.000046
Epoch 27, Batch 320/422, Loss: 2.8008, LR: 0.000046
Epoch 27, Batch 330/422, Loss: 3.5153, LR: 0.000046
Epoch 27, Batch 340/422, Loss: 4.0919, LR: 0.000046
Epoch 27, Batch 350/422, Loss: 3.4787, LR: 0.000046
Epoch 27, Batch 360/422, Loss: 3.9344, LR: 0.000046
Epoch 27, Batch 370/422, Loss: 3.1617, LR: 0.000046
Epoch 27, Batch 380/422, Loss: 3.6969, LR: 0.000046
Epoch 27, Batch 390/422, Loss: 3.6830, LR: 0.000046
Epoch 27, Batch 400/422, Loss: 3.6967, LR: 0.000046
Epoch 27, Batch 410/422, Loss: 3.0844, LR: 0.000046
Epoch 27, Batch 420/422, Loss: 3.4207, LR: 0.000046

Train Loss: 3.5681
Val Loss: 4.3160
mAP@0.50=0.0034, mAP@0.50:0.95=0.0009, Precision=0.0185, Recall=0.0204, F1=0.0194
Saved best model to aug_checkpoints_efficientdet/best_model.pth

==================================================
Epoch 28/150
==================================================
Epoch 28, Batch 0/422, Loss: 3.8623, LR: 0.000046
Epoch 28, Batch 10/422, Loss: 3.4787, LR: 0.000046
Epoch 28, Batch 20/422, Loss: 3.0995, LR: 0.000046
Epoch 28, Batch 30/422, Loss: 3.6261, LR: 0.000046
Epoch 28, Batch 40/422, Loss: 4.1941, LR: 0.000046
Epoch 28, Batch 50/422, Loss: 3.3386, LR: 0.000046
Epoch 28, Batch 60/422, Loss: 3.6566, LR: 0.000046
Epoch 28, Batch 70/422, Loss: 3.2767, LR: 0.000046
Epoch 28, Batch 80/422, Loss: 3.9356, LR: 0.000046
Epoch 28, Batch 90/422, Loss: 2.9893, LR: 0.000046
Epoch 28, Batch 100/422, Loss: 3.4303, LR: 0.000046
Epoch 28, Batch 110/422, Loss: 3.0984, LR: 0.000046
Epoch 28, Batch 120/422, Loss: 4.1763, LR: 0.000046
Epoch 28, Batch 130/422, Loss: 3.8154, LR: 0.000046
Epoch 28, Batch 140/422, Loss: 3.4188, LR: 0.000046
Epoch 28, Batch 150/422, Loss: 3.0253, LR: 0.000046
Epoch 28, Batch 160/422, Loss: 3.3935, LR: 0.000046
Epoch 28, Batch 170/422, Loss: 3.9034, LR: 0.000046
Epoch 28, Batch 180/422, Loss: 3.0456, LR: 0.000046
Epoch 28, Batch 190/422, Loss: 3.2745, LR: 0.000046
Epoch 28, Batch 200/422, Loss: 3.3226, LR: 0.000046
Epoch 28, Batch 210/422, Loss: 3.1988, LR: 0.000046
Epoch 28, Batch 220/422, Loss: 3.0938, LR: 0.000046
Epoch 28, Batch 230/422, Loss: 3.2744, LR: 0.000046
Epoch 28, Batch 240/422, Loss: 3.6261, LR: 0.000046
Epoch 28, Batch 250/422, Loss: 3.7057, LR: 0.000046
Epoch 28, Batch 260/422, Loss: 4.1121, LR: 0.000046
Epoch 28, Batch 270/422, Loss: 2.3795, LR: 0.000046
Epoch 28, Batch 280/422, Loss: 3.5683, LR: 0.000046
Epoch 28, Batch 290/422, Loss: 3.7703, LR: 0.000046
Epoch 28, Batch 300/422, Loss: 3.9695, LR: 0.000046
Epoch 28, Batch 310/422, Loss: 3.7666, LR: 0.000046
Epoch 28, Batch 320/422, Loss: 3.3408, LR: 0.000046
Epoch 28, Batch 330/422, Loss: 3.8095, LR: 0.000046
Epoch 28, Batch 340/422, Loss: 3.4320, LR: 0.000046
Epoch 28, Batch 350/422, Loss: 3.6061, LR: 0.000046
Epoch 28, Batch 360/422, Loss: 3.2259, LR: 0.000046
Epoch 28, Batch 370/422, Loss: 3.2749, LR: 0.000046
Epoch 28, Batch 380/422, Loss: 3.5813, LR: 0.000046
Epoch 28, Batch 390/422, Loss: 3.3713, LR: 0.000046
Epoch 28, Batch 400/422, Loss: 3.9982, LR: 0.000046
Epoch 28, Batch 410/422, Loss: 3.9474, LR: 0.000046
Epoch 28, Batch 420/422, Loss: 3.6161, LR: 0.000046

Train Loss: 3.5244
Val Loss: 4.3301
mAP@0.50=0.0035, mAP@0.50:0.95=0.0009, Precision=0.0182, Recall=0.0201, F1=0.0191
Saved best model to aug_checkpoints_efficientdet/best_model.pth

==================================================
Epoch 29/150
==================================================
Epoch 29, Batch 0/422, Loss: 3.1910, LR: 0.000046
Epoch 29, Batch 10/422, Loss: 3.9188, LR: 0.000046
Epoch 29, Batch 20/422, Loss: 4.1264, LR: 0.000046
Epoch 29, Batch 30/422, Loss: 2.8290, LR: 0.000046
Epoch 29, Batch 40/422, Loss: 3.6483, LR: 0.000046
Epoch 29, Batch 50/422, Loss: 3.5299, LR: 0.000046
Epoch 29, Batch 60/422, Loss: 2.9487, LR: 0.000046
Epoch 29, Batch 70/422, Loss: 3.8172, LR: 0.000046
Epoch 29, Batch 80/422, Loss: 3.9088, LR: 0.000046
Epoch 29, Batch 90/422, Loss: 3.2563, LR: 0.000046
Epoch 29, Batch 100/422, Loss: 3.1708, LR: 0.000046
Epoch 29, Batch 110/422, Loss: 4.0477, LR: 0.000046
Epoch 29, Batch 120/422, Loss: 3.6890, LR: 0.000046
Epoch 29, Batch 130/422, Loss: 3.8803, LR: 0.000046
Epoch 29, Batch 140/422, Loss: 3.5521, LR: 0.000046
Epoch 29, Batch 150/422, Loss: 3.0225, LR: 0.000046
Epoch 29, Batch 160/422, Loss: 3.4880, LR: 0.000046
Epoch 29, Batch 170/422, Loss: 3.2330, LR: 0.000046
Epoch 29, Batch 180/422, Loss: 3.4360, LR: 0.000046
Epoch 29, Batch 190/422, Loss: 3.3967, LR: 0.000046
Epoch 29, Batch 200/422, Loss: 3.3981, LR: 0.000046
Epoch 29, Batch 210/422, Loss: 3.4983, LR: 0.000046
Epoch 29, Batch 220/422, Loss: 3.3987, LR: 0.000046
Epoch 29, Batch 230/422, Loss: 3.5834, LR: 0.000046
Epoch 29, Batch 240/422, Loss: 3.3292, LR: 0.000046
Epoch 29, Batch 250/422, Loss: 3.6499, LR: 0.000046
Epoch 29, Batch 260/422, Loss: 3.0819, LR: 0.000046
Epoch 29, Batch 270/422, Loss: 3.4005, LR: 0.000046
Epoch 29, Batch 280/422, Loss: 3.6075, LR: 0.000046
Epoch 29, Batch 290/422, Loss: 2.5279, LR: 0.000046
Epoch 29, Batch 300/422, Loss: 3.4784, LR: 0.000046
Epoch 29, Batch 310/422, Loss: 3.0384, LR: 0.000046
Epoch 29, Batch 320/422, Loss: 3.1899, LR: 0.000046
Epoch 29, Batch 330/422, Loss: 3.2407, LR: 0.000046
Epoch 29, Batch 340/422, Loss: 2.7183, LR: 0.000046
Epoch 29, Batch 350/422, Loss: 4.2686, LR: 0.000046
Epoch 29, Batch 360/422, Loss: 3.2094, LR: 0.000046
Epoch 29, Batch 370/422, Loss: 2.7347, LR: 0.000046
Epoch 29, Batch 380/422, Loss: 3.2366, LR: 0.000046
Epoch 29, Batch 390/422, Loss: 3.5634, LR: 0.000046
Epoch 29, Batch 400/422, Loss: 3.6699, LR: 0.000046
Epoch 29, Batch 410/422, Loss: 3.3055, LR: 0.000046
Epoch 29, Batch 420/422, Loss: 3.6921, LR: 0.000046

Train Loss: 3.4396
Val Loss: 4.2932
mAP@0.50=0.0036, mAP@0.50:0.95=0.0009, Precision=0.0182, Recall=0.0201, F1=0.0191
Saved best model to aug_checkpoints_efficientdet/best_model.pth

==================================================
Epoch 30/150
==================================================
Epoch 30, Batch 0/422, Loss: 3.6596, LR: 0.000045
Epoch 30, Batch 10/422, Loss: 3.1387, LR: 0.000045
Epoch 30, Batch 20/422, Loss: 3.5254, LR: 0.000045
Epoch 30, Batch 30/422, Loss: 3.4632, LR: 0.000045
Epoch 30, Batch 40/422, Loss: 3.7164, LR: 0.000045
Epoch 30, Batch 50/422, Loss: 3.4929, LR: 0.000045
Epoch 30, Batch 60/422, Loss: 3.2337, LR: 0.000045
Epoch 30, Batch 70/422, Loss: 3.7729, LR: 0.000045
Epoch 30, Batch 80/422, Loss: 3.7862, LR: 0.000045
Epoch 30, Batch 90/422, Loss: 3.7183, LR: 0.000045
Epoch 30, Batch 100/422, Loss: 2.8079, LR: 0.000045
Epoch 30, Batch 110/422, Loss: 3.5221, LR: 0.000045
Epoch 30, Batch 120/422, Loss: 3.5701, LR: 0.000045
Epoch 30, Batch 130/422, Loss: 3.6237, LR: 0.000045
Epoch 30, Batch 140/422, Loss: 3.1191, LR: 0.000045
Epoch 30, Batch 150/422, Loss: 3.1347, LR: 0.000045
Epoch 30, Batch 160/422, Loss: 3.3575, LR: 0.000045
Epoch 30, Batch 170/422, Loss: 3.3761, LR: 0.000045
Epoch 30, Batch 180/422, Loss: 3.6896, LR: 0.000045
Epoch 30, Batch 190/422, Loss: 2.7943, LR: 0.000045
Epoch 30, Batch 200/422, Loss: 3.2820, LR: 0.000045
Epoch 30, Batch 210/422, Loss: 2.9421, LR: 0.000045
Epoch 30, Batch 220/422, Loss: 3.3487, LR: 0.000045
Epoch 30, Batch 230/422, Loss: 3.6374, LR: 0.000045
Epoch 30, Batch 240/422, Loss: 3.2975, LR: 0.000045
Epoch 30, Batch 250/422, Loss: 3.7583, LR: 0.000045
Epoch 30, Batch 260/422, Loss: 3.3865, LR: 0.000045
Epoch 30, Batch 270/422, Loss: 3.2293, LR: 0.000045
Epoch 30, Batch 280/422, Loss: 3.5080, LR: 0.000045
Epoch 30, Batch 290/422, Loss: 3.6811, LR: 0.000045
Epoch 30, Batch 300/422, Loss: 3.3816, LR: 0.000045
Epoch 30, Batch 310/422, Loss: 3.5915, LR: 0.000045
Epoch 30, Batch 320/422, Loss: 3.4135, LR: 0.000045
Epoch 30, Batch 330/422, Loss: 2.8850, LR: 0.000045
Epoch 30, Batch 340/422, Loss: 3.3977, LR: 0.000045
Epoch 30, Batch 350/422, Loss: 3.0625, LR: 0.000045
Epoch 30, Batch 360/422, Loss: 2.7682, LR: 0.000045
Epoch 30, Batch 370/422, Loss: 3.0672, LR: 0.000045
Epoch 30, Batch 380/422, Loss: 3.2967, LR: 0.000045
Epoch 30, Batch 390/422, Loss: 3.1156, LR: 0.000045
Epoch 30, Batch 400/422, Loss: 3.7812, LR: 0.000045
Epoch 30, Batch 410/422, Loss: 3.2790, LR: 0.000045
Epoch 30, Batch 420/422, Loss: 3.5332, LR: 0.000045

Train Loss: 3.3995
Val Loss: 4.2412
mAP@0.50=0.0031, mAP@0.50:0.95=0.0006, Precision=0.0151, Recall=0.0167, F1=0.0159

==================================================
Epoch 31/150
==================================================
Epoch 31, Batch 0/422, Loss: 3.3486, LR: 0.000045
Epoch 31, Batch 10/422, Loss: 3.2717, LR: 0.000045
Epoch 31, Batch 20/422, Loss: 3.5126, LR: 0.000045
Epoch 31, Batch 30/422, Loss: 3.4105, LR: 0.000045
Epoch 31, Batch 40/422, Loss: 2.8414, LR: 0.000045
Epoch 31, Batch 50/422, Loss: 3.0823, LR: 0.000045
Epoch 31, Batch 60/422, Loss: 3.4674, LR: 0.000045
Epoch 31, Batch 70/422, Loss: 3.1109, LR: 0.000045
Epoch 31, Batch 80/422, Loss: 3.2406, LR: 0.000045
Epoch 31, Batch 90/422, Loss: 3.3068, LR: 0.000045
Epoch 31, Batch 100/422, Loss: 3.6826, LR: 0.000045
Epoch 31, Batch 110/422, Loss: 3.4601, LR: 0.000045
Epoch 31, Batch 120/422, Loss: 2.9823, LR: 0.000045
Epoch 31, Batch 130/422, Loss: 3.1980, LR: 0.000045
Epoch 31, Batch 140/422, Loss: 3.1834, LR: 0.000045
Epoch 31, Batch 150/422, Loss: 2.9589, LR: 0.000045
Epoch 31, Batch 160/422, Loss: 3.6742, LR: 0.000045
Epoch 31, Batch 170/422, Loss: 4.0172, LR: 0.000045
Epoch 31, Batch 180/422, Loss: 3.2002, LR: 0.000045
Epoch 31, Batch 190/422, Loss: 3.2378, LR: 0.000045
Epoch 31, Batch 200/422, Loss: 3.1358, LR: 0.000045
Epoch 31, Batch 210/422, Loss: 3.0493, LR: 0.000045
Epoch 31, Batch 220/422, Loss: 3.0852, LR: 0.000045
Epoch 31, Batch 230/422, Loss: 3.2367, LR: 0.000045
Epoch 31, Batch 240/422, Loss: 3.2092, LR: 0.000045
Epoch 31, Batch 250/422, Loss: 3.1178, LR: 0.000045
Epoch 31, Batch 260/422, Loss: 3.8526, LR: 0.000045
Epoch 31, Batch 270/422, Loss: 3.4539, LR: 0.000045
Epoch 31, Batch 280/422, Loss: 2.7272, LR: 0.000045
Epoch 31, Batch 290/422, Loss: 3.4967, LR: 0.000045
Epoch 31, Batch 300/422, Loss: 3.3800, LR: 0.000045
Epoch 31, Batch 310/422, Loss: 2.7435, LR: 0.000045
Epoch 31, Batch 320/422, Loss: 3.2178, LR: 0.000045
Epoch 31, Batch 330/422, Loss: 3.3227, LR: 0.000045
Epoch 31, Batch 340/422, Loss: 3.3799, LR: 0.000045
Epoch 31, Batch 350/422, Loss: 3.0775, LR: 0.000045
Epoch 31, Batch 360/422, Loss: 3.0996, LR: 0.000045
Epoch 31, Batch 370/422, Loss: 3.0994, LR: 0.000045
Epoch 31, Batch 380/422, Loss: 3.0465, LR: 0.000045
Epoch 31, Batch 390/422, Loss: 2.9582, LR: 0.000045
Epoch 31, Batch 400/422, Loss: 3.3394, LR: 0.000045
Epoch 31, Batch 410/422, Loss: 2.9222, LR: 0.000045
Epoch 31, Batch 420/422, Loss: 3.3418, LR: 0.000045

Train Loss: 3.2486
Val Loss: 4.1914
mAP@0.50=0.0049, mAP@0.50:0.95=0.0013, Precision=0.0229, Recall=0.0253, F1=0.0241
Saved best model to aug_checkpoints_efficientdet/best_model.pth

==================================================
Epoch 32/150
==================================================
Epoch 32, Batch 0/422, Loss: 2.8696, LR: 0.000045
Epoch 32, Batch 10/422, Loss: 3.3200, LR: 0.000045
Epoch 32, Batch 20/422, Loss: 2.9944, LR: 0.000045
Epoch 32, Batch 30/422, Loss: 3.5620, LR: 0.000045
Epoch 32, Batch 40/422, Loss: 2.7949, LR: 0.000045
Epoch 32, Batch 50/422, Loss: 2.6398, LR: 0.000045
Epoch 32, Batch 60/422, Loss: 3.2376, LR: 0.000045
Epoch 32, Batch 70/422, Loss: 3.5867, LR: 0.000045
Epoch 32, Batch 80/422, Loss: 3.1820, LR: 0.000045
Epoch 32, Batch 90/422, Loss: 3.1342, LR: 0.000045
Epoch 32, Batch 100/422, Loss: 3.2006, LR: 0.000045
Epoch 32, Batch 110/422, Loss: 3.1796, LR: 0.000045
Epoch 32, Batch 120/422, Loss: 3.4014, LR: 0.000045
Epoch 32, Batch 130/422, Loss: 2.4301, LR: 0.000045
Epoch 32, Batch 140/422, Loss: 3.0046, LR: 0.000045
Epoch 32, Batch 150/422, Loss: 3.2781, LR: 0.000045
Epoch 32, Batch 160/422, Loss: 3.6782, LR: 0.000045
Epoch 32, Batch 170/422, Loss: 3.5106, LR: 0.000045
Epoch 32, Batch 180/422, Loss: 3.3898, LR: 0.000045
Epoch 32, Batch 190/422, Loss: 3.3579, LR: 0.000045
Epoch 32, Batch 200/422, Loss: 3.3068, LR: 0.000045
Epoch 32, Batch 210/422, Loss: 3.4200, LR: 0.000045
Epoch 32, Batch 220/422, Loss: 2.9214, LR: 0.000045
Epoch 32, Batch 230/422, Loss: 3.3143, LR: 0.000045
Epoch 32, Batch 240/422, Loss: 3.4775, LR: 0.000045
Epoch 32, Batch 250/422, Loss: 3.8659, LR: 0.000045
Epoch 32, Batch 260/422, Loss: 3.3879, LR: 0.000045
Epoch 32, Batch 270/422, Loss: 2.9065, LR: 0.000045
Epoch 32, Batch 280/422, Loss: 3.4279, LR: 0.000045
Epoch 32, Batch 290/422, Loss: 3.5475, LR: 0.000045
Epoch 32, Batch 300/422, Loss: 3.3945, LR: 0.000045
Epoch 32, Batch 310/422, Loss: 3.3685, LR: 0.000045
Epoch 32, Batch 320/422, Loss: 3.3515, LR: 0.000045
Epoch 32, Batch 330/422, Loss: 3.6355, LR: 0.000045
Epoch 32, Batch 340/422, Loss: 3.1286, LR: 0.000045
Epoch 32, Batch 350/422, Loss: 3.2289, LR: 0.000045
Epoch 32, Batch 360/422, Loss: 3.5399, LR: 0.000045
Epoch 32, Batch 370/422, Loss: 3.2497, LR: 0.000045
Epoch 32, Batch 380/422, Loss: 3.5232, LR: 0.000045
Epoch 32, Batch 390/422, Loss: 3.7755, LR: 0.000045
Epoch 32, Batch 400/422, Loss: 3.3824, LR: 0.000045
Epoch 32, Batch 410/422, Loss: 2.6493, LR: 0.000045
Epoch 32, Batch 420/422, Loss: 3.1967, LR: 0.000045

Train Loss: 3.2102
Val Loss: 4.3188
mAP@0.50=0.0037, mAP@0.50:0.95=0.0007, Precision=0.0222, Recall=0.0244, F1=0.0233

==================================================
Epoch 33/150
==================================================
Epoch 33, Batch 0/422, Loss: 3.2740, LR: 0.000044
Epoch 33, Batch 10/422, Loss: 3.2547, LR: 0.000044
Epoch 33, Batch 20/422, Loss: 2.9979, LR: 0.000044
Epoch 33, Batch 30/422, Loss: 2.7994, LR: 0.000044
Epoch 33, Batch 40/422, Loss: 3.2535, LR: 0.000044
Epoch 33, Batch 50/422, Loss: 3.2931, LR: 0.000044
Epoch 33, Batch 60/422, Loss: 3.8036, LR: 0.000044
Epoch 33, Batch 70/422, Loss: 3.2793, LR: 0.000044
Epoch 33, Batch 80/422, Loss: 2.8905, LR: 0.000044
Epoch 33, Batch 90/422, Loss: 2.9442, LR: 0.000044
Epoch 33, Batch 100/422, Loss: 2.7074, LR: 0.000044
Epoch 33, Batch 110/422, Loss: 3.6655, LR: 0.000044
Epoch 33, Batch 120/422, Loss: 3.1711, LR: 0.000044
Epoch 33, Batch 130/422, Loss: 3.1942, LR: 0.000044
Epoch 33, Batch 140/422, Loss: 3.1813, LR: 0.000044
Epoch 33, Batch 150/422, Loss: 2.9110, LR: 0.000044
Epoch 33, Batch 160/422, Loss: 3.0768, LR: 0.000044
Epoch 33, Batch 170/422, Loss: 3.5838, LR: 0.000044
Epoch 33, Batch 180/422, Loss: 2.7284, LR: 0.000044
Epoch 33, Batch 190/422, Loss: 2.6606, LR: 0.000044
Epoch 33, Batch 200/422, Loss: 3.1648, LR: 0.000044
Epoch 33, Batch 210/422, Loss: 2.6725, LR: 0.000044
Epoch 33, Batch 220/422, Loss: 3.2799, LR: 0.000044
Epoch 33, Batch 230/422, Loss: 3.0599, LR: 0.000044
Epoch 33, Batch 240/422, Loss: 3.5176, LR: 0.000044
Epoch 33, Batch 250/422, Loss: 2.6971, LR: 0.000044
Epoch 33, Batch 260/422, Loss: 3.1003, LR: 0.000044
Epoch 33, Batch 270/422, Loss: 3.1038, LR: 0.000044
Epoch 33, Batch 280/422, Loss: 3.0682, LR: 0.000044
Epoch 33, Batch 290/422, Loss: 3.1769, LR: 0.000044
Epoch 33, Batch 300/422, Loss: 3.6884, LR: 0.000044
Epoch 33, Batch 310/422, Loss: 2.6092, LR: 0.000044
Epoch 33, Batch 320/422, Loss: 3.1352, LR: 0.000044
Epoch 33, Batch 330/422, Loss: 3.0044, LR: 0.000044
Epoch 33, Batch 340/422, Loss: 3.1525, LR: 0.000044
Epoch 33, Batch 350/422, Loss: 3.4153, LR: 0.000044
Epoch 33, Batch 360/422, Loss: 2.9043, LR: 0.000044
Epoch 33, Batch 370/422, Loss: 2.8900, LR: 0.000044
Epoch 33, Batch 380/422, Loss: 3.5158, LR: 0.000044
Epoch 33, Batch 390/422, Loss: 3.5038, LR: 0.000044
Epoch 33, Batch 400/422, Loss: 2.6186, LR: 0.000044
Epoch 33, Batch 410/422, Loss: 2.4767, LR: 0.000044
Epoch 33, Batch 420/422, Loss: 3.2190, LR: 0.000044

Train Loss: 3.0922
Val Loss: 4.2793
mAP@0.50=0.0032, mAP@0.50:0.95=0.0007, Precision=0.0193, Recall=0.0213, F1=0.0202

==================================================
Epoch 34/150
==================================================
Epoch 34, Batch 0/422, Loss: 3.1989, LR: 0.000044
Epoch 34, Batch 10/422, Loss: 2.4724, LR: 0.000044
Epoch 34, Batch 20/422, Loss: 3.0476, LR: 0.000044
Epoch 34, Batch 30/422, Loss: 3.2702, LR: 0.000044
Epoch 34, Batch 40/422, Loss: 3.0955, LR: 0.000044
Epoch 34, Batch 50/422, Loss: 3.5038, LR: 0.000044
Epoch 34, Batch 60/422, Loss: 3.4296, LR: 0.000044
Epoch 34, Batch 70/422, Loss: 2.8301, LR: 0.000044
Epoch 34, Batch 80/422, Loss: 2.9663, LR: 0.000044
Epoch 34, Batch 90/422, Loss: 3.2055, LR: 0.000044
Epoch 34, Batch 100/422, Loss: 2.9784, LR: 0.000044
Epoch 34, Batch 110/422, Loss: 2.7998, LR: 0.000044
Epoch 34, Batch 120/422, Loss: 3.0919, LR: 0.000044
Epoch 34, Batch 130/422, Loss: 3.2680, LR: 0.000044
Epoch 34, Batch 140/422, Loss: 2.8993, LR: 0.000044
Epoch 34, Batch 150/422, Loss: 2.8947, LR: 0.000044
Epoch 34, Batch 160/422, Loss: 2.6045, LR: 0.000044
Epoch 34, Batch 170/422, Loss: 2.8304, LR: 0.000044
Epoch 34, Batch 180/422, Loss: 2.8007, LR: 0.000044
Epoch 34, Batch 190/422, Loss: 3.4302, LR: 0.000044
Epoch 34, Batch 200/422, Loss: 2.9694, LR: 0.000044
Epoch 34, Batch 210/422, Loss: 2.5854, LR: 0.000044
Epoch 34, Batch 220/422, Loss: 2.4455, LR: 0.000044
Epoch 34, Batch 230/422, Loss: 3.3817, LR: 0.000044
Epoch 34, Batch 240/422, Loss: 3.1766, LR: 0.000044
Epoch 34, Batch 250/422, Loss: 2.9261, LR: 0.000044
Epoch 34, Batch 260/422, Loss: 2.4660, LR: 0.000044
Epoch 34, Batch 270/422, Loss: 3.0088, LR: 0.000044
Epoch 34, Batch 280/422, Loss: 2.9104, LR: 0.000044
Epoch 34, Batch 290/422, Loss: 3.0921, LR: 0.000044
Epoch 34, Batch 300/422, Loss: 3.4144, LR: 0.000044
Epoch 34, Batch 310/422, Loss: 3.1619, LR: 0.000044
Epoch 34, Batch 320/422, Loss: 3.1685, LR: 0.000044
Epoch 34, Batch 330/422, Loss: 3.3890, LR: 0.000044
Epoch 34, Batch 340/422, Loss: 2.9423, LR: 0.000044
Epoch 34, Batch 350/422, Loss: 2.7758, LR: 0.000044
Epoch 34, Batch 360/422, Loss: 2.8714, LR: 0.000044
Epoch 34, Batch 370/422, Loss: 2.9729, LR: 0.000044
Epoch 34, Batch 380/422, Loss: 3.3180, LR: 0.000044
Epoch 34, Batch 390/422, Loss: 2.7855, LR: 0.000044
Epoch 34, Batch 400/422, Loss: 2.9090, LR: 0.000044
Epoch 34, Batch 410/422, Loss: 3.1920, LR: 0.000044
Epoch 34, Batch 420/422, Loss: 2.9800, LR: 0.000044

Train Loss: 2.9844
Val Loss: 4.2925
mAP@0.50=0.0057, mAP@0.50:0.95=0.0015, Precision=0.0237, Recall=0.0263, F1=0.0249
Saved best model to aug_checkpoints_efficientdet/best_model.pth

==================================================
Epoch 35/150
==================================================
Epoch 35, Batch 0/422, Loss: 3.4213, LR: 0.000044
Epoch 35, Batch 10/422, Loss: 3.2395, LR: 0.000044
Epoch 35, Batch 20/422, Loss: 3.2285, LR: 0.000044
Epoch 35, Batch 30/422, Loss: 3.1294, LR: 0.000044
Epoch 35, Batch 40/422, Loss: 3.1298, LR: 0.000044
Epoch 35, Batch 50/422, Loss: 3.0251, LR: 0.000044
Epoch 35, Batch 60/422, Loss: 2.7591, LR: 0.000044
Epoch 35, Batch 70/422, Loss: 2.6029, LR: 0.000044
Epoch 35, Batch 80/422, Loss: 2.9153, LR: 0.000044
Epoch 35, Batch 90/422, Loss: 2.4667, LR: 0.000044
Epoch 35, Batch 100/422, Loss: 2.8589, LR: 0.000044
Epoch 35, Batch 110/422, Loss: 3.0203, LR: 0.000044
Epoch 35, Batch 120/422, Loss: 2.9349, LR: 0.000044
Epoch 35, Batch 130/422, Loss: 3.1594, LR: 0.000044
Epoch 35, Batch 140/422, Loss: 3.1276, LR: 0.000044
Epoch 35, Batch 150/422, Loss: 3.0806, LR: 0.000044
Epoch 35, Batch 160/422, Loss: 3.2475, LR: 0.000044
Epoch 35, Batch 170/422, Loss: 3.1216, LR: 0.000044
Epoch 35, Batch 180/422, Loss: 2.7129, LR: 0.000044
Epoch 35, Batch 190/422, Loss: 2.6510, LR: 0.000044
Epoch 35, Batch 200/422, Loss: 2.7201, LR: 0.000044
Epoch 35, Batch 210/422, Loss: 2.9936, LR: 0.000044
Epoch 35, Batch 220/422, Loss: 2.9692, LR: 0.000044
Epoch 35, Batch 230/422, Loss: 3.0728, LR: 0.000044
Epoch 35, Batch 240/422, Loss: 2.9388, LR: 0.000044
Epoch 35, Batch 250/422, Loss: 3.0646, LR: 0.000044
Epoch 35, Batch 260/422, Loss: 3.0475, LR: 0.000044
Epoch 35, Batch 270/422, Loss: 2.3984, LR: 0.000044
Epoch 35, Batch 280/422, Loss: 3.0261, LR: 0.000044
Epoch 35, Batch 290/422, Loss: 2.9561, LR: 0.000044
Epoch 35, Batch 300/422, Loss: 3.0009, LR: 0.000044
Epoch 35, Batch 310/422, Loss: 3.2106, LR: 0.000044
Epoch 35, Batch 320/422, Loss: 2.8792, LR: 0.000044
Epoch 35, Batch 330/422, Loss: 2.7496, LR: 0.000044
Epoch 35, Batch 340/422, Loss: 2.7979, LR: 0.000044
Epoch 35, Batch 350/422, Loss: 3.1205, LR: 0.000044
Epoch 35, Batch 360/422, Loss: 2.9872, LR: 0.000044
Epoch 35, Batch 370/422, Loss: 2.9458, LR: 0.000044
Epoch 35, Batch 380/422, Loss: 2.6891, LR: 0.000044
Epoch 35, Batch 390/422, Loss: 2.8741, LR: 0.000044
Epoch 35, Batch 400/422, Loss: 3.2916, LR: 0.000044
Epoch 35, Batch 410/422, Loss: 2.9604, LR: 0.000044
Epoch 35, Batch 420/422, Loss: 3.0391, LR: 0.000044

Train Loss: 2.9080
Val Loss: 4.3738
mAP@0.50=0.0043, mAP@0.50:0.95=0.0009, Precision=0.0234, Recall=0.0256, F1=0.0245

==================================================
Epoch 36/150
==================================================
Epoch 36, Batch 0/422, Loss: 3.2219, LR: 0.000043
Epoch 36, Batch 10/422, Loss: 2.8731, LR: 0.000043
Epoch 36, Batch 20/422, Loss: 2.9279, LR: 0.000043
Epoch 36, Batch 30/422, Loss: 2.4993, LR: 0.000043
Epoch 36, Batch 40/422, Loss: 2.7691, LR: 0.000043
Epoch 36, Batch 50/422, Loss: 2.9843, LR: 0.000043
Epoch 36, Batch 60/422, Loss: 2.6739, LR: 0.000043
Epoch 36, Batch 70/422, Loss: 2.2444, LR: 0.000043
Epoch 36, Batch 80/422, Loss: 2.5003, LR: 0.000043
Epoch 36, Batch 90/422, Loss: 2.6129, LR: 0.000043
Epoch 36, Batch 100/422, Loss: 2.9400, LR: 0.000043
Epoch 36, Batch 110/422, Loss: 2.8063, LR: 0.000043
Epoch 36, Batch 120/422, Loss: 2.4655, LR: 0.000043
Epoch 36, Batch 130/422, Loss: 2.5812, LR: 0.000043
Epoch 36, Batch 140/422, Loss: 2.6888, LR: 0.000043
Epoch 36, Batch 150/422, Loss: 3.3583, LR: 0.000043
Epoch 36, Batch 160/422, Loss: 3.2850, LR: 0.000043
Epoch 36, Batch 170/422, Loss: 2.8726, LR: 0.000043
Epoch 36, Batch 180/422, Loss: 2.9388, LR: 0.000043
Epoch 36, Batch 190/422, Loss: 2.2675, LR: 0.000043
Epoch 36, Batch 200/422, Loss: 3.0071, LR: 0.000043
Epoch 36, Batch 210/422, Loss: 3.0230, LR: 0.000043
Epoch 36, Batch 220/422, Loss: 3.2673, LR: 0.000043
Epoch 36, Batch 230/422, Loss: 2.8716, LR: 0.000043
Epoch 36, Batch 240/422, Loss: 2.2110, LR: 0.000043
Epoch 36, Batch 250/422, Loss: 3.0051, LR: 0.000043
Epoch 36, Batch 260/422, Loss: 2.7810, LR: 0.000043
Epoch 36, Batch 270/422, Loss: 3.2798, LR: 0.000043
Epoch 36, Batch 280/422, Loss: 2.6521, LR: 0.000043
Epoch 36, Batch 290/422, Loss: 3.1259, LR: 0.000043
Epoch 36, Batch 300/422, Loss: 2.7109, LR: 0.000043
Epoch 36, Batch 310/422, Loss: 2.4977, LR: 0.000043
Epoch 36, Batch 320/422, Loss: 2.1969, LR: 0.000043
Epoch 36, Batch 330/422, Loss: 2.7329, LR: 0.000043
Epoch 36, Batch 340/422, Loss: 2.5615, LR: 0.000043
Epoch 36, Batch 350/422, Loss: 2.8803, LR: 0.000043
Epoch 36, Batch 360/422, Loss: 2.7853, LR: 0.000043
Epoch 36, Batch 370/422, Loss: 2.7420, LR: 0.000043
Epoch 36, Batch 380/422, Loss: 2.4787, LR: 0.000043
Epoch 36, Batch 390/422, Loss: 2.3757, LR: 0.000043
Epoch 36, Batch 400/422, Loss: 2.5587, LR: 0.000043
Epoch 36, Batch 410/422, Loss: 2.5340, LR: 0.000043
Epoch 36, Batch 420/422, Loss: 2.3540, LR: 0.000043

Train Loss: 2.8177
Val Loss: 4.4163
mAP@0.50=0.0044, mAP@0.50:0.95=0.0009, Precision=0.0233, Recall=0.0260, F1=0.0246

==================================================
Epoch 37/150
==================================================
Epoch 37, Batch 0/422, Loss: 2.9252, LR: 0.000043
Epoch 37, Batch 10/422, Loss: 2.3843, LR: 0.000043
Epoch 37, Batch 20/422, Loss: 2.7296, LR: 0.000043
Epoch 37, Batch 30/422, Loss: 2.5464, LR: 0.000043
Epoch 37, Batch 40/422, Loss: 2.4500, LR: 0.000043
Epoch 37, Batch 50/422, Loss: 2.8674, LR: 0.000043
Epoch 37, Batch 60/422, Loss: 2.6184, LR: 0.000043
Epoch 37, Batch 70/422, Loss: 2.8840, LR: 0.000043
Epoch 37, Batch 80/422, Loss: 2.9938, LR: 0.000043
Epoch 37, Batch 90/422, Loss: 2.4694, LR: 0.000043
Epoch 37, Batch 100/422, Loss: 2.7283, LR: 0.000043
Epoch 37, Batch 110/422, Loss: 2.5294, LR: 0.000043
Epoch 37, Batch 120/422, Loss: 3.0809, LR: 0.000043
Epoch 37, Batch 130/422, Loss: 2.7877, LR: 0.000043
Epoch 37, Batch 140/422, Loss: 2.9603, LR: 0.000043
Epoch 37, Batch 150/422, Loss: 2.6654, LR: 0.000043
Epoch 37, Batch 160/422, Loss: 2.6216, LR: 0.000043
Epoch 37, Batch 170/422, Loss: 2.6333, LR: 0.000043
Epoch 37, Batch 180/422, Loss: 3.0858, LR: 0.000043
Epoch 37, Batch 190/422, Loss: 2.9253, LR: 0.000043
Epoch 37, Batch 200/422, Loss: 3.2813, LR: 0.000043
Epoch 37, Batch 210/422, Loss: 2.4852, LR: 0.000043
Epoch 37, Batch 220/422, Loss: 2.5887, LR: 0.000043
Epoch 37, Batch 230/422, Loss: 2.6699, LR: 0.000043
Epoch 37, Batch 240/422, Loss: 2.4611, LR: 0.000043
Epoch 37, Batch 250/422, Loss: 2.7781, LR: 0.000043
Epoch 37, Batch 260/422, Loss: 2.4428, LR: 0.000043
Epoch 37, Batch 270/422, Loss: 3.1198, LR: 0.000043
Epoch 37, Batch 280/422, Loss: 2.8353, LR: 0.000043
Epoch 37, Batch 290/422, Loss: 2.9730, LR: 0.000043
Epoch 37, Batch 300/422, Loss: 2.3531, LR: 0.000043
Epoch 37, Batch 310/422, Loss: 2.5801, LR: 0.000043
Epoch 37, Batch 320/422, Loss: 3.0240, LR: 0.000043
Epoch 37, Batch 330/422, Loss: 2.8633, LR: 0.000043
Epoch 37, Batch 340/422, Loss: 2.6915, LR: 0.000043
Epoch 37, Batch 350/422, Loss: 2.2432, LR: 0.000043
Epoch 37, Batch 360/422, Loss: 2.9379, LR: 0.000043
Epoch 37, Batch 370/422, Loss: 2.8614, LR: 0.000043
Epoch 37, Batch 380/422, Loss: 3.0968, LR: 0.000043
Epoch 37, Batch 390/422, Loss: 2.3010, LR: 0.000043
Epoch 37, Batch 400/422, Loss: 2.8346, LR: 0.000043
Epoch 37, Batch 410/422, Loss: 2.6408, LR: 0.000043
Epoch 37, Batch 420/422, Loss: 2.9454, LR: 0.000043

Train Loss: 2.7456
Val Loss: 4.4620
mAP@0.50=0.0038, mAP@0.50:0.95=0.0009, Precision=0.0208, Recall=0.0229, F1=0.0218

==================================================
Epoch 38/150
==================================================
Epoch 38, Batch 0/422, Loss: 2.5661, LR: 0.000043
Epoch 38, Batch 10/422, Loss: 2.9839, LR: 0.000043
Epoch 38, Batch 20/422, Loss: 2.5070, LR: 0.000043
Epoch 38, Batch 30/422, Loss: 2.8426, LR: 0.000043
Epoch 38, Batch 40/422, Loss: 2.4989, LR: 0.000043
Epoch 38, Batch 50/422, Loss: 2.9315, LR: 0.000043
Epoch 38, Batch 60/422, Loss: 2.3494, LR: 0.000043
Epoch 38, Batch 70/422, Loss: 2.5502, LR: 0.000043
Epoch 38, Batch 80/422, Loss: 2.8837, LR: 0.000043
Epoch 38, Batch 90/422, Loss: 2.8060, LR: 0.000043
Epoch 38, Batch 100/422, Loss: 2.4997, LR: 0.000043
Epoch 38, Batch 110/422, Loss: 2.3225, LR: 0.000043
Epoch 38, Batch 120/422, Loss: 2.4465, LR: 0.000043
Epoch 38, Batch 130/422, Loss: 2.7409, LR: 0.000043
Epoch 38, Batch 140/422, Loss: 2.7561, LR: 0.000043
Epoch 38, Batch 150/422, Loss: 2.9136, LR: 0.000043
Epoch 38, Batch 160/422, Loss: 2.2712, LR: 0.000043
Epoch 38, Batch 170/422, Loss: 2.8125, LR: 0.000043
Epoch 38, Batch 180/422, Loss: 2.6826, LR: 0.000043
Epoch 38, Batch 190/422, Loss: 3.2444, LR: 0.000043
Epoch 38, Batch 200/422, Loss: 3.0377, LR: 0.000043
Epoch 38, Batch 210/422, Loss: 2.6002, LR: 0.000043
Epoch 38, Batch 220/422, Loss: 2.6015, LR: 0.000043
Epoch 38, Batch 230/422, Loss: 2.4334, LR: 0.000043
Epoch 38, Batch 240/422, Loss: 2.9029, LR: 0.000043
Epoch 38, Batch 250/422, Loss: 2.3638, LR: 0.000043
Epoch 38, Batch 260/422, Loss: 2.8383, LR: 0.000043
Epoch 38, Batch 270/422, Loss: 2.6719, LR: 0.000043
Epoch 38, Batch 280/422, Loss: 2.3383, LR: 0.000043
Epoch 38, Batch 290/422, Loss: 2.6337, LR: 0.000043
Epoch 38, Batch 300/422, Loss: 2.7935, LR: 0.000043
Epoch 38, Batch 310/422, Loss: 2.3059, LR: 0.000043
Epoch 38, Batch 320/422, Loss: 3.0080, LR: 0.000043
Epoch 38, Batch 330/422, Loss: 2.8657, LR: 0.000043
Epoch 38, Batch 340/422, Loss: 2.5076, LR: 0.000043
Epoch 38, Batch 350/422, Loss: 3.2218, LR: 0.000043
Epoch 38, Batch 360/422, Loss: 2.5506, LR: 0.000043
Epoch 38, Batch 370/422, Loss: 2.8004, LR: 0.000043
Epoch 38, Batch 380/422, Loss: 2.4039, LR: 0.000043
Epoch 38, Batch 390/422, Loss: 2.7645, LR: 0.000043
Epoch 38, Batch 400/422, Loss: 2.9279, LR: 0.000043
Epoch 38, Batch 410/422, Loss: 2.0897, LR: 0.000043
Epoch 38, Batch 420/422, Loss: 3.2529, LR: 0.000043

Train Loss: 2.6567
Val Loss: 4.4798
mAP@0.50=0.0047, mAP@0.50:0.95=0.0013, Precision=0.0259, Recall=0.0287, F1=0.0272

==================================================
Epoch 39/150
==================================================
Epoch 39, Batch 0/422, Loss: 2.5556, LR: 0.000042
Epoch 39, Batch 10/422, Loss: 2.8502, LR: 0.000042
Epoch 39, Batch 20/422, Loss: 2.5165, LR: 0.000042
Epoch 39, Batch 30/422, Loss: 3.0421, LR: 0.000042
Epoch 39, Batch 40/422, Loss: 2.4626, LR: 0.000042
Epoch 39, Batch 50/422, Loss: 2.5667, LR: 0.000042
Epoch 39, Batch 60/422, Loss: 2.6676, LR: 0.000042
Epoch 39, Batch 70/422, Loss: 2.7911, LR: 0.000042
Epoch 39, Batch 80/422, Loss: 2.8103, LR: 0.000042
Epoch 39, Batch 90/422, Loss: 2.7551, LR: 0.000042
Epoch 39, Batch 100/422, Loss: 2.4448, LR: 0.000042
Epoch 39, Batch 110/422, Loss: 2.4843, LR: 0.000042
Epoch 39, Batch 120/422, Loss: 2.8484, LR: 0.000042
Epoch 39, Batch 130/422, Loss: 2.5392, LR: 0.000042
Epoch 39, Batch 140/422, Loss: 2.3384, LR: 0.000042
Epoch 39, Batch 150/422, Loss: 2.6350, LR: 0.000042
Epoch 39, Batch 160/422, Loss: 2.9335, LR: 0.000042
Epoch 39, Batch 170/422, Loss: 3.0805, LR: 0.000042
Epoch 39, Batch 180/422, Loss: 2.6778, LR: 0.000042
Epoch 39, Batch 190/422, Loss: 2.9837, LR: 0.000042
Epoch 39, Batch 200/422, Loss: 2.3066, LR: 0.000042
Epoch 39, Batch 210/422, Loss: 2.7320, LR: 0.000042
Epoch 39, Batch 220/422, Loss: 2.9951, LR: 0.000042
Epoch 39, Batch 230/422, Loss: 3.0031, LR: 0.000042
Epoch 39, Batch 240/422, Loss: 2.5649, LR: 0.000042
Epoch 39, Batch 250/422, Loss: 2.1442, LR: 0.000042
Epoch 39, Batch 260/422, Loss: 2.4589, LR: 0.000042
Epoch 39, Batch 270/422, Loss: 2.2754, LR: 0.000042
Epoch 39, Batch 280/422, Loss: 2.6257, LR: 0.000042
Epoch 39, Batch 290/422, Loss: 2.6287, LR: 0.000042
Epoch 39, Batch 300/422, Loss: 2.7047, LR: 0.000042
Epoch 39, Batch 310/422, Loss: 2.5149, LR: 0.000042
Epoch 39, Batch 320/422, Loss: 2.5156, LR: 0.000042
Epoch 39, Batch 330/422, Loss: 2.9519, LR: 0.000042
Epoch 39, Batch 340/422, Loss: 2.3888, LR: 0.000042
Epoch 39, Batch 350/422, Loss: 2.6261, LR: 0.000042
Epoch 39, Batch 360/422, Loss: 2.3403, LR: 0.000042
Epoch 39, Batch 370/422, Loss: 2.5409, LR: 0.000042
Epoch 39, Batch 380/422, Loss: 2.5305, LR: 0.000042
Epoch 39, Batch 390/422, Loss: 2.7623, LR: 0.000042
Epoch 39, Batch 400/422, Loss: 2.5788, LR: 0.000042
Epoch 39, Batch 410/422, Loss: 2.4626, LR: 0.000042
Epoch 39, Batch 420/422, Loss: 2.2905, LR: 0.000042

Train Loss: 2.6021
Val Loss: 4.5113
mAP@0.50=0.0072, mAP@0.50:0.95=0.0017, Precision=0.0290, Recall=0.0321, F1=0.0305
Saved best model to aug_checkpoints_efficientdet/best_model.pth

==================================================
Epoch 40/150
==================================================
Epoch 40, Batch 0/422, Loss: 2.1706, LR: 0.000042
Epoch 40, Batch 10/422, Loss: 2.5804, LR: 0.000042
Epoch 40, Batch 20/422, Loss: 2.1316, LR: 0.000042
Epoch 40, Batch 30/422, Loss: 2.7516, LR: 0.000042
Epoch 40, Batch 40/422, Loss: 2.1176, LR: 0.000042
Epoch 40, Batch 50/422, Loss: 2.1324, LR: 0.000042
Epoch 40, Batch 60/422, Loss: 2.6702, LR: 0.000042
Epoch 40, Batch 70/422, Loss: 2.8058, LR: 0.000042
Epoch 40, Batch 80/422, Loss: 2.2096, LR: 0.000042
Epoch 40, Batch 90/422, Loss: 2.4341, LR: 0.000042
Epoch 40, Batch 100/422, Loss: 2.6451, LR: 0.000042
Epoch 40, Batch 110/422, Loss: 2.2055, LR: 0.000042
Epoch 40, Batch 120/422, Loss: 3.1308, LR: 0.000042
Epoch 40, Batch 130/422, Loss: 2.3696, LR: 0.000042
Epoch 40, Batch 140/422, Loss: 2.7704, LR: 0.000042
Epoch 40, Batch 150/422, Loss: 2.4664, LR: 0.000042
Epoch 40, Batch 160/422, Loss: 2.6232, LR: 0.000042
Epoch 40, Batch 170/422, Loss: 2.2401, LR: 0.000042
Epoch 40, Batch 180/422, Loss: 2.6652, LR: 0.000042
Epoch 40, Batch 190/422, Loss: 2.4075, LR: 0.000042
Epoch 40, Batch 200/422, Loss: 2.4315, LR: 0.000042
Epoch 40, Batch 210/422, Loss: 2.4055, LR: 0.000042
Epoch 40, Batch 220/422, Loss: 2.3113, LR: 0.000042
Epoch 40, Batch 230/422, Loss: 2.6570, LR: 0.000042
Epoch 40, Batch 240/422, Loss: 2.5439, LR: 0.000042
Epoch 40, Batch 250/422, Loss: 2.3574, LR: 0.000042
Epoch 40, Batch 260/422, Loss: 2.6425, LR: 0.000042
Epoch 40, Batch 270/422, Loss: 2.6485, LR: 0.000042
Epoch 40, Batch 280/422, Loss: 2.2436, LR: 0.000042
Epoch 40, Batch 290/422, Loss: 2.3777, LR: 0.000042
Epoch 40, Batch 300/422, Loss: 2.5299, LR: 0.000042
Epoch 40, Batch 310/422, Loss: 2.5449, LR: 0.000042
Epoch 40, Batch 320/422, Loss: 2.4617, LR: 0.000042
Epoch 40, Batch 330/422, Loss: 2.4493, LR: 0.000042
Epoch 40, Batch 340/422, Loss: 2.4715, LR: 0.000042
Epoch 40, Batch 350/422, Loss: 2.6317, LR: 0.000042
Epoch 40, Batch 360/422, Loss: 2.5848, LR: 0.000042
Epoch 40, Batch 370/422, Loss: 2.5096, LR: 0.000042
Epoch 40, Batch 380/422, Loss: 3.0168, LR: 0.000042
Epoch 40, Batch 390/422, Loss: 2.6505, LR: 0.000042
Epoch 40, Batch 400/422, Loss: 2.6190, LR: 0.000042
Epoch 40, Batch 410/422, Loss: 2.9735, LR: 0.000042
Epoch 40, Batch 420/422, Loss: 2.5961, LR: 0.000042

Train Loss: 2.4923
Val Loss: 4.5460
mAP@0.50=0.0062, mAP@0.50:0.95=0.0015, Precision=0.0270, Recall=0.0300, F1=0.0284

==================================================
Epoch 41/150
==================================================
Epoch 41, Batch 0/422, Loss: 2.8983, LR: 0.000042
Epoch 41, Batch 10/422, Loss: 2.6471, LR: 0.000042
Epoch 41, Batch 20/422, Loss: 2.5771, LR: 0.000042
Epoch 41, Batch 30/422, Loss: 2.2305, LR: 0.000042
Epoch 41, Batch 40/422, Loss: 2.4296, LR: 0.000042
Epoch 41, Batch 50/422, Loss: 2.6744, LR: 0.000042
Epoch 41, Batch 60/422, Loss: 2.6139, LR: 0.000042
Epoch 41, Batch 70/422, Loss: 2.4840, LR: 0.000042
Epoch 41, Batch 80/422, Loss: 2.8276, LR: 0.000042
Epoch 41, Batch 90/422, Loss: 2.2174, LR: 0.000042
Epoch 41, Batch 100/422, Loss: 2.3507, LR: 0.000042
Epoch 41, Batch 110/422, Loss: 2.6572, LR: 0.000042
Epoch 41, Batch 120/422, Loss: 2.3984, LR: 0.000042
Epoch 41, Batch 130/422, Loss: 2.4815, LR: 0.000042
Epoch 41, Batch 140/422, Loss: 2.5029, LR: 0.000042
Epoch 41, Batch 150/422, Loss: 2.1521, LR: 0.000042
Epoch 41, Batch 160/422, Loss: 2.3633, LR: 0.000042
Epoch 41, Batch 170/422, Loss: 2.5265, LR: 0.000042
Epoch 41, Batch 180/422, Loss: 2.4663, LR: 0.000042
Epoch 41, Batch 190/422, Loss: 2.0746, LR: 0.000042
Epoch 41, Batch 200/422, Loss: 2.7612, LR: 0.000042
Epoch 41, Batch 210/422, Loss: 2.1473, LR: 0.000042
Epoch 41, Batch 220/422, Loss: 1.9291, LR: 0.000042
Epoch 41, Batch 230/422, Loss: 2.3503, LR: 0.000042
Epoch 41, Batch 240/422, Loss: 2.2393, LR: 0.000042
Epoch 41, Batch 250/422, Loss: 2.3019, LR: 0.000042
Epoch 41, Batch 260/422, Loss: 2.8276, LR: 0.000042
Epoch 41, Batch 270/422, Loss: 2.4425, LR: 0.000042
Epoch 41, Batch 280/422, Loss: 2.7995, LR: 0.000042
Epoch 41, Batch 290/422, Loss: 2.1701, LR: 0.000042
Epoch 41, Batch 300/422, Loss: 2.1956, LR: 0.000042
Epoch 41, Batch 310/422, Loss: 2.5895, LR: 0.000042
Epoch 41, Batch 320/422, Loss: 2.4589, LR: 0.000042
Epoch 41, Batch 330/422, Loss: 2.2619, LR: 0.000042
Epoch 41, Batch 340/422, Loss: 2.1077, LR: 0.000042
Epoch 41, Batch 350/422, Loss: 2.2106, LR: 0.000042
Epoch 41, Batch 360/422, Loss: 2.4138, LR: 0.000042
Epoch 41, Batch 370/422, Loss: 2.6526, LR: 0.000042
Epoch 41, Batch 380/422, Loss: 2.5008, LR: 0.000042
Epoch 41, Batch 390/422, Loss: 2.0675, LR: 0.000042
Epoch 41, Batch 400/422, Loss: 2.4245, LR: 0.000042
Epoch 41, Batch 410/422, Loss: 2.5373, LR: 0.000042
Epoch 41, Batch 420/422, Loss: 2.3678, LR: 0.000042

Train Loss: 2.4631
Val Loss: 4.6117
mAP@0.50=0.0062, mAP@0.50:0.95=0.0015, Precision=0.0275, Recall=0.0306, F1=0.0290

==================================================
Epoch 42/150
==================================================
Epoch 42, Batch 0/422, Loss: 2.3326, LR: 0.000041
Epoch 42, Batch 10/422, Loss: 2.5845, LR: 0.000041
Epoch 42, Batch 20/422, Loss: 2.5483, LR: 0.000041
Epoch 42, Batch 30/422, Loss: 2.4146, LR: 0.000041
Epoch 42, Batch 40/422, Loss: 2.2395, LR: 0.000041
Epoch 42, Batch 50/422, Loss: 2.2039, LR: 0.000041
Epoch 42, Batch 60/422, Loss: 2.1474, LR: 0.000041
Epoch 42, Batch 70/422, Loss: 2.1835, LR: 0.000041
Epoch 42, Batch 80/422, Loss: 2.4896, LR: 0.000041
Epoch 42, Batch 90/422, Loss: 2.2719, LR: 0.000041
Epoch 42, Batch 100/422, Loss: 2.0273, LR: 0.000041
Epoch 42, Batch 110/422, Loss: 2.0060, LR: 0.000041
Epoch 42, Batch 120/422, Loss: 2.5562, LR: 0.000041
Epoch 42, Batch 130/422, Loss: 2.6844, LR: 0.000041
Epoch 42, Batch 140/422, Loss: 2.6753, LR: 0.000041
Epoch 42, Batch 150/422, Loss: 1.8204, LR: 0.000041
Epoch 42, Batch 160/422, Loss: 2.3953, LR: 0.000041
Epoch 42, Batch 170/422, Loss: 2.4982, LR: 0.000041
Epoch 42, Batch 180/422, Loss: 2.3298, LR: 0.000041
Epoch 42, Batch 190/422, Loss: 2.5170, LR: 0.000041
Epoch 42, Batch 200/422, Loss: 2.3421, LR: 0.000041
Epoch 42, Batch 210/422, Loss: 1.9148, LR: 0.000041
Epoch 42, Batch 220/422, Loss: 2.1937, LR: 0.000041
Epoch 42, Batch 230/422, Loss: 2.2450, LR: 0.000041
Epoch 42, Batch 240/422, Loss: 2.1844, LR: 0.000041
Epoch 42, Batch 250/422, Loss: 2.4320, LR: 0.000041
Epoch 42, Batch 260/422, Loss: 2.0269, LR: 0.000041
Epoch 42, Batch 270/422, Loss: 1.9714, LR: 0.000041
Epoch 42, Batch 280/422, Loss: 2.3377, LR: 0.000041
Epoch 42, Batch 290/422, Loss: 2.2941, LR: 0.000041
Epoch 42, Batch 300/422, Loss: 2.2950, LR: 0.000041
Epoch 42, Batch 310/422, Loss: 2.3223, LR: 0.000041
Epoch 42, Batch 320/422, Loss: 2.3293, LR: 0.000041
Epoch 42, Batch 330/422, Loss: 2.0582, LR: 0.000041
Epoch 42, Batch 340/422, Loss: 2.0342, LR: 0.000041
Epoch 42, Batch 350/422, Loss: 2.7068, LR: 0.000041
Epoch 42, Batch 360/422, Loss: 2.5646, LR: 0.000041
Epoch 42, Batch 370/422, Loss: 2.4695, LR: 0.000041
Epoch 42, Batch 380/422, Loss: 2.2979, LR: 0.000041
Epoch 42, Batch 390/422, Loss: 2.5734, LR: 0.000041
Epoch 42, Batch 400/422, Loss: 2.3036, LR: 0.000041
Epoch 42, Batch 410/422, Loss: 2.8399, LR: 0.000041
Epoch 42, Batch 420/422, Loss: 2.4491, LR: 0.000041

Train Loss: 2.3616
Val Loss: 4.6302
mAP@0.50=0.0101, mAP@0.50:0.95=0.0023, Precision=0.0369, Recall=0.0411, F1=0.0389
Saved best model to aug_checkpoints_efficientdet/best_model.pth

==================================================
Epoch 43/150
==================================================
Epoch 43, Batch 0/422, Loss: 2.1398, LR: 0.000041
Epoch 43, Batch 10/422, Loss: 2.1653, LR: 0.000041
Epoch 43, Batch 20/422, Loss: 2.1369, LR: 0.000041
Epoch 43, Batch 30/422, Loss: 2.1767, LR: 0.000041
Epoch 43, Batch 40/422, Loss: 2.2652, LR: 0.000041
Epoch 43, Batch 50/422, Loss: 2.2061, LR: 0.000041
Epoch 43, Batch 60/422, Loss: 2.3870, LR: 0.000041
Epoch 43, Batch 70/422, Loss: 2.6063, LR: 0.000041
Epoch 43, Batch 80/422, Loss: 2.4375, LR: 0.000041
Epoch 43, Batch 90/422, Loss: 2.3706, LR: 0.000041
Epoch 43, Batch 100/422, Loss: 2.0835, LR: 0.000041
Epoch 43, Batch 110/422, Loss: 2.3227, LR: 0.000041
Epoch 43, Batch 120/422, Loss: 2.4926, LR: 0.000041
Epoch 43, Batch 130/422, Loss: 2.3542, LR: 0.000041
Epoch 43, Batch 140/422, Loss: 2.2953, LR: 0.000041
Epoch 43, Batch 150/422, Loss: 1.8327, LR: 0.000041
Epoch 43, Batch 160/422, Loss: 2.3079, LR: 0.000041
Epoch 43, Batch 170/422, Loss: 1.8862, LR: 0.000041
Epoch 43, Batch 180/422, Loss: 2.5525, LR: 0.000041
Epoch 43, Batch 190/422, Loss: 2.2163, LR: 0.000041
Epoch 43, Batch 200/422, Loss: 1.9781, LR: 0.000041
Epoch 43, Batch 210/422, Loss: 2.6700, LR: 0.000041
Epoch 43, Batch 220/422, Loss: 2.4660, LR: 0.000041
Epoch 43, Batch 230/422, Loss: 2.4980, LR: 0.000041
Epoch 43, Batch 240/422, Loss: 2.1448, LR: 0.000041
Epoch 43, Batch 250/422, Loss: 2.3114, LR: 0.000041
Epoch 43, Batch 260/422, Loss: 2.2851, LR: 0.000041
Epoch 43, Batch 270/422, Loss: 2.5864, LR: 0.000041
Epoch 43, Batch 280/422, Loss: 2.4214, LR: 0.000041
Epoch 43, Batch 290/422, Loss: 1.9137, LR: 0.000041
Epoch 43, Batch 300/422, Loss: 2.3211, LR: 0.000041
Epoch 43, Batch 310/422, Loss: 2.2280, LR: 0.000041
Epoch 43, Batch 320/422, Loss: 2.5200, LR: 0.000041
Epoch 43, Batch 330/422, Loss: 2.2498, LR: 0.000041
Epoch 43, Batch 340/422, Loss: 2.0690, LR: 0.000041
Epoch 43, Batch 350/422, Loss: 2.2099, LR: 0.000041
Epoch 43, Batch 360/422, Loss: 2.3484, LR: 0.000041
Epoch 43, Batch 370/422, Loss: 2.1946, LR: 0.000041
Epoch 43, Batch 380/422, Loss: 2.2415, LR: 0.000041
Epoch 43, Batch 390/422, Loss: 2.1702, LR: 0.000041
Epoch 43, Batch 400/422, Loss: 2.5000, LR: 0.000041
Epoch 43, Batch 410/422, Loss: 2.1934, LR: 0.000041
Epoch 43, Batch 420/422, Loss: 2.0644, LR: 0.000041

Train Loss: 2.2874
Val Loss: 4.6234
mAP@0.50=0.0049, mAP@0.50:0.95=0.0012, Precision=0.0275, Recall=0.0306, F1=0.0290

==================================================
Epoch 44/150
==================================================
Epoch 44, Batch 0/422, Loss: 2.4599, LR: 0.000040
Epoch 44, Batch 10/422, Loss: 1.8259, LR: 0.000040
Epoch 44, Batch 20/422, Loss: 2.2842, LR: 0.000040
Epoch 44, Batch 30/422, Loss: 2.2213, LR: 0.000040
Epoch 44, Batch 40/422, Loss: 1.9644, LR: 0.000040
Epoch 44, Batch 50/422, Loss: 2.3188, LR: 0.000040
Epoch 44, Batch 60/422, Loss: 2.2406, LR: 0.000040
Epoch 44, Batch 70/422, Loss: 1.7181, LR: 0.000040
Epoch 44, Batch 80/422, Loss: 2.0277, LR: 0.000040
Epoch 44, Batch 90/422, Loss: 2.2484, LR: 0.000040
Epoch 44, Batch 100/422, Loss: 2.3373, LR: 0.000040
Epoch 44, Batch 110/422, Loss: 2.2546, LR: 0.000040
Epoch 44, Batch 120/422, Loss: 2.4357, LR: 0.000040
Epoch 44, Batch 130/422, Loss: 2.3241, LR: 0.000040
Epoch 44, Batch 140/422, Loss: 1.9951, LR: 0.000040
Epoch 44, Batch 150/422, Loss: 2.2180, LR: 0.000040
Epoch 44, Batch 160/422, Loss: 2.5550, LR: 0.000040
Epoch 44, Batch 170/422, Loss: 2.3683, LR: 0.000040
Epoch 44, Batch 180/422, Loss: 2.0285, LR: 0.000040
Epoch 44, Batch 190/422, Loss: 2.6302, LR: 0.000040
Epoch 44, Batch 200/422, Loss: 1.8506, LR: 0.000040
Epoch 44, Batch 210/422, Loss: 2.1390, LR: 0.000040
Epoch 44, Batch 220/422, Loss: 2.0943, LR: 0.000040
Epoch 44, Batch 230/422, Loss: 2.0703, LR: 0.000040
Epoch 44, Batch 240/422, Loss: 2.4241, LR: 0.000040
Epoch 44, Batch 250/422, Loss: 2.0140, LR: 0.000040
Epoch 44, Batch 260/422, Loss: 2.1858, LR: 0.000040
Epoch 44, Batch 270/422, Loss: 2.3704, LR: 0.000040
Epoch 44, Batch 280/422, Loss: 2.4838, LR: 0.000040
Epoch 44, Batch 290/422, Loss: 2.3462, LR: 0.000040
Epoch 44, Batch 300/422, Loss: 2.6100, LR: 0.000040
Epoch 44, Batch 310/422, Loss: 2.3013, LR: 0.000040
Epoch 44, Batch 320/422, Loss: 2.2716, LR: 0.000040
Epoch 44, Batch 330/422, Loss: 2.3308, LR: 0.000040
Epoch 44, Batch 340/422, Loss: 1.9982, LR: 0.000040
Epoch 44, Batch 350/422, Loss: 2.1379, LR: 0.000040
Epoch 44, Batch 360/422, Loss: 1.9077, LR: 0.000040
Epoch 44, Batch 370/422, Loss: 2.2887, LR: 0.000040
Epoch 44, Batch 380/422, Loss: 2.3179, LR: 0.000040
Epoch 44, Batch 390/422, Loss: 2.0247, LR: 0.000040
Epoch 44, Batch 400/422, Loss: 2.1233, LR: 0.000040
Epoch 44, Batch 410/422, Loss: 2.2492, LR: 0.000040
Epoch 44, Batch 420/422, Loss: 2.1939, LR: 0.000040

Train Loss: 2.2356
Val Loss: 4.7163
mAP@0.50=0.0054, mAP@0.50:0.95=0.0014, Precision=0.0305, Recall=0.0337, F1=0.0320

==================================================
Epoch 45/150
==================================================
Epoch 45, Batch 0/422, Loss: 2.1737, LR: 0.000040
Epoch 45, Batch 10/422, Loss: 2.3319, LR: 0.000040
Epoch 45, Batch 20/422, Loss: 2.2067, LR: 0.000040
Epoch 45, Batch 30/422, Loss: 2.2050, LR: 0.000040
Epoch 45, Batch 40/422, Loss: 1.9172, LR: 0.000040
Epoch 45, Batch 50/422, Loss: 1.7682, LR: 0.000040
Epoch 45, Batch 60/422, Loss: 2.1062, LR: 0.000040
Epoch 45, Batch 70/422, Loss: 2.2306, LR: 0.000040
Epoch 45, Batch 80/422, Loss: 1.8928, LR: 0.000040
Epoch 45, Batch 90/422, Loss: 2.3632, LR: 0.000040
Epoch 45, Batch 100/422, Loss: 2.0831, LR: 0.000040
Epoch 45, Batch 110/422, Loss: 2.3470, LR: 0.000040
Epoch 45, Batch 120/422, Loss: 2.1828, LR: 0.000040
Epoch 45, Batch 130/422, Loss: 2.1058, LR: 0.000040
Epoch 45, Batch 140/422, Loss: 2.0090, LR: 0.000040
Epoch 45, Batch 150/422, Loss: 2.0344, LR: 0.000040
Epoch 45, Batch 160/422, Loss: 2.1104, LR: 0.000040
Epoch 45, Batch 170/422, Loss: 1.8617, LR: 0.000040
Epoch 45, Batch 180/422, Loss: 2.4127, LR: 0.000040
Epoch 45, Batch 190/422, Loss: 2.0403, LR: 0.000040
Epoch 45, Batch 200/422, Loss: 2.5763, LR: 0.000040
Epoch 45, Batch 210/422, Loss: 2.3977, LR: 0.000040
Epoch 45, Batch 220/422, Loss: 1.9618, LR: 0.000040
Epoch 45, Batch 230/422, Loss: 2.0856, LR: 0.000040
Epoch 45, Batch 240/422, Loss: 2.1265, LR: 0.000040
Epoch 45, Batch 250/422, Loss: 2.5857, LR: 0.000040
Epoch 45, Batch 260/422, Loss: 2.4800, LR: 0.000040
Epoch 45, Batch 270/422, Loss: 2.1549, LR: 0.000040
Epoch 45, Batch 280/422, Loss: 2.4039, LR: 0.000040
Epoch 45, Batch 290/422, Loss: 2.5724, LR: 0.000040
Epoch 45, Batch 300/422, Loss: 2.1864, LR: 0.000040
Epoch 45, Batch 310/422, Loss: 2.2195, LR: 0.000040
Epoch 45, Batch 320/422, Loss: 2.4024, LR: 0.000040
Epoch 45, Batch 330/422, Loss: 2.1622, LR: 0.000040
Epoch 45, Batch 340/422, Loss: 2.3431, LR: 0.000040
Epoch 45, Batch 350/422, Loss: 2.3520, LR: 0.000040
Epoch 45, Batch 360/422, Loss: 2.4073, LR: 0.000040
Epoch 45, Batch 370/422, Loss: 2.2119, LR: 0.000040
Epoch 45, Batch 380/422, Loss: 2.2702, LR: 0.000040
Epoch 45, Batch 390/422, Loss: 2.0600, LR: 0.000040
Epoch 45, Batch 400/422, Loss: 2.1746, LR: 0.000040
Epoch 45, Batch 410/422, Loss: 2.2293, LR: 0.000040
Epoch 45, Batch 420/422, Loss: 2.0523, LR: 0.000040

Train Loss: 2.1912
Val Loss: 4.7602
mAP@0.50=0.0069, mAP@0.50:0.95=0.0015, Precision=0.0350, Recall=0.0389, F1=0.0369

==================================================
Epoch 46/150
==================================================
Epoch 46, Batch 0/422, Loss: 2.0456, LR: 0.000039
Epoch 46, Batch 10/422, Loss: 2.0944, LR: 0.000039
Epoch 46, Batch 20/422, Loss: 2.5289, LR: 0.000039
Epoch 46, Batch 30/422, Loss: 1.9471, LR: 0.000039
Epoch 46, Batch 40/422, Loss: 2.3920, LR: 0.000039
Epoch 46, Batch 50/422, Loss: 1.9419, LR: 0.000039
Epoch 46, Batch 60/422, Loss: 2.1931, LR: 0.000039
Epoch 46, Batch 70/422, Loss: 2.0730, LR: 0.000039
Epoch 46, Batch 80/422, Loss: 2.4366, LR: 0.000039
Epoch 46, Batch 90/422, Loss: 1.6614, LR: 0.000039
Epoch 46, Batch 100/422, Loss: 2.3004, LR: 0.000039
Epoch 46, Batch 110/422, Loss: 2.1157, LR: 0.000039
Epoch 46, Batch 120/422, Loss: 2.5104, LR: 0.000039
Epoch 46, Batch 130/422, Loss: 1.8837, LR: 0.000039
Epoch 46, Batch 140/422, Loss: 2.1423, LR: 0.000039
Epoch 46, Batch 150/422, Loss: 2.2803, LR: 0.000039
Epoch 46, Batch 160/422, Loss: 2.1073, LR: 0.000039
Epoch 46, Batch 170/422, Loss: 2.0847, LR: 0.000039
Epoch 46, Batch 180/422, Loss: 2.1002, LR: 0.000039
Epoch 46, Batch 190/422, Loss: 2.1190, LR: 0.000039
Epoch 46, Batch 200/422, Loss: 2.0527, LR: 0.000039
Epoch 46, Batch 210/422, Loss: 1.9537, LR: 0.000039
Epoch 46, Batch 220/422, Loss: 2.1864, LR: 0.000039
Epoch 46, Batch 230/422, Loss: 2.3569, LR: 0.000039
Epoch 46, Batch 240/422, Loss: 2.1232, LR: 0.000039
Epoch 46, Batch 250/422, Loss: 1.9178, LR: 0.000039
Epoch 46, Batch 260/422, Loss: 2.0245, LR: 0.000039
Epoch 46, Batch 270/422, Loss: 2.3305, LR: 0.000039
Epoch 46, Batch 280/422, Loss: 2.2869, LR: 0.000039
Epoch 46, Batch 290/422, Loss: 2.0045, LR: 0.000039
Epoch 46, Batch 300/422, Loss: 1.8301, LR: 0.000039
Epoch 46, Batch 310/422, Loss: 2.3099, LR: 0.000039
Epoch 46, Batch 320/422, Loss: 2.0880, LR: 0.000039
Epoch 46, Batch 330/422, Loss: 1.9186, LR: 0.000039
Epoch 46, Batch 340/422, Loss: 2.4003, LR: 0.000039
Epoch 46, Batch 350/422, Loss: 1.9793, LR: 0.000039
Epoch 46, Batch 360/422, Loss: 1.9524, LR: 0.000039
Epoch 46, Batch 370/422, Loss: 2.2003, LR: 0.000039
Epoch 46, Batch 380/422, Loss: 2.0356, LR: 0.000039
Epoch 46, Batch 390/422, Loss: 1.7815, LR: 0.000039
Epoch 46, Batch 400/422, Loss: 1.7795, LR: 0.000039
Epoch 46, Batch 410/422, Loss: 2.2970, LR: 0.000039
Epoch 46, Batch 420/422, Loss: 1.9923, LR: 0.000039

Train Loss: 2.1371
Val Loss: 4.7982
mAP@0.50=0.0071, mAP@0.50:0.95=0.0018, Precision=0.0354, Recall=0.0392, F1=0.0372

==================================================
Epoch 47/150
==================================================
Epoch 47, Batch 0/422, Loss: 2.4196, LR: 0.000039
Epoch 47, Batch 10/422, Loss: 2.3247, LR: 0.000039
Epoch 47, Batch 20/422, Loss: 1.9606, LR: 0.000039
Epoch 47, Batch 30/422, Loss: 2.1639, LR: 0.000039
Epoch 47, Batch 40/422, Loss: 2.2285, LR: 0.000039
Epoch 47, Batch 50/422, Loss: 1.9963, LR: 0.000039
Epoch 47, Batch 60/422, Loss: 2.3730, LR: 0.000039
Epoch 47, Batch 70/422, Loss: 2.3257, LR: 0.000039
Epoch 47, Batch 80/422, Loss: 2.1369, LR: 0.000039
Epoch 47, Batch 90/422, Loss: 1.9835, LR: 0.000039
Epoch 47, Batch 100/422, Loss: 2.1316, LR: 0.000039
Epoch 47, Batch 110/422, Loss: 2.1792, LR: 0.000039
Epoch 47, Batch 120/422, Loss: 1.6204, LR: 0.000039
Epoch 47, Batch 130/422, Loss: 2.2907, LR: 0.000039
Epoch 47, Batch 140/422, Loss: 2.0612, LR: 0.000039
Epoch 47, Batch 150/422, Loss: 2.2558, LR: 0.000039
Epoch 47, Batch 160/422, Loss: 2.1303, LR: 0.000039
Epoch 47, Batch 170/422, Loss: 2.0173, LR: 0.000039
Epoch 47, Batch 180/422, Loss: 1.9421, LR: 0.000039
Epoch 47, Batch 190/422, Loss: 2.2362, LR: 0.000039
Epoch 47, Batch 200/422, Loss: 2.0579, LR: 0.000039
Epoch 47, Batch 210/422, Loss: 2.0854, LR: 0.000039
Epoch 47, Batch 220/422, Loss: 2.2019, LR: 0.000039
Epoch 47, Batch 230/422, Loss: 1.9579, LR: 0.000039
Epoch 47, Batch 240/422, Loss: 1.8448, LR: 0.000039
Epoch 47, Batch 250/422, Loss: 2.0595, LR: 0.000039
Epoch 47, Batch 260/422, Loss: 2.2275, LR: 0.000039
Epoch 47, Batch 270/422, Loss: 2.0322, LR: 0.000039
Epoch 47, Batch 280/422, Loss: 1.6412, LR: 0.000039
Epoch 47, Batch 290/422, Loss: 2.1232, LR: 0.000039
Epoch 47, Batch 300/422, Loss: 1.8914, LR: 0.000039
Epoch 47, Batch 310/422, Loss: 1.8855, LR: 0.000039
Epoch 47, Batch 320/422, Loss: 1.9543, LR: 0.000039
Epoch 47, Batch 330/422, Loss: 2.0447, LR: 0.000039
Epoch 47, Batch 340/422, Loss: 2.1347, LR: 0.000039
Epoch 47, Batch 350/422, Loss: 1.9608, LR: 0.000039
Epoch 47, Batch 360/422, Loss: 1.8660, LR: 0.000039
Epoch 47, Batch 370/422, Loss: 2.0291, LR: 0.000039
Epoch 47, Batch 380/422, Loss: 2.3091, LR: 0.000039
Epoch 47, Batch 390/422, Loss: 2.0857, LR: 0.000039
Epoch 47, Batch 400/422, Loss: 1.9651, LR: 0.000039
Epoch 47, Batch 410/422, Loss: 2.1109, LR: 0.000039
Epoch 47, Batch 420/422, Loss: 2.0760, LR: 0.000039

Train Loss: 2.0772
Val Loss: 4.8238
mAP@0.50=0.0059, mAP@0.50:0.95=0.0013, Precision=0.0318, Recall=0.0352, F1=0.0334

==================================================
Epoch 48/150
==================================================
Epoch 48, Batch 0/422, Loss: 2.0402, LR: 0.000039
Epoch 48, Batch 10/422, Loss: 2.3873, LR: 0.000039
Epoch 48, Batch 20/422, Loss: 2.4127, LR: 0.000039
Epoch 48, Batch 30/422, Loss: 2.1474, LR: 0.000039
Epoch 48, Batch 40/422, Loss: 2.0165, LR: 0.000039
Epoch 48, Batch 50/422, Loss: 2.1217, LR: 0.000039
Epoch 48, Batch 60/422, Loss: 1.9841, LR: 0.000039
Epoch 48, Batch 70/422, Loss: 2.1359, LR: 0.000039
Epoch 48, Batch 80/422, Loss: 1.9332, LR: 0.000039
Epoch 48, Batch 90/422, Loss: 1.8588, LR: 0.000039
Epoch 48, Batch 100/422, Loss: 1.7573, LR: 0.000039
Epoch 48, Batch 110/422, Loss: 1.9914, LR: 0.000039
Epoch 48, Batch 120/422, Loss: 1.9675, LR: 0.000039
Epoch 48, Batch 130/422, Loss: 2.2792, LR: 0.000039
Epoch 48, Batch 140/422, Loss: 1.8948, LR: 0.000039
Epoch 48, Batch 150/422, Loss: 1.9321, LR: 0.000039
Epoch 48, Batch 160/422, Loss: 1.8232, LR: 0.000039
Epoch 48, Batch 170/422, Loss: 1.8963, LR: 0.000039
Epoch 48, Batch 180/422, Loss: 1.8551, LR: 0.000039
Epoch 48, Batch 190/422, Loss: 2.0375, LR: 0.000039
Epoch 48, Batch 200/422, Loss: 1.9632, LR: 0.000039
Epoch 48, Batch 210/422, Loss: 1.9793, LR: 0.000039
Epoch 48, Batch 220/422, Loss: 2.1208, LR: 0.000039
Epoch 48, Batch 230/422, Loss: 1.9519, LR: 0.000039
Epoch 48, Batch 240/422, Loss: 1.8322, LR: 0.000039
Epoch 48, Batch 250/422, Loss: 2.1257, LR: 0.000039
Epoch 48, Batch 260/422, Loss: 2.1030, LR: 0.000039
Epoch 48, Batch 270/422, Loss: 2.2694, LR: 0.000039
Epoch 48, Batch 280/422, Loss: 2.0603, LR: 0.000039
Epoch 48, Batch 290/422, Loss: 2.1529, LR: 0.000039
Epoch 48, Batch 300/422, Loss: 1.9872, LR: 0.000039
Epoch 48, Batch 310/422, Loss: 1.8832, LR: 0.000039
Epoch 48, Batch 320/422, Loss: 1.8025, LR: 0.000039
Epoch 48, Batch 330/422, Loss: 1.6962, LR: 0.000039
Epoch 48, Batch 340/422, Loss: 2.2009, LR: 0.000039
Epoch 48, Batch 350/422, Loss: 2.0445, LR: 0.000039
Epoch 48, Batch 360/422, Loss: 2.0114, LR: 0.000039
Epoch 48, Batch 370/422, Loss: 2.0354, LR: 0.000039
Epoch 48, Batch 380/422, Loss: 2.0650, LR: 0.000039
Epoch 48, Batch 390/422, Loss: 2.0844, LR: 0.000039
Epoch 48, Batch 400/422, Loss: 1.8400, LR: 0.000039
Epoch 48, Batch 410/422, Loss: 1.7313, LR: 0.000039
Epoch 48, Batch 420/422, Loss: 1.9953, LR: 0.000039

Train Loss: 2.0315
Val Loss: 4.9317
mAP@0.50=0.0082, mAP@0.50:0.95=0.0024, Precision=0.0352, Recall=0.0392, F1=0.0371

==================================================
Epoch 49/150
==================================================
Epoch 49, Batch 0/422, Loss: 1.6268, LR: 0.000038
Epoch 49, Batch 10/422, Loss: 1.7122, LR: 0.000038
Epoch 49, Batch 20/422, Loss: 2.2479, LR: 0.000038
Epoch 49, Batch 30/422, Loss: 1.7778, LR: 0.000038
Epoch 49, Batch 40/422, Loss: 2.0267, LR: 0.000038
Epoch 49, Batch 50/422, Loss: 2.0519, LR: 0.000038
Epoch 49, Batch 60/422, Loss: 2.2196, LR: 0.000038
Epoch 49, Batch 70/422, Loss: 2.0569, LR: 0.000038
Epoch 49, Batch 80/422, Loss: 2.0868, LR: 0.000038
Epoch 49, Batch 90/422, Loss: 2.1057, LR: 0.000038
Epoch 49, Batch 100/422, Loss: 2.1369, LR: 0.000038
Epoch 49, Batch 110/422, Loss: 1.9872, LR: 0.000038
Epoch 49, Batch 120/422, Loss: 2.1903, LR: 0.000038
Epoch 49, Batch 130/422, Loss: 2.3245, LR: 0.000038
Epoch 49, Batch 140/422, Loss: 1.9319, LR: 0.000038
Epoch 49, Batch 150/422, Loss: 1.6298, LR: 0.000038
Epoch 49, Batch 160/422, Loss: 2.1378, LR: 0.000038
Epoch 49, Batch 170/422, Loss: 1.8358, LR: 0.000038
Epoch 49, Batch 180/422, Loss: 1.8922, LR: 0.000038
Epoch 49, Batch 190/422, Loss: 2.0209, LR: 0.000038
Epoch 49, Batch 200/422, Loss: 1.8400, LR: 0.000038
Epoch 49, Batch 210/422, Loss: 1.7984, LR: 0.000038
Epoch 49, Batch 220/422, Loss: 2.0354, LR: 0.000038
Epoch 49, Batch 230/422, Loss: 1.7510, LR: 0.000038
Epoch 49, Batch 240/422, Loss: 1.9257, LR: 0.000038
Epoch 49, Batch 250/422, Loss: 2.1534, LR: 0.000038
Epoch 49, Batch 260/422, Loss: 2.1665, LR: 0.000038
Epoch 49, Batch 270/422, Loss: 2.0263, LR: 0.000038
Epoch 49, Batch 280/422, Loss: 2.2788, LR: 0.000038
Epoch 49, Batch 290/422, Loss: 2.0224, LR: 0.000038
Epoch 49, Batch 300/422, Loss: 1.9154, LR: 0.000038
Epoch 49, Batch 310/422, Loss: 2.3696, LR: 0.000038
Epoch 49, Batch 320/422, Loss: 1.8629, LR: 0.000038
Epoch 49, Batch 330/422, Loss: 2.1375, LR: 0.000038
Epoch 49, Batch 340/422, Loss: 1.9379, LR: 0.000038
Epoch 49, Batch 350/422, Loss: 1.7969, LR: 0.000038
Epoch 49, Batch 360/422, Loss: 2.0460, LR: 0.000038
Epoch 49, Batch 370/422, Loss: 1.8866, LR: 0.000038
Epoch 49, Batch 380/422, Loss: 1.9676, LR: 0.000038
Epoch 49, Batch 390/422, Loss: 1.9149, LR: 0.000038
Epoch 49, Batch 400/422, Loss: 2.1024, LR: 0.000038
Epoch 49, Batch 410/422, Loss: 1.8262, LR: 0.000038
Epoch 49, Batch 420/422, Loss: 2.2870, LR: 0.000038

Train Loss: 2.0035
Val Loss: 4.9106
mAP@0.50=0.0077, mAP@0.50:0.95=0.0017, Precision=0.0333, Recall=0.0371, F1=0.0351

==================================================
Epoch 50/150
==================================================
Epoch 50, Batch 0/422, Loss: 1.8257, LR: 0.000038
Epoch 50, Batch 10/422, Loss: 1.7584, LR: 0.000038
Epoch 50, Batch 20/422, Loss: 2.2963, LR: 0.000038
Epoch 50, Batch 30/422, Loss: 1.9825, LR: 0.000038
Epoch 50, Batch 40/422, Loss: 1.9478, LR: 0.000038
Epoch 50, Batch 50/422, Loss: 2.2109, LR: 0.000038
Epoch 50, Batch 60/422, Loss: 2.1242, LR: 0.000038
Epoch 50, Batch 70/422, Loss: 1.9021, LR: 0.000038
Epoch 50, Batch 80/422, Loss: 1.8827, LR: 0.000038
Epoch 50, Batch 90/422, Loss: 1.9415, LR: 0.000038
Epoch 50, Batch 100/422, Loss: 1.9570, LR: 0.000038
Epoch 50, Batch 110/422, Loss: 1.7603, LR: 0.000038
Epoch 50, Batch 120/422, Loss: 2.0518, LR: 0.000038
Epoch 50, Batch 130/422, Loss: 1.8545, LR: 0.000038
Epoch 50, Batch 140/422, Loss: 1.9921, LR: 0.000038
Epoch 50, Batch 150/422, Loss: 2.2563, LR: 0.000038
Epoch 50, Batch 160/422, Loss: 1.8091, LR: 0.000038
Epoch 50, Batch 170/422, Loss: 1.9863, LR: 0.000038
Epoch 50, Batch 180/422, Loss: 2.0101, LR: 0.000038
Epoch 50, Batch 190/422, Loss: 2.2833, LR: 0.000038
Epoch 50, Batch 200/422, Loss: 1.8886, LR: 0.000038
Epoch 50, Batch 210/422, Loss: 1.8905, LR: 0.000038
Epoch 50, Batch 220/422, Loss: 2.1244, LR: 0.000038
Epoch 50, Batch 230/422, Loss: 2.1467, LR: 0.000038
Epoch 50, Batch 240/422, Loss: 2.1396, LR: 0.000038
Epoch 50, Batch 250/422, Loss: 1.7085, LR: 0.000038
Epoch 50, Batch 260/422, Loss: 2.1703, LR: 0.000038
Epoch 50, Batch 270/422, Loss: 1.9354, LR: 0.000038
Epoch 50, Batch 280/422, Loss: 2.0509, LR: 0.000038
Epoch 50, Batch 290/422, Loss: 1.6402, LR: 0.000038
Epoch 50, Batch 300/422, Loss: 2.0671, LR: 0.000038
Epoch 50, Batch 310/422, Loss: 1.9174, LR: 0.000038
Epoch 50, Batch 320/422, Loss: 2.0575, LR: 0.000038
Epoch 50, Batch 330/422, Loss: 1.6097, LR: 0.000038
Epoch 50, Batch 340/422, Loss: 1.9961, LR: 0.000038
Epoch 50, Batch 350/422, Loss: 1.8603, LR: 0.000038
Epoch 50, Batch 360/422, Loss: 2.2661, LR: 0.000038
Epoch 50, Batch 370/422, Loss: 2.0003, LR: 0.000038
Epoch 50, Batch 380/422, Loss: 1.9516, LR: 0.000038
Epoch 50, Batch 390/422, Loss: 1.9940, LR: 0.000038
Epoch 50, Batch 400/422, Loss: 1.5111, LR: 0.000038
Epoch 50, Batch 410/422, Loss: 2.0426, LR: 0.000038
Epoch 50, Batch 420/422, Loss: 1.7349, LR: 0.000038

Train Loss: 1.9342
Val Loss: 5.0044
mAP@0.50=0.0066, mAP@0.50:0.95=0.0014, Precision=0.0288, Recall=0.0318, F1=0.0302

==================================================
Epoch 51/150
==================================================
Epoch 51, Batch 0/422, Loss: 2.0647, LR: 0.000037
Epoch 51, Batch 10/422, Loss: 1.8246, LR: 0.000037
Epoch 51, Batch 20/422, Loss: 1.6826, LR: 0.000037
Epoch 51, Batch 30/422, Loss: 1.8474, LR: 0.000037
Epoch 51, Batch 40/422, Loss: 1.9293, LR: 0.000037
Epoch 51, Batch 50/422, Loss: 1.9985, LR: 0.000037
Epoch 51, Batch 60/422, Loss: 1.6005, LR: 0.000037
Epoch 51, Batch 70/422, Loss: 2.0480, LR: 0.000037
Epoch 51, Batch 80/422, Loss: 1.9487, LR: 0.000037
Epoch 51, Batch 90/422, Loss: 1.9137, LR: 0.000037
Epoch 51, Batch 100/422, Loss: 2.0306, LR: 0.000037
Epoch 51, Batch 110/422, Loss: 2.0715, LR: 0.000037
Epoch 51, Batch 120/422, Loss: 1.9374, LR: 0.000037
Epoch 51, Batch 130/422, Loss: 1.9377, LR: 0.000037
Epoch 51, Batch 140/422, Loss: 1.8323, LR: 0.000037
Epoch 51, Batch 150/422, Loss: 2.2920, LR: 0.000037
Epoch 51, Batch 160/422, Loss: 1.9559, LR: 0.000037
Epoch 51, Batch 170/422, Loss: 1.9219, LR: 0.000037
Epoch 51, Batch 180/422, Loss: 1.6758, LR: 0.000037
Epoch 51, Batch 190/422, Loss: 1.9477, LR: 0.000037
Epoch 51, Batch 200/422, Loss: 1.8251, LR: 0.000037
Epoch 51, Batch 210/422, Loss: 1.8406, LR: 0.000037
Epoch 51, Batch 220/422, Loss: 2.0328, LR: 0.000037
Epoch 51, Batch 230/422, Loss: 1.8941, LR: 0.000037
Epoch 51, Batch 240/422, Loss: 2.1510, LR: 0.000037
Epoch 51, Batch 250/422, Loss: 2.0207, LR: 0.000037
Epoch 51, Batch 260/422, Loss: 1.8157, LR: 0.000037
Epoch 51, Batch 270/422, Loss: 1.7960, LR: 0.000037
Epoch 51, Batch 280/422, Loss: 1.7799, LR: 0.000037
Epoch 51, Batch 290/422, Loss: 1.9748, LR: 0.000037
Epoch 51, Batch 300/422, Loss: 1.8874, LR: 0.000037
Epoch 51, Batch 310/422, Loss: 1.6445, LR: 0.000037
Epoch 51, Batch 320/422, Loss: 1.8618, LR: 0.000037
Epoch 51, Batch 330/422, Loss: 1.8194, LR: 0.000037
Epoch 51, Batch 340/422, Loss: 1.8496, LR: 0.000037
Epoch 51, Batch 350/422, Loss: 1.9413, LR: 0.000037
Epoch 51, Batch 360/422, Loss: 1.9663, LR: 0.000037
Epoch 51, Batch 370/422, Loss: 2.0285, LR: 0.000037
Epoch 51, Batch 380/422, Loss: 2.1630, LR: 0.000037
Epoch 51, Batch 390/422, Loss: 1.8779, LR: 0.000037
Epoch 51, Batch 400/422, Loss: 2.1540, LR: 0.000037
Epoch 51, Batch 410/422, Loss: 2.1373, LR: 0.000037
Epoch 51, Batch 420/422, Loss: 1.9523, LR: 0.000037

Train Loss: 1.9013
Val Loss: 4.9761
mAP@0.50=0.0071, mAP@0.50:0.95=0.0017, Precision=0.0318, Recall=0.0355, F1=0.0336

==================================================
Epoch 52/150
==================================================
Epoch 52, Batch 0/422, Loss: 1.8088, LR: 0.000037
Epoch 52, Batch 10/422, Loss: 1.8841, LR: 0.000037
Epoch 52, Batch 20/422, Loss: 2.1789, LR: 0.000037
Epoch 52, Batch 30/422, Loss: 1.7668, LR: 0.000037
Epoch 52, Batch 40/422, Loss: 1.7250, LR: 0.000037
Epoch 52, Batch 50/422, Loss: 1.9190, LR: 0.000037
Epoch 52, Batch 60/422, Loss: 1.7219, LR: 0.000037
Epoch 52, Batch 70/422, Loss: 1.8781, LR: 0.000037
Epoch 52, Batch 80/422, Loss: 1.9465, LR: 0.000037
Epoch 52, Batch 90/422, Loss: 1.7745, LR: 0.000037
Epoch 52, Batch 100/422, Loss: 1.7235, LR: 0.000037
Epoch 52, Batch 110/422, Loss: 2.1426, LR: 0.000037
Epoch 52, Batch 120/422, Loss: 1.9095, LR: 0.000037
Epoch 52, Batch 130/422, Loss: 1.9725, LR: 0.000037
Epoch 52, Batch 140/422, Loss: 1.8749, LR: 0.000037
Epoch 52, Batch 150/422, Loss: 1.9585, LR: 0.000037
Epoch 52, Batch 160/422, Loss: 1.7356, LR: 0.000037
Epoch 52, Batch 170/422, Loss: 1.7475, LR: 0.000037
Epoch 52, Batch 180/422, Loss: 1.8992, LR: 0.000037
Epoch 52, Batch 190/422, Loss: 1.8270, LR: 0.000037
Epoch 52, Batch 200/422, Loss: 1.9059, LR: 0.000037
Epoch 52, Batch 210/422, Loss: 1.8997, LR: 0.000037
Epoch 52, Batch 220/422, Loss: 1.9830, LR: 0.000037
Epoch 52, Batch 230/422, Loss: 1.7960, LR: 0.000037
Epoch 52, Batch 240/422, Loss: 1.9646, LR: 0.000037
Epoch 52, Batch 250/422, Loss: 2.0095, LR: 0.000037
Epoch 52, Batch 260/422, Loss: 1.8446, LR: 0.000037
Epoch 52, Batch 270/422, Loss: 1.5832, LR: 0.000037
Epoch 52, Batch 280/422, Loss: 2.0599, LR: 0.000037
Epoch 52, Batch 290/422, Loss: 1.6702, LR: 0.000037
Epoch 52, Batch 300/422, Loss: 2.0474, LR: 0.000037
Epoch 52, Batch 310/422, Loss: 1.7081, LR: 0.000037
Epoch 52, Batch 320/422, Loss: 1.7498, LR: 0.000037
Epoch 52, Batch 330/422, Loss: 2.0414, LR: 0.000037
Epoch 52, Batch 340/422, Loss: 1.9510, LR: 0.000037
Epoch 52, Batch 350/422, Loss: 1.6935, LR: 0.000037
Epoch 52, Batch 360/422, Loss: 1.7684, LR: 0.000037
Epoch 52, Batch 370/422, Loss: 1.5531, LR: 0.000037
Epoch 52, Batch 380/422, Loss: 1.7117, LR: 0.000037
Epoch 52, Batch 390/422, Loss: 1.9836, LR: 0.000037
Epoch 52, Batch 400/422, Loss: 1.6562, LR: 0.000037
Epoch 52, Batch 410/422, Loss: 2.0656, LR: 0.000037
Epoch 52, Batch 420/422, Loss: 1.7720, LR: 0.000037

Train Loss: 1.8562
Val Loss: 5.0341
mAP@0.50=0.0084, mAP@0.50:0.95=0.0020, Precision=0.0349, Recall=0.0386, F1=0.0366

==================================================
Epoch 53/150
==================================================
Epoch 53, Batch 0/422, Loss: 1.7946, LR: 0.000036
Epoch 53, Batch 10/422, Loss: 2.0976, LR: 0.000036
Epoch 53, Batch 20/422, Loss: 1.6334, LR: 0.000036
Epoch 53, Batch 30/422, Loss: 1.6812, LR: 0.000036
Epoch 53, Batch 40/422, Loss: 2.0556, LR: 0.000036
Epoch 53, Batch 50/422, Loss: 1.6301, LR: 0.000036
Epoch 53, Batch 60/422, Loss: 1.5818, LR: 0.000036
Epoch 53, Batch 70/422, Loss: 1.6308, LR: 0.000036
Epoch 53, Batch 80/422, Loss: 1.7545, LR: 0.000036
Epoch 53, Batch 90/422, Loss: 1.6429, LR: 0.000036
Epoch 53, Batch 100/422, Loss: 1.8831, LR: 0.000036
Epoch 53, Batch 110/422, Loss: 1.9482, LR: 0.000036
Epoch 53, Batch 120/422, Loss: 1.6406, LR: 0.000036
Epoch 53, Batch 130/422, Loss: 1.8423, LR: 0.000036
Epoch 53, Batch 140/422, Loss: 1.7852, LR: 0.000036
Epoch 53, Batch 150/422, Loss: 1.4779, LR: 0.000036
Epoch 53, Batch 160/422, Loss: 1.7807, LR: 0.000036
Epoch 53, Batch 170/422, Loss: 1.7607, LR: 0.000036
Epoch 53, Batch 180/422, Loss: 2.0450, LR: 0.000036
Epoch 53, Batch 190/422, Loss: 1.6520, LR: 0.000036
Epoch 53, Batch 200/422, Loss: 1.8061, LR: 0.000036
Epoch 53, Batch 210/422, Loss: 1.9966, LR: 0.000036
Epoch 53, Batch 220/422, Loss: 1.6422, LR: 0.000036
Epoch 53, Batch 230/422, Loss: 2.0266, LR: 0.000036
Epoch 53, Batch 240/422, Loss: 1.8651, LR: 0.000036
Epoch 53, Batch 250/422, Loss: 2.0726, LR: 0.000036
Epoch 53, Batch 260/422, Loss: 1.5757, LR: 0.000036
Epoch 53, Batch 270/422, Loss: 1.8133, LR: 0.000036
Epoch 53, Batch 280/422, Loss: 1.8772, LR: 0.000036
Epoch 53, Batch 290/422, Loss: 1.7929, LR: 0.000036
Epoch 53, Batch 300/422, Loss: 1.6540, LR: 0.000036
Epoch 53, Batch 310/422, Loss: 1.9340, LR: 0.000036
Epoch 53, Batch 320/422, Loss: 1.7742, LR: 0.000036
Epoch 53, Batch 330/422, Loss: 1.7381, LR: 0.000036
Epoch 53, Batch 340/422, Loss: 1.6894, LR: 0.000036
Epoch 53, Batch 350/422, Loss: 1.8825, LR: 0.000036
Epoch 53, Batch 360/422, Loss: 1.9037, LR: 0.000036
Epoch 53, Batch 370/422, Loss: 2.0117, LR: 0.000036
Epoch 53, Batch 380/422, Loss: 1.8386, LR: 0.000036
Epoch 53, Batch 390/422, Loss: 1.9715, LR: 0.000036
Epoch 53, Batch 400/422, Loss: 2.0047, LR: 0.000036
Epoch 53, Batch 410/422, Loss: 1.7048, LR: 0.000036
Epoch 53, Batch 420/422, Loss: 1.8641, LR: 0.000036

Train Loss: 1.8258
Val Loss: 5.0280
mAP@0.50=0.0093, mAP@0.50:0.95=0.0025, Precision=0.0359, Recall=0.0399, F1=0.0378

==================================================
Epoch 54/150
==================================================
Epoch 54, Batch 0/422, Loss: 1.7435, LR: 0.000036
Epoch 54, Batch 10/422, Loss: 1.9755, LR: 0.000036
Epoch 54, Batch 20/422, Loss: 1.8240, LR: 0.000036
Epoch 54, Batch 30/422, Loss: 2.0014, LR: 0.000036
Epoch 54, Batch 40/422, Loss: 1.9549, LR: 0.000036
Epoch 54, Batch 50/422, Loss: 1.6379, LR: 0.000036
Epoch 54, Batch 60/422, Loss: 1.7667, LR: 0.000036
Epoch 54, Batch 70/422, Loss: 1.9884, LR: 0.000036
Epoch 54, Batch 80/422, Loss: 1.8560, LR: 0.000036
Epoch 54, Batch 90/422, Loss: 1.4446, LR: 0.000036
Epoch 54, Batch 100/422, Loss: 1.6853, LR: 0.000036
Epoch 54, Batch 110/422, Loss: 1.8271, LR: 0.000036
Epoch 54, Batch 120/422, Loss: 1.4942, LR: 0.000036
Epoch 54, Batch 130/422, Loss: 1.6888, LR: 0.000036
Epoch 54, Batch 140/422, Loss: 1.7617, LR: 0.000036
Epoch 54, Batch 150/422, Loss: 1.7818, LR: 0.000036
Epoch 54, Batch 160/422, Loss: 2.0864, LR: 0.000036
Epoch 54, Batch 170/422, Loss: 1.7336, LR: 0.000036
Epoch 54, Batch 180/422, Loss: 1.7843, LR: 0.000036
Epoch 54, Batch 190/422, Loss: 1.8205, LR: 0.000036
Epoch 54, Batch 200/422, Loss: 1.7971, LR: 0.000036
Epoch 54, Batch 210/422, Loss: 2.0293, LR: 0.000036
Epoch 54, Batch 220/422, Loss: 1.6417, LR: 0.000036
Epoch 54, Batch 230/422, Loss: 1.6608, LR: 0.000036
Epoch 54, Batch 240/422, Loss: 2.0695, LR: 0.000036
Epoch 54, Batch 250/422, Loss: 2.0790, LR: 0.000036
Epoch 54, Batch 260/422, Loss: 1.4495, LR: 0.000036
Epoch 54, Batch 270/422, Loss: 1.8019, LR: 0.000036
Epoch 54, Batch 280/422, Loss: 2.0513, LR: 0.000036
Epoch 54, Batch 290/422, Loss: 1.7239, LR: 0.000036
Epoch 54, Batch 300/422, Loss: 1.5682, LR: 0.000036
Epoch 54, Batch 310/422, Loss: 1.6417, LR: 0.000036
Epoch 54, Batch 320/422, Loss: 1.7990, LR: 0.000036
Epoch 54, Batch 330/422, Loss: 1.8266, LR: 0.000036
Epoch 54, Batch 340/422, Loss: 1.7360, LR: 0.000036
Epoch 54, Batch 350/422, Loss: 1.9889, LR: 0.000036
Epoch 54, Batch 360/422, Loss: 1.8074, LR: 0.000036
Epoch 54, Batch 370/422, Loss: 1.8097, LR: 0.000036
Epoch 54, Batch 380/422, Loss: 1.8086, LR: 0.000036
Epoch 54, Batch 390/422, Loss: 1.9423, LR: 0.000036
Epoch 54, Batch 400/422, Loss: 1.7031, LR: 0.000036
Epoch 54, Batch 410/422, Loss: 2.0184, LR: 0.000036
Epoch 54, Batch 420/422, Loss: 1.6354, LR: 0.000036

Train Loss: 1.7906
Val Loss: 5.1339
mAP@0.50=0.0075, mAP@0.50:0.95=0.0016, Precision=0.0372, Recall=0.0411, F1=0.0390

==================================================
Epoch 55/150
==================================================
Epoch 55, Batch 0/422, Loss: 1.6979, LR: 0.000035
Epoch 55, Batch 10/422, Loss: 1.6874, LR: 0.000035
Epoch 55, Batch 20/422, Loss: 1.9792, LR: 0.000035
Epoch 55, Batch 30/422, Loss: 1.7523, LR: 0.000035
Epoch 55, Batch 40/422, Loss: 1.7502, LR: 0.000035
Epoch 55, Batch 50/422, Loss: 1.7322, LR: 0.000035
Epoch 55, Batch 60/422, Loss: 1.8294, LR: 0.000035
Epoch 55, Batch 70/422, Loss: 1.5774, LR: 0.000035
Epoch 55, Batch 80/422, Loss: 1.8345, LR: 0.000035
Epoch 55, Batch 90/422, Loss: 2.0416, LR: 0.000035
Epoch 55, Batch 100/422, Loss: 1.8090, LR: 0.000035
Epoch 55, Batch 110/422, Loss: 1.8836, LR: 0.000035
Epoch 55, Batch 120/422, Loss: 1.9272, LR: 0.000035
Epoch 55, Batch 130/422, Loss: 1.8670, LR: 0.000035
Epoch 55, Batch 140/422, Loss: 1.5127, LR: 0.000035
Epoch 55, Batch 150/422, Loss: 1.7326, LR: 0.000035
Epoch 55, Batch 160/422, Loss: 1.7905, LR: 0.000035
Epoch 55, Batch 170/422, Loss: 1.8492, LR: 0.000035
Epoch 55, Batch 180/422, Loss: 1.4752, LR: 0.000035
Epoch 55, Batch 190/422, Loss: 1.3486, LR: 0.000035
Epoch 55, Batch 200/422, Loss: 1.7720, LR: 0.000035
Epoch 55, Batch 210/422, Loss: 1.7201, LR: 0.000035
Epoch 55, Batch 220/422, Loss: 1.8113, LR: 0.000035
Epoch 55, Batch 230/422, Loss: 1.7344, LR: 0.000035
Epoch 55, Batch 240/422, Loss: 1.7520, LR: 0.000035
Epoch 55, Batch 250/422, Loss: 1.9281, LR: 0.000035
Epoch 55, Batch 260/422, Loss: 1.5200, LR: 0.000035
Epoch 55, Batch 270/422, Loss: 1.6461, LR: 0.000035
Epoch 55, Batch 280/422, Loss: 1.7584, LR: 0.000035
Epoch 55, Batch 290/422, Loss: 1.6086, LR: 0.000035
Epoch 55, Batch 300/422, Loss: 1.8941, LR: 0.000035
Epoch 55, Batch 310/422, Loss: 1.9717, LR: 0.000035
Epoch 55, Batch 320/422, Loss: 1.7807, LR: 0.000035
Epoch 55, Batch 330/422, Loss: 1.8235, LR: 0.000035
Epoch 55, Batch 340/422, Loss: 1.8628, LR: 0.000035
Epoch 55, Batch 350/422, Loss: 1.7848, LR: 0.000035
Epoch 55, Batch 360/422, Loss: 1.6829, LR: 0.000035
Epoch 55, Batch 370/422, Loss: 1.8208, LR: 0.000035
Epoch 55, Batch 380/422, Loss: 1.7677, LR: 0.000035
Epoch 55, Batch 390/422, Loss: 1.7599, LR: 0.000035
Epoch 55, Batch 400/422, Loss: 1.8203, LR: 0.000035
Epoch 55, Batch 410/422, Loss: 1.8443, LR: 0.000035
Epoch 55, Batch 420/422, Loss: 1.7918, LR: 0.000035

Train Loss: 1.7718
Val Loss: 5.1220
mAP@0.50=0.0085, mAP@0.50:0.95=0.0019, Precision=0.0378, Recall=0.0420, F1=0.0398
