coder@coder-sanderw-yesyes-759ccbcbb9-mzp47:~/computervisionprojectrepo$ uv run src/main.py --model faster-rcnn --epochs 150 --lr 0.0005 --optimizer adamw --weight-decay 0.0001 --checkpoint-dir checkpoints_rtdetr
Model: faster-rcnn  |  total params: 40.4M  trainable: 40.4M
Starting training from epoch 0 to 150
Device: cuda, Learning rate: 0.0005

==================================================
Epoch 0/150
==================================================
Epoch 0, Batch 0/422, Loss: 7.0673, LR: 0.000050
Epoch 0, Batch 10/422, Loss: 4.3712, LR: 0.000050
Epoch 0, Batch 20/422, Loss: 3.2595, LR: 0.000050
Epoch 0, Batch 30/422, Loss: 3.2066, LR: 0.000050
Epoch 0, Batch 40/422, Loss: 2.9511, LR: 0.000050
Epoch 0, Batch 50/422, Loss: 2.5196, LR: 0.000050
Epoch 0, Batch 60/422, Loss: 2.6046, LR: 0.000050
Epoch 0, Batch 70/422, Loss: 3.0089, LR: 0.000050
Epoch 0, Batch 80/422, Loss: 2.8972, LR: 0.000050
Epoch 0, Batch 90/422, Loss: 2.6074, LR: 0.000050
Epoch 0, Batch 100/422, Loss: 2.9111, LR: 0.000050
Epoch 0, Batch 110/422, Loss: 2.6855, LR: 0.000050
Epoch 0, Batch 120/422, Loss: 2.4977, LR: 0.000050
Epoch 0, Batch 130/422, Loss: 2.3191, LR: 0.000050
Epoch 0, Batch 140/422, Loss: 2.2425, LR: 0.000050
Epoch 0, Batch 150/422, Loss: 2.1661, LR: 0.000050
Epoch 0, Batch 160/422, Loss: 2.0185, LR: 0.000050
Epoch 0, Batch 170/422, Loss: 2.0909, LR: 0.000050
Epoch 0, Batch 180/422, Loss: 2.4682, LR: 0.000050
Epoch 0, Batch 190/422, Loss: 2.2210, LR: 0.000050
Epoch 0, Batch 200/422, Loss: 2.1156, LR: 0.000050
Epoch 0, Batch 210/422, Loss: 2.0445, LR: 0.000050
Epoch 0, Batch 220/422, Loss: 2.0269, LR: 0.000050
Epoch 0, Batch 230/422, Loss: 1.9214, LR: 0.000050
Epoch 0, Batch 240/422, Loss: 1.7626, LR: 0.000050
Epoch 0, Batch 250/422, Loss: 1.9574, LR: 0.000050
Epoch 0, Batch 260/422, Loss: 1.7948, LR: 0.000050
Epoch 0, Batch 270/422, Loss: 1.5774, LR: 0.000050
Epoch 0, Batch 280/422, Loss: 1.6775, LR: 0.000050
Epoch 0, Batch 290/422, Loss: 1.7399, LR: 0.000050
Epoch 0, Batch 300/422, Loss: 1.8253, LR: 0.000050
Epoch 0, Batch 310/422, Loss: 1.7916, LR: 0.000050
Epoch 0, Batch 320/422, Loss: 1.8987, LR: 0.000050
Epoch 0, Batch 330/422, Loss: 2.2743, LR: 0.000050
Epoch 0, Batch 340/422, Loss: 1.7019, LR: 0.000050
Epoch 0, Batch 350/422, Loss: 1.6821, LR: 0.000050
Epoch 0, Batch 360/422, Loss: 1.5383, LR: 0.000050
Epoch 0, Batch 370/422, Loss: 1.7751, LR: 0.000050
Epoch 0, Batch 380/422, Loss: 1.7247, LR: 0.000050
Epoch 0, Batch 390/422, Loss: 1.7052, LR: 0.000050
Epoch 0, Batch 400/422, Loss: 1.5624, LR: 0.000050
Epoch 0, Batch 410/422, Loss: 1.7938, LR: 0.000050
Epoch 0, Batch 420/422, Loss: 1.7665, LR: 0.000050

Train Loss: 2.2424
Val Loss: 1.7700
 mAP@0.50=0.2337, mAP@0.50:0.95=0.0786, Precision=0.3622, Recall=0.4141, F1=0.3864
Saved best model to checkpoints_rtdetr/best_model.pth

==================================================
Epoch 1/150
==================================================
Epoch 1, Batch 0/422, Loss: 1.4255, LR: 0.000050
Epoch 1, Batch 10/422, Loss: 1.8186, LR: 0.000050
Epoch 1, Batch 20/422, Loss: 1.5747, LR: 0.000050
Epoch 1, Batch 30/422, Loss: 1.7588, LR: 0.000050
Epoch 1, Batch 40/422, Loss: 1.4157, LR: 0.000050
Epoch 1, Batch 50/422, Loss: 1.8068, LR: 0.000050
Epoch 1, Batch 60/422, Loss: 1.4672, LR: 0.000050
Epoch 1, Batch 70/422, Loss: 1.7207, LR: 0.000050
Epoch 1, Batch 80/422, Loss: 1.3981, LR: 0.000050
Epoch 1, Batch 90/422, Loss: 1.2989, LR: 0.000050
Epoch 1, Batch 100/422, Loss: 1.6329, LR: 0.000050
Epoch 1, Batch 110/422, Loss: 1.6443, LR: 0.000050
Epoch 1, Batch 120/422, Loss: 1.4005, LR: 0.000050
Epoch 1, Batch 130/422, Loss: 1.3825, LR: 0.000050
Epoch 1, Batch 140/422, Loss: 1.3642, LR: 0.000050
Epoch 1, Batch 150/422, Loss: 1.5542, LR: 0.000050
Epoch 1, Batch 160/422, Loss: 1.5096, LR: 0.000050
Epoch 1, Batch 170/422, Loss: 1.5685, LR: 0.000050
Epoch 1, Batch 180/422, Loss: 1.3638, LR: 0.000050
Epoch 1, Batch 190/422, Loss: 1.4883, LR: 0.000050
Epoch 1, Batch 200/422, Loss: 1.4552, LR: 0.000050
Epoch 1, Batch 210/422, Loss: 1.4739, LR: 0.000050
Epoch 1, Batch 220/422, Loss: 1.5688, LR: 0.000050
Epoch 1, Batch 230/422, Loss: 1.4707, LR: 0.000050
Epoch 1, Batch 240/422, Loss: 1.4972, LR: 0.000050
Epoch 1, Batch 250/422, Loss: 1.0316, LR: 0.000050
Epoch 1, Batch 260/422, Loss: 1.4384, LR: 0.000050
Epoch 1, Batch 270/422, Loss: 1.4601, LR: 0.000050
Epoch 1, Batch 280/422, Loss: 1.4291, LR: 0.000050
Epoch 1, Batch 290/422, Loss: 1.3499, LR: 0.000050
Epoch 1, Batch 300/422, Loss: 1.5218, LR: 0.000050
Epoch 1, Batch 310/422, Loss: 1.2245, LR: 0.000050
Epoch 1, Batch 320/422, Loss: 1.2658, LR: 0.000050
Epoch 1, Batch 330/422, Loss: 1.6536, LR: 0.000050
Epoch 1, Batch 340/422, Loss: 1.5062, LR: 0.000050
Epoch 1, Batch 350/422, Loss: 1.0777, LR: 0.000050
Epoch 1, Batch 360/422, Loss: 1.5935, LR: 0.000050
Epoch 1, Batch 370/422, Loss: 1.2666, LR: 0.000050
Epoch 1, Batch 380/422, Loss: 1.4023, LR: 0.000050
Epoch 1, Batch 390/422, Loss: 1.4180, LR: 0.000050
Epoch 1, Batch 400/422, Loss: 1.2666, LR: 0.000050
Epoch 1, Batch 410/422, Loss: 1.4311, LR: 0.000050
Epoch 1, Batch 420/422, Loss: 1.4517, LR: 0.000050

Train Loss: 1.4679
Val Loss: 1.5435
mAP@0.50=0.3876, mAP@0.50:0.95=0.1526, Precision=0.4808, Recall=0.5498, F1=0.5130
Saved best model to checkpoints_rtdetr/best_model.pth

==================================================
Epoch 2/150
==================================================
Epoch 2, Batch 0/422, Loss: 1.3050, LR: 0.000050
Epoch 2, Batch 10/422, Loss: 1.3973, LR: 0.000050
Epoch 2, Batch 20/422, Loss: 1.5041, LR: 0.000050
Epoch 2, Batch 30/422, Loss: 1.1267, LR: 0.000050
Epoch 2, Batch 40/422, Loss: 1.2014, LR: 0.000050
Epoch 2, Batch 50/422, Loss: 1.6717, LR: 0.000050
Epoch 2, Batch 60/422, Loss: 1.1615, LR: 0.000050
Epoch 2, Batch 70/422, Loss: 1.5076, LR: 0.000050
Epoch 2, Batch 80/422, Loss: 1.5026, LR: 0.000050
Epoch 2, Batch 90/422, Loss: 1.3857, LR: 0.000050
Epoch 2, Batch 100/422, Loss: 1.2095, LR: 0.000050
Epoch 2, Batch 110/422, Loss: 1.0820, LR: 0.000050
Epoch 2, Batch 120/422, Loss: 1.2829, LR: 0.000050
Epoch 2, Batch 130/422, Loss: 1.3996, LR: 0.000050
Epoch 2, Batch 140/422, Loss: 1.2398, LR: 0.000050
Epoch 2, Batch 150/422, Loss: 1.5033, LR: 0.000050
Epoch 2, Batch 160/422, Loss: 1.2019, LR: 0.000050
Epoch 2, Batch 170/422, Loss: 1.1356, LR: 0.000050
Epoch 2, Batch 180/422, Loss: 1.1914, LR: 0.000050
Epoch 2, Batch 190/422, Loss: 1.2187, LR: 0.000050
Epoch 2, Batch 200/422, Loss: 1.1068, LR: 0.000050
Epoch 2, Batch 210/422, Loss: 1.3052, LR: 0.000050
Epoch 2, Batch 220/422, Loss: 1.0494, LR: 0.000050
Epoch 2, Batch 230/422, Loss: 1.1333, LR: 0.000050
Epoch 2, Batch 240/422, Loss: 1.0249, LR: 0.000050
Epoch 2, Batch 250/422, Loss: 1.3008, LR: 0.000050
Epoch 2, Batch 260/422, Loss: 1.0529, LR: 0.000050
Epoch 2, Batch 270/422, Loss: 1.2014, LR: 0.000050
Epoch 2, Batch 280/422, Loss: 1.3071, LR: 0.000050
Epoch 2, Batch 290/422, Loss: 1.2851, LR: 0.000050
Epoch 2, Batch 300/422, Loss: 1.1411, LR: 0.000050
Epoch 2, Batch 310/422, Loss: 1.1280, LR: 0.000050
Epoch 2, Batch 320/422, Loss: 1.0300, LR: 0.000050
Epoch 2, Batch 330/422, Loss: 0.9864, LR: 0.000050
Epoch 2, Batch 340/422, Loss: 1.2400, LR: 0.000050
Epoch 2, Batch 350/422, Loss: 1.5301, LR: 0.000050
Epoch 2, Batch 360/422, Loss: 1.1624, LR: 0.000050
Epoch 2, Batch 370/422, Loss: 1.2756, LR: 0.000050
Epoch 2, Batch 380/422, Loss: 0.9960, LR: 0.000050
Epoch 2, Batch 390/422, Loss: 1.2300, LR: 0.000050
Epoch 2, Batch 400/422, Loss: 1.1961, LR: 0.000050
Epoch 2, Batch 410/422, Loss: 1.1476, LR: 0.000050
Epoch 2, Batch 420/422, Loss: 1.3175, LR: 0.000050

Train Loss: 1.2177
Val Loss: 1.3771
mAP@0.50=0.4623, mAP@0.50:0.95=0.2001, Precision=0.5362, Recall=0.6131, F1=0.5721
Saved best model to checkpoints_rtdetr/best_model.pth

==================================================
Epoch 3/150
==================================================
Epoch 3, Batch 0/422, Loss: 0.8818, LR: 0.000050
Epoch 3, Batch 10/422, Loss: 1.3287, LR: 0.000050
Epoch 3, Batch 20/422, Loss: 1.2883, LR: 0.000050
Epoch 3, Batch 30/422, Loss: 1.1161, LR: 0.000050
Epoch 3, Batch 40/422, Loss: 1.3462, LR: 0.000050
Epoch 3, Batch 50/422, Loss: 1.0701, LR: 0.000050
Epoch 3, Batch 60/422, Loss: 0.9919, LR: 0.000050
Epoch 3, Batch 70/422, Loss: 1.1984, LR: 0.000050
Epoch 3, Batch 80/422, Loss: 1.0019, LR: 0.000050
Epoch 3, Batch 90/422, Loss: 1.2135, LR: 0.000050
Epoch 3, Batch 100/422, Loss: 1.1594, LR: 0.000050
Epoch 3, Batch 110/422, Loss: 1.0224, LR: 0.000050
Epoch 3, Batch 120/422, Loss: 1.1148, LR: 0.000050
Epoch 3, Batch 130/422, Loss: 1.0120, LR: 0.000050
Epoch 3, Batch 140/422, Loss: 0.9348, LR: 0.000050
Epoch 3, Batch 150/422, Loss: 1.2029, LR: 0.000050
Epoch 3, Batch 160/422, Loss: 1.0464, LR: 0.000050
Epoch 3, Batch 170/422, Loss: 1.1790, LR: 0.000050
Epoch 3, Batch 180/422, Loss: 0.9233, LR: 0.000050
Epoch 3, Batch 190/422, Loss: 0.8503, LR: 0.000050
Epoch 3, Batch 200/422, Loss: 0.8639, LR: 0.000050
Epoch 3, Batch 210/422, Loss: 0.9545, LR: 0.000050
Epoch 3, Batch 220/422, Loss: 1.1744, LR: 0.000050
Epoch 3, Batch 230/422, Loss: 0.9957, LR: 0.000050
Epoch 3, Batch 240/422, Loss: 1.0625, LR: 0.000050
Epoch 3, Batch 250/422, Loss: 1.0099, LR: 0.000050
Epoch 3, Batch 260/422, Loss: 1.0373, LR: 0.000050
Epoch 3, Batch 270/422, Loss: 0.9891, LR: 0.000050
Epoch 3, Batch 280/422, Loss: 1.0016, LR: 0.000050
Epoch 3, Batch 290/422, Loss: 1.0380, LR: 0.000050
Epoch 3, Batch 300/422, Loss: 0.8688, LR: 0.000050
Epoch 3, Batch 310/422, Loss: 0.9329, LR: 0.000050
Epoch 3, Batch 320/422, Loss: 0.9645, LR: 0.000050
Epoch 3, Batch 330/422, Loss: 1.2517, LR: 0.000050
Epoch 3, Batch 340/422, Loss: 1.1287, LR: 0.000050
Epoch 3, Batch 350/422, Loss: 1.1445, LR: 0.000050
Epoch 3, Batch 360/422, Loss: 0.9350, LR: 0.000050
Epoch 3, Batch 370/422, Loss: 0.8942, LR: 0.000050
Epoch 3, Batch 380/422, Loss: 1.1209, LR: 0.000050
Epoch 3, Batch 390/422, Loss: 0.8363, LR: 0.000050
Epoch 3, Batch 400/422, Loss: 1.0311, LR: 0.000050
Epoch 3, Batch 410/422, Loss: 1.0663, LR: 0.000050
Epoch 3, Batch 420/422, Loss: 1.2666, LR: 0.000050

Train Loss: 1.0672
Val Loss: 1.2898
mAP@0.50=0.5026, mAP@0.50:0.95=0.2230, Precision=0.5503, Recall=0.6292, F1=0.5871
Saved best model to checkpoints_rtdetr/best_model.pth

==================================================
Epoch 4/150
==================================================
Epoch 4, Batch 0/422, Loss: 0.7856, LR: 0.000050
Epoch 4, Batch 10/422, Loss: 0.9938, LR: 0.000050
Epoch 4, Batch 20/422, Loss: 0.8370, LR: 0.000050
Epoch 4, Batch 30/422, Loss: 1.1730, LR: 0.000050
Epoch 4, Batch 40/422, Loss: 0.9062, LR: 0.000050
Epoch 4, Batch 50/422, Loss: 1.1403, LR: 0.000050
Epoch 4, Batch 60/422, Loss: 1.1510, LR: 0.000050
Epoch 4, Batch 70/422, Loss: 1.0536, LR: 0.000050
Epoch 4, Batch 80/422, Loss: 0.9648, LR: 0.000050
Epoch 4, Batch 90/422, Loss: 1.1265, LR: 0.000050
Epoch 4, Batch 100/422, Loss: 1.2087, LR: 0.000050
Epoch 4, Batch 110/422, Loss: 0.9321, LR: 0.000050
Epoch 4, Batch 120/422, Loss: 1.0268, LR: 0.000050
Epoch 4, Batch 130/422, Loss: 1.0004, LR: 0.000050
Epoch 4, Batch 140/422, Loss: 1.0060, LR: 0.000050
Epoch 4, Batch 150/422, Loss: 0.9513, LR: 0.000050
Epoch 4, Batch 160/422, Loss: 1.0005, LR: 0.000050
Epoch 4, Batch 170/422, Loss: 0.8923, LR: 0.000050
Epoch 4, Batch 180/422, Loss: 0.8013, LR: 0.000050
Epoch 4, Batch 190/422, Loss: 1.1338, LR: 0.000050
Epoch 4, Batch 200/422, Loss: 1.0018, LR: 0.000050
Epoch 4, Batch 210/422, Loss: 0.8917, LR: 0.000050
Epoch 4, Batch 220/422, Loss: 0.9404, LR: 0.000050
Epoch 4, Batch 230/422, Loss: 0.9903, LR: 0.000050
Epoch 4, Batch 240/422, Loss: 1.0523, LR: 0.000050
Epoch 4, Batch 250/422, Loss: 1.0604, LR: 0.000050
Epoch 4, Batch 260/422, Loss: 1.0646, LR: 0.000050
Epoch 4, Batch 270/422, Loss: 1.0714, LR: 0.000050
Epoch 4, Batch 280/422, Loss: 1.0164, LR: 0.000050
Epoch 4, Batch 290/422, Loss: 0.8646, LR: 0.000050
Epoch 4, Batch 300/422, Loss: 0.8130, LR: 0.000050
Epoch 4, Batch 310/422, Loss: 0.7903, LR: 0.000050
Epoch 4, Batch 320/422, Loss: 0.9352, LR: 0.000050
Epoch 4, Batch 330/422, Loss: 0.9931, LR: 0.000050
Epoch 4, Batch 340/422, Loss: 0.9239, LR: 0.000050
Epoch 4, Batch 350/422, Loss: 0.9672, LR: 0.000050
Epoch 4, Batch 360/422, Loss: 0.8743, LR: 0.000050
Epoch 4, Batch 370/422, Loss: 0.9591, LR: 0.000050
Epoch 4, Batch 380/422, Loss: 0.8699, LR: 0.000050
Epoch 4, Batch 390/422, Loss: 0.8120, LR: 0.000050
Epoch 4, Batch 400/422, Loss: 0.8684, LR: 0.000050
Epoch 4, Batch 410/422, Loss: 0.9006, LR: 0.000050
Epoch 4, Batch 420/422, Loss: 1.0187, LR: 0.000050

Train Loss: 0.9716
Val Loss: 1.2590
mAP@0.50=0.5393, mAP@0.50:0.95=0.2567, Precision=0.5749, Recall=0.6573, F1=0.6133
Saved best model to checkpoints_rtdetr/best_model.pth

==================================================
Epoch 5/150
==================================================
Epoch 5, Batch 0/422, Loss: 0.9548, LR: 0.000050
Epoch 5, Batch 10/422, Loss: 0.9587, LR: 0.000050
Epoch 5, Batch 20/422, Loss: 0.9083, LR: 0.000050
Epoch 5, Batch 30/422, Loss: 0.8325, LR: 0.000050
Epoch 5, Batch 40/422, Loss: 0.8326, LR: 0.000050
Epoch 5, Batch 50/422, Loss: 0.8591, LR: 0.000050
Epoch 5, Batch 60/422, Loss: 1.0841, LR: 0.000050
Epoch 5, Batch 70/422, Loss: 0.8383, LR: 0.000050
Epoch 5, Batch 80/422, Loss: 0.9518, LR: 0.000050
Epoch 5, Batch 90/422, Loss: 0.9555, LR: 0.000050
Epoch 5, Batch 100/422, Loss: 1.0549, LR: 0.000050
Epoch 5, Batch 110/422, Loss: 1.0517, LR: 0.000050
Epoch 5, Batch 120/422, Loss: 0.7969, LR: 0.000050
Epoch 5, Batch 130/422, Loss: 0.7854, LR: 0.000050
Epoch 5, Batch 140/422, Loss: 0.8348, LR: 0.000050
Epoch 5, Batch 150/422, Loss: 0.7370, LR: 0.000050
Epoch 5, Batch 160/422, Loss: 0.8132, LR: 0.000050
Epoch 5, Batch 170/422, Loss: 0.7830, LR: 0.000050
Epoch 5, Batch 180/422, Loss: 0.9761, LR: 0.000050
Epoch 5, Batch 190/422, Loss: 0.8447, LR: 0.000050
Epoch 5, Batch 200/422, Loss: 0.8152, LR: 0.000050
Epoch 5, Batch 210/422, Loss: 0.9177, LR: 0.000050
Epoch 5, Batch 220/422, Loss: 0.7904, LR: 0.000050
Epoch 5, Batch 230/422, Loss: 0.7275, LR: 0.000050
Epoch 5, Batch 240/422, Loss: 0.8712, LR: 0.000050
Epoch 5, Batch 250/422, Loss: 0.9146, LR: 0.000050
Epoch 5, Batch 260/422, Loss: 0.6764, LR: 0.000050
Epoch 5, Batch 270/422, Loss: 0.9745, LR: 0.000050
Epoch 5, Batch 280/422, Loss: 0.7165, LR: 0.000050
Epoch 5, Batch 290/422, Loss: 0.7994, LR: 0.000050
Epoch 5, Batch 300/422, Loss: 1.0348, LR: 0.000050
Epoch 5, Batch 310/422, Loss: 1.2286, LR: 0.000050
Epoch 5, Batch 320/422, Loss: 0.8715, LR: 0.000050
Epoch 5, Batch 330/422, Loss: 0.8109, LR: 0.000050
Epoch 5, Batch 340/422, Loss: 0.7172, LR: 0.000050
Epoch 5, Batch 350/422, Loss: 0.7875, LR: 0.000050
Epoch 5, Batch 360/422, Loss: 0.7480, LR: 0.000050
Epoch 5, Batch 370/422, Loss: 0.7473, LR: 0.000050
Epoch 5, Batch 380/422, Loss: 0.8703, LR: 0.000050
Epoch 5, Batch 390/422, Loss: 0.7368, LR: 0.000050
Epoch 5, Batch 400/422, Loss: 0.7291, LR: 0.000050
Epoch 5, Batch 410/422, Loss: 0.8023, LR: 0.000050
Epoch 5, Batch 420/422, Loss: 0.6894, LR: 0.000050

Train Loss: 0.8899
Val Loss: 1.2307
mAP@0.50=0.5303, mAP@0.50:0.95=0.2582, Precision=0.5776, Recall=0.6604, F1=0.6162
Saved best model to checkpoints_rtdetr/best_model.pth

==================================================
Epoch 6/150
==================================================
Epoch 6, Batch 0/422, Loss: 0.7445, LR: 0.000050
Epoch 6, Batch 10/422, Loss: 0.6626, LR: 0.000050
Epoch 6, Batch 20/422, Loss: 0.8890, LR: 0.000050
Epoch 6, Batch 30/422, Loss: 0.7699, LR: 0.000050
Epoch 6, Batch 40/422, Loss: 0.6516, LR: 0.000050
Epoch 6, Batch 50/422, Loss: 0.7518, LR: 0.000050
Epoch 6, Batch 60/422, Loss: 0.8093, LR: 0.000050
Epoch 6, Batch 70/422, Loss: 0.8546, LR: 0.000050
Epoch 6, Batch 80/422, Loss: 0.9491, LR: 0.000050
Epoch 6, Batch 90/422, Loss: 0.7225, LR: 0.000050
Epoch 6, Batch 100/422, Loss: 0.8744, LR: 0.000050
Epoch 6, Batch 110/422, Loss: 0.7288, LR: 0.000050
Epoch 6, Batch 120/422, Loss: 0.9141, LR: 0.000050
Epoch 6, Batch 130/422, Loss: 0.8685, LR: 0.000050
Epoch 6, Batch 140/422, Loss: 1.1111, LR: 0.000050
Epoch 6, Batch 150/422, Loss: 0.9481, LR: 0.000050
Epoch 6, Batch 160/422, Loss: 0.7876, LR: 0.000050
Epoch 6, Batch 170/422, Loss: 0.7174, LR: 0.000050
Epoch 6, Batch 180/422, Loss: 0.8481, LR: 0.000050
Epoch 6, Batch 190/422, Loss: 0.7742, LR: 0.000050
Epoch 6, Batch 200/422, Loss: 0.7303, LR: 0.000050
Epoch 6, Batch 210/422, Loss: 0.8840, LR: 0.000050
Epoch 6, Batch 220/422, Loss: 0.6652, LR: 0.000050
Epoch 6, Batch 230/422, Loss: 0.6017, LR: 0.000050
Epoch 6, Batch 240/422, Loss: 0.7602, LR: 0.000050
Epoch 6, Batch 250/422, Loss: 0.7514, LR: 0.000050
Epoch 6, Batch 260/422, Loss: 1.0065, LR: 0.000050
Epoch 6, Batch 270/422, Loss: 0.8133, LR: 0.000050
Epoch 6, Batch 280/422, Loss: 0.7429, LR: 0.000050
Epoch 6, Batch 290/422, Loss: 0.8250, LR: 0.000050
Epoch 6, Batch 300/422, Loss: 0.9454, LR: 0.000050
Epoch 6, Batch 310/422, Loss: 0.7577, LR: 0.000050
Epoch 6, Batch 320/422, Loss: 0.7213, LR: 0.000050
Epoch 6, Batch 330/422, Loss: 0.7784, LR: 0.000050
Epoch 6, Batch 340/422, Loss: 0.6954, LR: 0.000050
Epoch 6, Batch 350/422, Loss: 0.8557, LR: 0.000050
Epoch 6, Batch 360/422, Loss: 0.8987, LR: 0.000050
Epoch 6, Batch 370/422, Loss: 0.9065, LR: 0.000050
Epoch 6, Batch 380/422, Loss: 0.7108, LR: 0.000050
Epoch 6, Batch 390/422, Loss: 0.7699, LR: 0.000050
Epoch 6, Batch 400/422, Loss: 0.9620, LR: 0.000050
Epoch 6, Batch 410/422, Loss: 0.9104, LR: 0.000050
Epoch 6, Batch 420/422, Loss: 0.6330, LR: 0.000050

Train Loss: 0.8244
Val Loss: 1.2145
mAP@0.50=0.5535, mAP@0.50:0.95=0.2734, Precision=0.5879, Recall=0.6669, F1=0.6249
Saved best model to checkpoints_rtdetr/best_model.pth

==================================================
Epoch 7/150
==================================================
Epoch 7, Batch 0/422, Loss: 0.6743, LR: 0.000050
Epoch 7, Batch 10/422, Loss: 0.8188, LR: 0.000050
Epoch 7, Batch 20/422, Loss: 0.8248, LR: 0.000050
Epoch 7, Batch 30/422, Loss: 0.8688, LR: 0.000050
Epoch 7, Batch 40/422, Loss: 0.6643, LR: 0.000050
Epoch 7, Batch 50/422, Loss: 0.8504, LR: 0.000050
Epoch 7, Batch 60/422, Loss: 0.7070, LR: 0.000050
Epoch 7, Batch 70/422, Loss: 0.7372, LR: 0.000050
Epoch 7, Batch 80/422, Loss: 0.7791, LR: 0.000050
Epoch 7, Batch 90/422, Loss: 0.7776, LR: 0.000050
Epoch 7, Batch 100/422, Loss: 0.8158, LR: 0.000050
Epoch 7, Batch 110/422, Loss: 0.7158, LR: 0.000050
Epoch 7, Batch 120/422, Loss: 0.7092, LR: 0.000050
Epoch 7, Batch 130/422, Loss: 0.7223, LR: 0.000050
Epoch 7, Batch 140/422, Loss: 0.7304, LR: 0.000050
Epoch 7, Batch 150/422, Loss: 0.7977, LR: 0.000050
Epoch 7, Batch 160/422, Loss: 0.7249, LR: 0.000050
Epoch 7, Batch 170/422, Loss: 0.6134, LR: 0.000050
Epoch 7, Batch 180/422, Loss: 0.7877, LR: 0.000050
Epoch 7, Batch 190/422, Loss: 0.8421, LR: 0.000050
Epoch 7, Batch 200/422, Loss: 0.9573, LR: 0.000050
Epoch 7, Batch 210/422, Loss: 0.9923, LR: 0.000050
Epoch 7, Batch 220/422, Loss: 0.6766, LR: 0.000050
Epoch 7, Batch 230/422, Loss: 0.7700, LR: 0.000050
Epoch 7, Batch 240/422, Loss: 0.6698, LR: 0.000050
Epoch 7, Batch 250/422, Loss: 0.7311, LR: 0.000050
Epoch 7, Batch 260/422, Loss: 0.7448, LR: 0.000050
Epoch 7, Batch 270/422, Loss: 0.8072, LR: 0.000050
Epoch 7, Batch 280/422, Loss: 0.6724, LR: 0.000050
Epoch 7, Batch 290/422, Loss: 0.7875, LR: 0.000050
Epoch 7, Batch 300/422, Loss: 0.6687, LR: 0.000050
Epoch 7, Batch 310/422, Loss: 0.6838, LR: 0.000050
Epoch 7, Batch 320/422, Loss: 0.8891, LR: 0.000050
Epoch 7, Batch 330/422, Loss: 0.8798, LR: 0.000050
Epoch 7, Batch 340/422, Loss: 0.9088, LR: 0.000050
Epoch 7, Batch 350/422, Loss: 0.7954, LR: 0.000050
Epoch 7, Batch 360/422, Loss: 0.8869, LR: 0.000050
Epoch 7, Batch 370/422, Loss: 0.6518, LR: 0.000050
Epoch 7, Batch 380/422, Loss: 0.8460, LR: 0.000050
Epoch 7, Batch 390/422, Loss: 0.5768, LR: 0.000050
Epoch 7, Batch 400/422, Loss: 0.8468, LR: 0.000050
Epoch 7, Batch 410/422, Loss: 0.7740, LR: 0.000050
Epoch 7, Batch 420/422, Loss: 0.5250, LR: 0.000050

Train Loss: 0.7762
Val Loss: 1.2371
mAP@0.50=0.5515, mAP@0.50:0.95=0.2821, Precision=0.5931, Recall=0.6703, F1=0.6293

==================================================
Epoch 8/150
==================================================
Epoch 8, Batch 0/422, Loss: 1.0710, LR: 0.000050
Epoch 8, Batch 10/422, Loss: 0.8088, LR: 0.000050
Epoch 8, Batch 20/422, Loss: 0.8066, LR: 0.000050
Epoch 8, Batch 30/422, Loss: 0.7843, LR: 0.000050
Epoch 8, Batch 40/422, Loss: 0.6561, LR: 0.000050
Epoch 8, Batch 50/422, Loss: 0.6410, LR: 0.000050
Epoch 8, Batch 60/422, Loss: 0.7684, LR: 0.000050
Epoch 8, Batch 70/422, Loss: 0.6969, LR: 0.000050
Epoch 8, Batch 80/422, Loss: 0.9116, LR: 0.000050
Epoch 8, Batch 90/422, Loss: 0.8364, LR: 0.000050
Epoch 8, Batch 100/422, Loss: 0.7193, LR: 0.000050
Epoch 8, Batch 110/422, Loss: 0.7572, LR: 0.000050
Epoch 8, Batch 120/422, Loss: 0.6948, LR: 0.000050
Epoch 8, Batch 130/422, Loss: 0.6842, LR: 0.000050
Epoch 8, Batch 140/422, Loss: 0.8888, LR: 0.000050
Epoch 8, Batch 150/422, Loss: 0.5844, LR: 0.000050
Epoch 8, Batch 160/422, Loss: 0.6154, LR: 0.000050
Epoch 8, Batch 170/422, Loss: 0.8332, LR: 0.000050
Epoch 8, Batch 180/422, Loss: 0.8637, LR: 0.000050
Epoch 8, Batch 190/422, Loss: 0.7723, LR: 0.000050
Epoch 8, Batch 200/422, Loss: 0.9941, LR: 0.000050
Epoch 8, Batch 210/422, Loss: 0.8310, LR: 0.000050
Epoch 8, Batch 220/422, Loss: 0.5877, LR: 0.000050
Epoch 8, Batch 230/422, Loss: 1.0394, LR: 0.000050
Epoch 8, Batch 240/422, Loss: 0.7858, LR: 0.000050
Epoch 8, Batch 250/422, Loss: 0.6758, LR: 0.000050
Epoch 8, Batch 260/422, Loss: 0.7952, LR: 0.000050
Epoch 8, Batch 270/422, Loss: 0.5758, LR: 0.000050
Epoch 8, Batch 280/422, Loss: 0.6382, LR: 0.000050
Epoch 8, Batch 290/422, Loss: 0.7079, LR: 0.000050
Epoch 8, Batch 300/422, Loss: 0.6823, LR: 0.000050
Epoch 8, Batch 310/422, Loss: 0.8404, LR: 0.000050
Epoch 8, Batch 320/422, Loss: 0.5958, LR: 0.000050
Epoch 8, Batch 330/422, Loss: 0.8067, LR: 0.000050
Epoch 8, Batch 340/422, Loss: 0.6669, LR: 0.000050
Epoch 8, Batch 350/422, Loss: 0.9513, LR: 0.000050
Epoch 8, Batch 360/422, Loss: 0.6170, LR: 0.000050
Epoch 8, Batch 370/422, Loss: 0.7970, LR: 0.000050
Epoch 8, Batch 380/422, Loss: 0.5655, LR: 0.000050
Epoch 8, Batch 390/422, Loss: 0.8010, LR: 0.000050
Epoch 8, Batch 400/422, Loss: 0.6707, LR: 0.000050
Epoch 8, Batch 410/422, Loss: 0.9413, LR: 0.000050
Epoch 8, Batch 420/422, Loss: 0.7498, LR: 0.000050

Train Loss: 0.7329
Val Loss: 1.2144
mAP@0.50=0.5647, mAP@0.50:0.95=0.2857, Precision=0.5908, Recall=0.6737, F1=0.6295
Saved best model to checkpoints_rtdetr/best_model.pth

==================================================
Epoch 9/150
==================================================
Epoch 9, Batch 0/422, Loss: 0.6706, LR: 0.000050
Epoch 9, Batch 10/422, Loss: 0.6975, LR: 0.000050
Epoch 9, Batch 20/422, Loss: 0.7812, LR: 0.000050
Epoch 9, Batch 30/422, Loss: 0.7131, LR: 0.000050
Epoch 9, Batch 40/422, Loss: 0.6363, LR: 0.000050
Epoch 9, Batch 50/422, Loss: 0.7430, LR: 0.000050
Epoch 9, Batch 60/422, Loss: 0.6212, LR: 0.000050
Epoch 9, Batch 70/422, Loss: 0.7309, LR: 0.000050
Epoch 9, Batch 80/422, Loss: 0.7656, LR: 0.000050
Epoch 9, Batch 90/422, Loss: 0.7588, LR: 0.000050
Epoch 9, Batch 100/422, Loss: 0.6040, LR: 0.000050
Epoch 9, Batch 110/422, Loss: 0.6341, LR: 0.000050
Epoch 9, Batch 120/422, Loss: 0.6524, LR: 0.000050
Epoch 9, Batch 130/422, Loss: 0.7439, LR: 0.000050
Epoch 9, Batch 140/422, Loss: 0.7284, LR: 0.000050
Epoch 9, Batch 150/422, Loss: 0.6987, LR: 0.000050
Epoch 9, Batch 160/422, Loss: 0.8176, LR: 0.000050
Epoch 9, Batch 170/422, Loss: 0.7219, LR: 0.000050
Epoch 9, Batch 180/422, Loss: 0.7338, LR: 0.000050
Epoch 9, Batch 190/422, Loss: 0.8290, LR: 0.000050
Epoch 9, Batch 200/422, Loss: 0.6739, LR: 0.000050
Epoch 9, Batch 210/422, Loss: 0.5378, LR: 0.000050
Epoch 9, Batch 220/422, Loss: 0.6115, LR: 0.000050
Epoch 9, Batch 230/422, Loss: 0.6426, LR: 0.000050
Epoch 9, Batch 240/422, Loss: 0.5800, LR: 0.000050
Epoch 9, Batch 250/422, Loss: 0.6854, LR: 0.000050
Epoch 9, Batch 260/422, Loss: 0.6050, LR: 0.000050
Epoch 9, Batch 270/422, Loss: 0.7880, LR: 0.000050
Epoch 9, Batch 280/422, Loss: 0.6791, LR: 0.000050
Epoch 9, Batch 290/422, Loss: 0.5968, LR: 0.000050
Epoch 9, Batch 300/422, Loss: 0.7197, LR: 0.000050
Epoch 9, Batch 310/422, Loss: 0.5539, LR: 0.000050
Epoch 9, Batch 320/422, Loss: 0.6194, LR: 0.000050
Epoch 9, Batch 330/422, Loss: 0.6077, LR: 0.000050
Epoch 9, Batch 340/422, Loss: 0.6810, LR: 0.000050
Epoch 9, Batch 350/422, Loss: 0.6173, LR: 0.000050
Epoch 9, Batch 360/422, Loss: 0.8029, LR: 0.000050
Epoch 9, Batch 370/422, Loss: 0.7048, LR: 0.000050
Epoch 9, Batch 380/422, Loss: 0.6264, LR: 0.000050
Epoch 9, Batch 390/422, Loss: 0.6210, LR: 0.000050
Epoch 9, Batch 400/422, Loss: 0.6977, LR: 0.000050
Epoch 9, Batch 410/422, Loss: 0.7207, LR: 0.000050
Epoch 9, Batch 420/422, Loss: 0.6019, LR: 0.000050

Train Loss: 0.7000
Val Loss: 1.2397
mAP@0.50=0.5743, mAP@0.50:0.95=0.2901, Precision=0.6075, Recall=0.6845, F1=0.6437

==================================================
Epoch 10/150
==================================================
Epoch 10, Batch 0/422, Loss: 0.7369, LR: 0.000049
Epoch 10, Batch 10/422, Loss: 0.6086, LR: 0.000049
Epoch 10, Batch 20/422, Loss: 0.8240, LR: 0.000049
Epoch 10, Batch 30/422, Loss: 0.5466, LR: 0.000049
Epoch 10, Batch 40/422, Loss: 0.6169, LR: 0.000049
Epoch 10, Batch 50/422, Loss: 0.5011, LR: 0.000049
Epoch 10, Batch 60/422, Loss: 0.7465, LR: 0.000049
Epoch 10, Batch 70/422, Loss: 0.6330, LR: 0.000049
Epoch 10, Batch 80/422, Loss: 0.6890, LR: 0.000049
Epoch 10, Batch 90/422, Loss: 0.6397, LR: 0.000049
Epoch 10, Batch 100/422, Loss: 0.6389, LR: 0.000049
Epoch 10, Batch 110/422, Loss: 0.5997, LR: 0.000049
Epoch 10, Batch 120/422, Loss: 0.4861, LR: 0.000049
Epoch 10, Batch 130/422, Loss: 0.7525, LR: 0.000049
Epoch 10, Batch 140/422, Loss: 0.5951, LR: 0.000049
Epoch 10, Batch 150/422, Loss: 0.7290, LR: 0.000049
Epoch 10, Batch 160/422, Loss: 0.5382, LR: 0.000049
Epoch 10, Batch 170/422, Loss: 0.6502, LR: 0.000049
Epoch 10, Batch 180/422, Loss: 0.5493, LR: 0.000049
Epoch 10, Batch 190/422, Loss: 0.6508, LR: 0.000049
Epoch 10, Batch 200/422, Loss: 0.6630, LR: 0.000049
Epoch 10, Batch 210/422, Loss: 0.7360, LR: 0.000049
Epoch 10, Batch 220/422, Loss: 0.6905, LR: 0.000049
Epoch 10, Batch 230/422, Loss: 0.7162, LR: 0.000049
Epoch 10, Batch 240/422, Loss: 0.7406, LR: 0.000049
Epoch 10, Batch 250/422, Loss: 0.7662, LR: 0.000049
Epoch 10, Batch 260/422, Loss: 0.5185, LR: 0.000049
Epoch 10, Batch 270/422, Loss: 0.6441, LR: 0.000049
Epoch 10, Batch 280/422, Loss: 0.5173, LR: 0.000049
Epoch 10, Batch 290/422, Loss: 0.6418, LR: 0.000049
Epoch 10, Batch 300/422, Loss: 0.5132, LR: 0.000049
Epoch 10, Batch 310/422, Loss: 0.6423, LR: 0.000049
Epoch 10, Batch 320/422, Loss: 0.6634, LR: 0.000049
Epoch 10, Batch 330/422, Loss: 0.7051, LR: 0.000049
Epoch 10, Batch 340/422, Loss: 0.6476, LR: 0.000049
Epoch 10, Batch 350/422, Loss: 0.6933, LR: 0.000049
Epoch 10, Batch 360/422, Loss: 0.8211, LR: 0.000049
Epoch 10, Batch 370/422, Loss: 0.5495, LR: 0.000049
Epoch 10, Batch 380/422, Loss: 0.8068, LR: 0.000049
Epoch 10, Batch 390/422, Loss: 0.6599, LR: 0.000049
Epoch 10, Batch 400/422, Loss: 0.8982, LR: 0.000049
Epoch 10, Batch 410/422, Loss: 0.7692, LR: 0.000049
Epoch 10, Batch 420/422, Loss: 0.7127, LR: 0.000049

Train Loss: 0.6626
Val Loss: 1.2217
mAP@0.50=0.5655, mAP@0.50:0.95=0.2885, Precision=0.6109, Recall=0.6808, F1=0.6440

==================================================
Epoch 11/150
==================================================
Epoch 11, Batch 0/422, Loss: 0.7133, LR: 0.000049
Epoch 11, Batch 10/422, Loss: 0.5166, LR: 0.000049
Epoch 11, Batch 20/422, Loss: 0.6764, LR: 0.000049
Epoch 11, Batch 30/422, Loss: 0.7168, LR: 0.000049
Epoch 11, Batch 40/422, Loss: 0.5624, LR: 0.000049
Epoch 11, Batch 50/422, Loss: 0.5710, LR: 0.000049
Epoch 11, Batch 60/422, Loss: 0.6204, LR: 0.000049
Epoch 11, Batch 70/422, Loss: 0.4662, LR: 0.000049
Epoch 11, Batch 80/422, Loss: 0.6848, LR: 0.000049
Epoch 11, Batch 90/422, Loss: 0.6369, LR: 0.000049
Epoch 11, Batch 100/422, Loss: 0.5965, LR: 0.000049
Epoch 11, Batch 110/422, Loss: 0.5998, LR: 0.000049
Epoch 11, Batch 120/422, Loss: 0.4863, LR: 0.000049
Epoch 11, Batch 130/422, Loss: 0.7174, LR: 0.000049
Epoch 11, Batch 140/422, Loss: 0.6572, LR: 0.000049
Epoch 11, Batch 150/422, Loss: 0.6690, LR: 0.000049
Epoch 11, Batch 160/422, Loss: 0.6157, LR: 0.000049
Epoch 11, Batch 170/422, Loss: 0.7203, LR: 0.000049
Epoch 11, Batch 180/422, Loss: 0.5956, LR: 0.000049
Epoch 11, Batch 190/422, Loss: 0.6856, LR: 0.000049
Epoch 11, Batch 200/422, Loss: 0.5892, LR: 0.000049
Epoch 11, Batch 210/422, Loss: 0.5778, LR: 0.000049
Epoch 11, Batch 220/422, Loss: 0.5490, LR: 0.000049
Epoch 11, Batch 230/422, Loss: 0.6786, LR: 0.000049
Epoch 11, Batch 240/422, Loss: 0.4935, LR: 0.000049
Epoch 11, Batch 250/422, Loss: 0.5788, LR: 0.000049
Epoch 11, Batch 260/422, Loss: 0.4091, LR: 0.000049
Epoch 11, Batch 270/422, Loss: 0.4497, LR: 0.000049
Epoch 11, Batch 280/422, Loss: 0.5966, LR: 0.000049
Epoch 11, Batch 290/422, Loss: 0.4720, LR: 0.000049
Epoch 11, Batch 300/422, Loss: 0.6890, LR: 0.000049
Epoch 11, Batch 310/422, Loss: 0.5738, LR: 0.000049
Epoch 11, Batch 320/422, Loss: 0.5612, LR: 0.000049
Epoch 11, Batch 330/422, Loss: 0.8424, LR: 0.000049
Epoch 11, Batch 340/422, Loss: 0.7435, LR: 0.000049
Epoch 11, Batch 350/422, Loss: 0.6518, LR: 0.000049
Epoch 11, Batch 360/422, Loss: 0.5205, LR: 0.000049
Epoch 11, Batch 370/422, Loss: 0.7288, LR: 0.000049
Epoch 11, Batch 380/422, Loss: 0.7067, LR: 0.000049
Epoch 11, Batch 390/422, Loss: 0.6976, LR: 0.000049
Epoch 11, Batch 400/422, Loss: 0.7311, LR: 0.000049
Epoch 11, Batch 410/422, Loss: 0.6948, LR: 0.000049
Epoch 11, Batch 420/422, Loss: 0.6956, LR: 0.000049

Train Loss: 0.6350
Val Loss: 1.2212
mAP@0.50=0.5850, mAP@0.50:0.95=0.3024, Precision=0.6202, Recall=0.6897, F1=0.6531

==================================================
Epoch 12/150
==================================================
Epoch 12, Batch 0/422, Loss: 0.6997, LR: 0.000049
Epoch 12, Batch 10/422, Loss: 0.7324, LR: 0.000049
Epoch 12, Batch 20/422, Loss: 0.7284, LR: 0.000049
Epoch 12, Batch 30/422, Loss: 0.6634, LR: 0.000049
Epoch 12, Batch 40/422, Loss: 0.6457, LR: 0.000049
Epoch 12, Batch 50/422, Loss: 0.5370, LR: 0.000049
Epoch 12, Batch 60/422, Loss: 0.5840, LR: 0.000049
Epoch 12, Batch 70/422, Loss: 0.6794, LR: 0.000049
Epoch 12, Batch 80/422, Loss: 0.4411, LR: 0.000049
Epoch 12, Batch 90/422, Loss: 0.7432, LR: 0.000049
Epoch 12, Batch 100/422, Loss: 0.5433, LR: 0.000049
Epoch 12, Batch 110/422, Loss: 0.5754, LR: 0.000049
Epoch 12, Batch 120/422, Loss: 0.6920, LR: 0.000049
Epoch 12, Batch 130/422, Loss: 0.8589, LR: 0.000049
Epoch 12, Batch 140/422, Loss: 0.4917, LR: 0.000049
Epoch 12, Batch 150/422, Loss: 0.5205, LR: 0.000049
Epoch 12, Batch 160/422, Loss: 0.6318, LR: 0.000049
Epoch 12, Batch 170/422, Loss: 0.4872, LR: 0.000049
Epoch 12, Batch 180/422, Loss: 0.5872, LR: 0.000049
Epoch 12, Batch 190/422, Loss: 0.8258, LR: 0.000049
Epoch 12, Batch 200/422, Loss: 0.5091, LR: 0.000049
Epoch 12, Batch 210/422, Loss: 0.5345, LR: 0.000049
Epoch 12, Batch 220/422, Loss: 0.6431, LR: 0.000049
Epoch 12, Batch 230/422, Loss: 0.6226, LR: 0.000049
Epoch 12, Batch 240/422, Loss: 0.6805, LR: 0.000049
Epoch 12, Batch 250/422, Loss: 0.6916, LR: 0.000049
Epoch 12, Batch 260/422, Loss: 0.5470, LR: 0.000049
Epoch 12, Batch 270/422, Loss: 0.6888, LR: 0.000049
Epoch 12, Batch 280/422, Loss: 0.6052, LR: 0.000049
Epoch 12, Batch 290/422, Loss: 0.5461, LR: 0.000049
Epoch 12, Batch 300/422, Loss: 0.6431, LR: 0.000049
Epoch 12, Batch 310/422, Loss: 0.6366, LR: 0.000049
Epoch 12, Batch 320/422, Loss: 0.6072, LR: 0.000049
Epoch 12, Batch 330/422, Loss: 0.5793, LR: 0.000049
Epoch 12, Batch 340/422, Loss: 0.7622, LR: 0.000049
Epoch 12, Batch 350/422, Loss: 0.6244, LR: 0.000049
Epoch 12, Batch 360/422, Loss: 0.4512, LR: 0.000049
Epoch 12, Batch 370/422, Loss: 0.5706, LR: 0.000049
Epoch 12, Batch 380/422, Loss: 0.5795, LR: 0.000049
Epoch 12, Batch 390/422, Loss: 0.5803, LR: 0.000049
Epoch 12, Batch 400/422, Loss: 0.6330, LR: 0.000049
Epoch 12, Batch 410/422, Loss: 0.4755, LR: 0.000049
Epoch 12, Batch 420/422, Loss: 0.5583, LR: 0.000049

Train Loss: 0.6077
Val Loss: 1.2597
mAP@0.50=0.5834, mAP@0.50:0.95=0.3077, Precision=0.6195, Recall=0.6904, F1=0.6530

==================================================
Epoch 13/150
==================================================
Epoch 13, Batch 0/422, Loss: 0.7027, LR: 0.000049
Epoch 13, Batch 10/422, Loss: 0.5087, LR: 0.000049
Epoch 13, Batch 20/422, Loss: 0.5529, LR: 0.000049
Epoch 13, Batch 30/422, Loss: 0.5619, LR: 0.000049
Epoch 13, Batch 40/422, Loss: 0.5334, LR: 0.000049
Epoch 13, Batch 50/422, Loss: 0.5003, LR: 0.000049
Epoch 13, Batch 60/422, Loss: 0.5203, LR: 0.000049
Epoch 13, Batch 70/422, Loss: 0.6954, LR: 0.000049
Epoch 13, Batch 80/422, Loss: 0.5649, LR: 0.000049
Epoch 13, Batch 90/422, Loss: 0.5881, LR: 0.000049
Epoch 13, Batch 100/422, Loss: 0.7128, LR: 0.000049
Epoch 13, Batch 110/422, Loss: 0.4601, LR: 0.000049
Epoch 13, Batch 120/422, Loss: 0.6031, LR: 0.000049
Epoch 13, Batch 130/422, Loss: 0.6237, LR: 0.000049
Epoch 13, Batch 140/422, Loss: 0.6221, LR: 0.000049
Epoch 13, Batch 150/422, Loss: 0.7081, LR: 0.000049
Epoch 13, Batch 160/422, Loss: 0.5361, LR: 0.000049
Epoch 13, Batch 170/422, Loss: 0.5739, LR: 0.000049
Epoch 13, Batch 180/422, Loss: 0.6466, LR: 0.000049
Epoch 13, Batch 190/422, Loss: 0.6708, LR: 0.000049
Epoch 13, Batch 200/422, Loss: 0.6352, LR: 0.000049
Epoch 13, Batch 210/422, Loss: 0.7302, LR: 0.000049
Epoch 13, Batch 220/422, Loss: 0.6716, LR: 0.000049
Epoch 13, Batch 230/422, Loss: 0.6213, LR: 0.000049
Epoch 13, Batch 240/422, Loss: 0.6245, LR: 0.000049
Epoch 13, Batch 250/422, Loss: 0.6213, LR: 0.000049
Epoch 13, Batch 260/422, Loss: 0.4638, LR: 0.000049
Epoch 13, Batch 270/422, Loss: 0.3860, LR: 0.000049
Epoch 13, Batch 280/422, Loss: 0.7662, LR: 0.000049
Epoch 13, Batch 290/422, Loss: 0.4660, LR: 0.000049
Epoch 13, Batch 300/422, Loss: 0.4745, LR: 0.000049
Epoch 13, Batch 310/422, Loss: 0.6216, LR: 0.000049
Epoch 13, Batch 320/422, Loss: 0.6739, LR: 0.000049
Epoch 13, Batch 330/422, Loss: 0.4628, LR: 0.000049
Epoch 13, Batch 340/422, Loss: 0.7128, LR: 0.000049
Epoch 13, Batch 350/422, Loss: 0.6409, LR: 0.000049
Epoch 13, Batch 360/422, Loss: 0.5676, LR: 0.000049
Epoch 13, Batch 370/422, Loss: 0.7544, LR: 0.000049
Epoch 13, Batch 380/422, Loss: 0.6551, LR: 0.000049
Epoch 13, Batch 390/422, Loss: 0.5776, LR: 0.000049
Epoch 13, Batch 400/422, Loss: 0.7116, LR: 0.000049
Epoch 13, Batch 410/422, Loss: 0.6005, LR: 0.000049
Epoch 13, Batch 420/422, Loss: 0.6183, LR: 0.000049

Train Loss: 0.5864
Val Loss: 1.2442
mAP@0.50=0.5701, mAP@0.50:0.95=0.2957, Precision=0.6095, Recall=0.6820, F1=0.6437

==================================================
Epoch 14/150
==================================================
Epoch 14, Batch 0/422, Loss: 0.5210, LR: 0.000049
Epoch 14, Batch 10/422, Loss: 0.5458, LR: 0.000049
Epoch 14, Batch 20/422, Loss: 0.5394, LR: 0.000049
Epoch 14, Batch 30/422, Loss: 0.6206, LR: 0.000049
Epoch 14, Batch 40/422, Loss: 0.7561, LR: 0.000049
Epoch 14, Batch 50/422, Loss: 0.4943, LR: 0.000049
Epoch 14, Batch 60/422, Loss: 0.6148, LR: 0.000049
Epoch 14, Batch 70/422, Loss: 0.4271, LR: 0.000049
Epoch 14, Batch 80/422, Loss: 0.4329, LR: 0.000049
Epoch 14, Batch 90/422, Loss: 0.5172, LR: 0.000049
Epoch 14, Batch 100/422, Loss: 0.5532, LR: 0.000049
Epoch 14, Batch 110/422, Loss: 0.5820, LR: 0.000049
Epoch 14, Batch 120/422, Loss: 0.6243, LR: 0.000049
Epoch 14, Batch 130/422, Loss: 0.7097, LR: 0.000049
Epoch 14, Batch 140/422, Loss: 0.6080, LR: 0.000049
Epoch 14, Batch 150/422, Loss: 0.5680, LR: 0.000049
Epoch 14, Batch 160/422, Loss: 0.5710, LR: 0.000049
Epoch 14, Batch 170/422, Loss: 0.7830, LR: 0.000049
Epoch 14, Batch 180/422, Loss: 0.5968, LR: 0.000049
Epoch 14, Batch 190/422, Loss: 0.5432, LR: 0.000049
Epoch 14, Batch 200/422, Loss: 0.5474, LR: 0.000049
Epoch 14, Batch 210/422, Loss: 0.4770, LR: 0.000049
Epoch 14, Batch 220/422, Loss: 0.6819, LR: 0.000049
Epoch 14, Batch 230/422, Loss: 0.5361, LR: 0.000049
Epoch 14, Batch 240/422, Loss: 0.5198, LR: 0.000049
Epoch 14, Batch 250/422, Loss: 0.5996, LR: 0.000049
Epoch 14, Batch 260/422, Loss: 0.5791, LR: 0.000049
Epoch 14, Batch 270/422, Loss: 0.5975, LR: 0.000049
Epoch 14, Batch 280/422, Loss: 0.5485, LR: 0.000049
Epoch 14, Batch 290/422, Loss: 0.5729, LR: 0.000049
Epoch 14, Batch 300/422, Loss: 0.6224, LR: 0.000049
Epoch 14, Batch 310/422, Loss: 0.4882, LR: 0.000049
Epoch 14, Batch 320/422, Loss: 0.3899, LR: 0.000049
Epoch 14, Batch 330/422, Loss: 0.5288, LR: 0.000049
Epoch 14, Batch 340/422, Loss: 0.5795, LR: 0.000049
Epoch 14, Batch 350/422, Loss: 0.5014, LR: 0.000049
Epoch 14, Batch 360/422, Loss: 0.4707, LR: 0.000049
Epoch 14, Batch 370/422, Loss: 0.5864, LR: 0.000049
Epoch 14, Batch 380/422, Loss: 0.5012, LR: 0.000049
Epoch 14, Batch 390/422, Loss: 0.5375, LR: 0.000049
Epoch 14, Batch 400/422, Loss: 0.4342, LR: 0.000049
Epoch 14, Batch 410/422, Loss: 0.7200, LR: 0.000049
Epoch 14, Batch 420/422, Loss: 0.5949, LR: 0.000049

Train Loss: 0.5643
Val Loss: 1.2374
mAP@0.50=0.5876, mAP@0.50:0.95=0.3064, Precision=0.6235, Recall=0.6925, F1=0.6562

==================================================
Epoch 15/150
==================================================
Epoch 15, Batch 0/422, Loss: 0.4937, LR: 0.000049
Epoch 15, Batch 10/422, Loss: 0.5898, LR: 0.000049
Epoch 15, Batch 20/422, Loss: 0.5156, LR: 0.000049
Epoch 15, Batch 30/422, Loss: 0.7211, LR: 0.000049
Epoch 15, Batch 40/422, Loss: 0.5463, LR: 0.000049
Epoch 15, Batch 50/422, Loss: 0.6077, LR: 0.000049
Epoch 15, Batch 60/422, Loss: 0.4298, LR: 0.000049
Epoch 15, Batch 70/422, Loss: 0.5627, LR: 0.000049
Epoch 15, Batch 80/422, Loss: 0.5188, LR: 0.000049
Epoch 15, Batch 90/422, Loss: 0.4243, LR: 0.000049
Epoch 15, Batch 100/422, Loss: 0.6514, LR: 0.000049
Epoch 15, Batch 110/422, Loss: 0.6451, LR: 0.000049
Epoch 15, Batch 120/422, Loss: 0.4819, LR: 0.000049
Epoch 15, Batch 130/422, Loss: 0.6222, LR: 0.000049
Epoch 15, Batch 140/422, Loss: 0.4974, LR: 0.000049
Epoch 15, Batch 150/422, Loss: 0.6336, LR: 0.000049
Epoch 15, Batch 160/422, Loss: 0.5929, LR: 0.000049
Epoch 15, Batch 170/422, Loss: 0.4829, LR: 0.000049
Epoch 15, Batch 180/422, Loss: 0.4156, LR: 0.000049
Epoch 15, Batch 190/422, Loss: 0.4021, LR: 0.000049
Epoch 15, Batch 200/422, Loss: 0.5548, LR: 0.000049
Epoch 15, Batch 210/422, Loss: 0.4019, LR: 0.000049
Epoch 15, Batch 220/422, Loss: 0.5778, LR: 0.000049
Epoch 15, Batch 230/422, Loss: 0.4549, LR: 0.000049
Epoch 15, Batch 240/422, Loss: 0.4623, LR: 0.000049
Epoch 15, Batch 250/422, Loss: 0.6216, LR: 0.000049
Epoch 15, Batch 260/422, Loss: 0.5628, LR: 0.000049
Epoch 15, Batch 270/422, Loss: 0.5103, LR: 0.000049
Epoch 15, Batch 280/422, Loss: 0.5150, LR: 0.000049
Epoch 15, Batch 290/422, Loss: 0.6345, LR: 0.000049
Epoch 15, Batch 300/422, Loss: 0.4683, LR: 0.000049
Epoch 15, Batch 310/422, Loss: 0.5975, LR: 0.000049
Epoch 15, Batch 320/422, Loss: 0.6076, LR: 0.000049
Epoch 15, Batch 330/422, Loss: 0.6053, LR: 0.000049
Epoch 15, Batch 340/422, Loss: 0.3951, LR: 0.000049
Epoch 15, Batch 350/422, Loss: 0.5067, LR: 0.000049
Epoch 15, Batch 360/422, Loss: 0.5873, LR: 0.000049
Epoch 15, Batch 370/422, Loss: 0.4624, LR: 0.000049
Epoch 15, Batch 380/422, Loss: 0.5024, LR: 0.000049
Epoch 15, Batch 390/422, Loss: 0.3415, LR: 0.000049
Epoch 15, Batch 400/422, Loss: 0.5325, LR: 0.000049
Epoch 15, Batch 410/422, Loss: 0.5109, LR: 0.000049
Epoch 15, Batch 420/422, Loss: 0.4860, LR: 0.000049

Train Loss: 0.5425
Val Loss: 1.2683
mAP@0.50=0.5946, mAP@0.50:0.95=0.3115, Precision=0.6202, Recall=0.6904, F1=0.6534

==================================================
Epoch 16/150
==================================================
Epoch 16, Batch 0/422, Loss: 0.6336, LR: 0.000049
Epoch 16, Batch 10/422, Loss: 0.4527, LR: 0.000049
Epoch 16, Batch 20/422, Loss: 0.4231, LR: 0.000049
Epoch 16, Batch 30/422, Loss: 0.5133, LR: 0.000049
Epoch 16, Batch 40/422, Loss: 0.6245, LR: 0.000049
Epoch 16, Batch 50/422, Loss: 0.4721, LR: 0.000049
Epoch 16, Batch 60/422, Loss: 0.4961, LR: 0.000049
Epoch 16, Batch 70/422, Loss: 0.4853, LR: 0.000049
Epoch 16, Batch 80/422, Loss: 0.6541, LR: 0.000049
Epoch 16, Batch 90/422, Loss: 0.6643, LR: 0.000049
Epoch 16, Batch 100/422, Loss: 0.3959, LR: 0.000049
Epoch 16, Batch 110/422, Loss: 0.5493, LR: 0.000049
Epoch 16, Batch 120/422, Loss: 0.6705, LR: 0.000049
Epoch 16, Batch 130/422, Loss: 0.4595, LR: 0.000049
Epoch 16, Batch 140/422, Loss: 0.4672, LR: 0.000049
Epoch 16, Batch 150/422, Loss: 0.7210, LR: 0.000049
Epoch 16, Batch 160/422, Loss: 0.5428, LR: 0.000049
Epoch 16, Batch 170/422, Loss: 0.4483, LR: 0.000049
Epoch 16, Batch 180/422, Loss: 0.6373, LR: 0.000049
Epoch 16, Batch 190/422, Loss: 0.5259, LR: 0.000049
Epoch 16, Batch 200/422, Loss: 0.6322, LR: 0.000049
Epoch 16, Batch 210/422, Loss: 0.4703, LR: 0.000049
Epoch 16, Batch 220/422, Loss: 0.4738, LR: 0.000049
Epoch 16, Batch 230/422, Loss: 0.5833, LR: 0.000049
Epoch 16, Batch 240/422, Loss: 0.5756, LR: 0.000049
Epoch 16, Batch 250/422, Loss: 0.3729, LR: 0.000049
Epoch 16, Batch 260/422, Loss: 0.5078, LR: 0.000049
Epoch 16, Batch 270/422, Loss: 0.7008, LR: 0.000049
Epoch 16, Batch 280/422, Loss: 0.6196, LR: 0.000049
Epoch 16, Batch 290/422, Loss: 0.4122, LR: 0.000049
Epoch 16, Batch 300/422, Loss: 0.5640, LR: 0.000049
Epoch 16, Batch 310/422, Loss: 0.4664, LR: 0.000049
Epoch 16, Batch 320/422, Loss: 0.5328, LR: 0.000049
Epoch 16, Batch 330/422, Loss: 0.5704, LR: 0.000049
Epoch 16, Batch 340/422, Loss: 0.4161, LR: 0.000049
Epoch 16, Batch 350/422, Loss: 0.6392, LR: 0.000049
Epoch 16, Batch 360/422, Loss: 0.5533, LR: 0.000049
Epoch 16, Batch 370/422, Loss: 0.5208, LR: 0.000049
Epoch 16, Batch 380/422, Loss: 0.8513, LR: 0.000049
Epoch 16, Batch 390/422, Loss: 0.4472, LR: 0.000049
Epoch 16, Batch 400/422, Loss: 0.5086, LR: 0.000049
Epoch 16, Batch 410/422, Loss: 0.5847, LR: 0.000049
Epoch 16, Batch 420/422, Loss: 0.4589, LR: 0.000049

Train Loss: 0.5276
Val Loss: 1.2550
mAP@0.50=0.5682, mAP@0.50:0.95=0.2997, Precision=0.6168, Recall=0.6870, F1=0.6500

==================================================
Epoch 17/150
==================================================
Epoch 17, Batch 0/422, Loss: 0.3792, LR: 0.000048
Epoch 17, Batch 10/422, Loss: 0.6441, LR: 0.000048
Epoch 17, Batch 20/422, Loss: 0.5812, LR: 0.000048
Epoch 17, Batch 30/422, Loss: 0.5499, LR: 0.000048
Epoch 17, Batch 40/422, Loss: 0.5579, LR: 0.000048
Epoch 17, Batch 50/422, Loss: 0.4833, LR: 0.000048
Epoch 17, Batch 60/422, Loss: 0.4804, LR: 0.000048
Epoch 17, Batch 70/422, Loss: 0.5393, LR: 0.000048
Epoch 17, Batch 80/422, Loss: 0.4264, LR: 0.000048
Epoch 17, Batch 90/422, Loss: 0.4694, LR: 0.000048
Epoch 17, Batch 100/422, Loss: 0.3663, LR: 0.000048
Epoch 17, Batch 110/422, Loss: 0.4900, LR: 0.000048
Epoch 17, Batch 120/422, Loss: 0.5783, LR: 0.000048
Epoch 17, Batch 130/422, Loss: 0.5866, LR: 0.000048
Epoch 17, Batch 140/422, Loss: 0.5587, LR: 0.000048
Epoch 17, Batch 150/422, Loss: 0.4474, LR: 0.000048
Epoch 17, Batch 160/422, Loss: 0.4878, LR: 0.000048
Epoch 17, Batch 170/422, Loss: 0.6874, LR: 0.000048
Epoch 17, Batch 180/422, Loss: 0.5778, LR: 0.000048
Epoch 17, Batch 190/422, Loss: 0.6222, LR: 0.000048
Epoch 17, Batch 200/422, Loss: 0.5436, LR: 0.000048
Epoch 17, Batch 210/422, Loss: 0.6162, LR: 0.000048
Epoch 17, Batch 220/422, Loss: 0.4716, LR: 0.000048
Epoch 17, Batch 230/422, Loss: 0.5590, LR: 0.000048
Epoch 17, Batch 240/422, Loss: 0.5026, LR: 0.000048
Epoch 17, Batch 250/422, Loss: 0.5340, LR: 0.000048
Epoch 17, Batch 260/422, Loss: 0.4106, LR: 0.000048
Epoch 17, Batch 270/422, Loss: 0.6382, LR: 0.000048
Epoch 17, Batch 280/422, Loss: 0.5963, LR: 0.000048
Epoch 17, Batch 290/422, Loss: 0.2773, LR: 0.000048
Epoch 17, Batch 300/422, Loss: 0.6819, LR: 0.000048
Epoch 17, Batch 310/422, Loss: 0.7893, LR: 0.000048
Epoch 17, Batch 320/422, Loss: 0.6003, LR: 0.000048
Epoch 17, Batch 330/422, Loss: 0.3273, LR: 0.000048
Epoch 17, Batch 340/422, Loss: 0.3837, LR: 0.000048
Epoch 17, Batch 350/422, Loss: 0.5528, LR: 0.000048
Epoch 17, Batch 360/422, Loss: 0.5583, LR: 0.000048
Epoch 17, Batch 370/422, Loss: 0.5323, LR: 0.000048
Epoch 17, Batch 380/422, Loss: 0.4529, LR: 0.000048
Epoch 17, Batch 390/422, Loss: 0.3628, LR: 0.000048
Epoch 17, Batch 400/422, Loss: 0.6344, LR: 0.000048
Epoch 17, Batch 410/422, Loss: 0.4357, LR: 0.000048
Epoch 17, Batch 420/422, Loss: 0.5548, LR: 0.000048

Train Loss: 0.5141
Val Loss: 1.2940
mAP@0.50=0.5822, mAP@0.50:0.95=0.3104, Precision=0.6235, Recall=0.6941, F1=0.6569

==================================================
Epoch 18/150
==================================================
Epoch 18, Batch 0/422, Loss: 0.4890, LR: 0.000048
Epoch 18, Batch 10/422, Loss: 0.4780, LR: 0.000048
Epoch 18, Batch 20/422, Loss: 0.3801, LR: 0.000048
Epoch 18, Batch 30/422, Loss: 0.4474, LR: 0.000048
Epoch 18, Batch 40/422, Loss: 0.4893, LR: 0.000048
Epoch 18, Batch 50/422, Loss: 0.6531, LR: 0.000048
Epoch 18, Batch 60/422, Loss: 0.4412, LR: 0.000048
Epoch 18, Batch 70/422, Loss: 0.5695, LR: 0.000048
Epoch 18, Batch 80/422, Loss: 0.4532, LR: 0.000048
Epoch 18, Batch 90/422, Loss: 0.4378, LR: 0.000048
Epoch 18, Batch 100/422, Loss: 0.5087, LR: 0.000048
Epoch 18, Batch 110/422, Loss: 0.4266, LR: 0.000048
Epoch 18, Batch 120/422, Loss: 0.5018, LR: 0.000048
Epoch 18, Batch 130/422, Loss: 0.6003, LR: 0.000048
Epoch 18, Batch 140/422, Loss: 0.5323, LR: 0.000048
Epoch 18, Batch 150/422, Loss: 0.4302, LR: 0.000048
Epoch 18, Batch 160/422, Loss: 0.5165, LR: 0.000048
Epoch 18, Batch 170/422, Loss: 0.5423, LR: 0.000048
Epoch 18, Batch 180/422, Loss: 0.4439, LR: 0.000048
Epoch 18, Batch 190/422, Loss: 0.5620, LR: 0.000048
Epoch 18, Batch 200/422, Loss: 0.5401, LR: 0.000048
Epoch 18, Batch 210/422, Loss: 0.4743, LR: 0.000048
Epoch 18, Batch 220/422, Loss: 0.3444, LR: 0.000048
Epoch 18, Batch 230/422, Loss: 0.5131, LR: 0.000048
Epoch 18, Batch 240/422, Loss: 0.6742, LR: 0.000048
Epoch 18, Batch 250/422, Loss: 0.3776, LR: 0.000048
Epoch 18, Batch 260/422, Loss: 0.4882, LR: 0.000048
Epoch 18, Batch 270/422, Loss: 0.5104, LR: 0.000048
Epoch 18, Batch 280/422, Loss: 0.4657, LR: 0.000048
Epoch 18, Batch 290/422, Loss: 0.4510, LR: 0.000048
Epoch 18, Batch 300/422, Loss: 0.4157, LR: 0.000048
Epoch 18, Batch 310/422, Loss: 0.4935, LR: 0.000048
Epoch 18, Batch 320/422, Loss: 0.4103, LR: 0.000048
Epoch 18, Batch 330/422, Loss: 0.6130, LR: 0.000048
Epoch 18, Batch 340/422, Loss: 0.4703, LR: 0.000048
Epoch 18, Batch 350/422, Loss: 0.5914, LR: 0.000048
Epoch 18, Batch 360/422, Loss: 0.5934, LR: 0.000048
Epoch 18, Batch 370/422, Loss: 0.5760, LR: 0.000048
Epoch 18, Batch 380/422, Loss: 0.4625, LR: 0.000048
Epoch 18, Batch 390/422, Loss: 0.5818, LR: 0.000048
Epoch 18, Batch 400/422, Loss: 0.6451, LR: 0.000048
Epoch 18, Batch 410/422, Loss: 0.6661, LR: 0.000048
Epoch 18, Batch 420/422, Loss: 0.5096, LR: 0.000048

Train Loss: 0.4970
Val Loss: 1.3235
mAP@0.50=0.5777, mAP@0.50:0.95=0.3088, Precision=0.6229, Recall=0.6882, F1=0.6539

==================================================
Epoch 19/150
==================================================
Epoch 19, Batch 0/422, Loss: 0.4721, LR: 0.000048
Epoch 19, Batch 10/422, Loss: 0.7099, LR: 0.000048
Epoch 19, Batch 20/422, Loss: 0.4624, LR: 0.000048
Epoch 19, Batch 30/422, Loss: 0.4296, LR: 0.000048
Epoch 19, Batch 40/422, Loss: 0.6081, LR: 0.000048
Epoch 19, Batch 50/422, Loss: 0.5220, LR: 0.000048
Epoch 19, Batch 60/422, Loss: 0.5849, LR: 0.000048
Epoch 19, Batch 70/422, Loss: 0.4282, LR: 0.000048
Epoch 19, Batch 80/422, Loss: 0.4566, LR: 0.000048
Epoch 19, Batch 90/422, Loss: 0.4584, LR: 0.000048
Epoch 19, Batch 100/422, Loss: 0.4982, LR: 0.000048
Epoch 19, Batch 110/422, Loss: 0.5275, LR: 0.000048
Epoch 19, Batch 120/422, Loss: 0.4047, LR: 0.000048
Epoch 19, Batch 130/422, Loss: 0.4416, LR: 0.000048
Epoch 19, Batch 140/422, Loss: 0.3937, LR: 0.000048
Epoch 19, Batch 150/422, Loss: 0.3865, LR: 0.000048
Epoch 19, Batch 160/422, Loss: 0.3970, LR: 0.000048
Epoch 19, Batch 170/422, Loss: 0.5249, LR: 0.000048
Epoch 19, Batch 180/422, Loss: 0.5285, LR: 0.000048
Epoch 19, Batch 190/422, Loss: 0.4118, LR: 0.000048
Epoch 19, Batch 200/422, Loss: 0.4249, LR: 0.000048
Epoch 19, Batch 210/422, Loss: 0.5827, LR: 0.000048
Epoch 19, Batch 220/422, Loss: 0.4497, LR: 0.000048
Epoch 19, Batch 230/422, Loss: 0.4966, LR: 0.000048
Epoch 19, Batch 240/422, Loss: 0.4328, LR: 0.000048
Epoch 19, Batch 250/422, Loss: 0.4089, LR: 0.000048
Epoch 19, Batch 260/422, Loss: 0.4568, LR: 0.000048
Epoch 19, Batch 270/422, Loss: 0.4276, LR: 0.000048
Epoch 19, Batch 280/422, Loss: 0.5642, LR: 0.000048
Epoch 19, Batch 290/422, Loss: 0.3419, LR: 0.000048
Epoch 19, Batch 300/422, Loss: 0.5163, LR: 0.000048
Epoch 19, Batch 310/422, Loss: 0.5465, LR: 0.000048
Epoch 19, Batch 320/422, Loss: 0.4577, LR: 0.000048
Epoch 19, Batch 330/422, Loss: 0.5058, LR: 0.000048
Epoch 19, Batch 340/422, Loss: 0.4389, LR: 0.000048
Epoch 19, Batch 350/422, Loss: 0.5718, LR: 0.000048
Epoch 19, Batch 360/422, Loss: 0.4730, LR: 0.000048
Epoch 19, Batch 370/422, Loss: 0.4799, LR: 0.000048
Epoch 19, Batch 380/422, Loss: 0.4504, LR: 0.000048
Epoch 19, Batch 390/422, Loss: 0.3745, LR: 0.000048
Epoch 19, Batch 400/422, Loss: 0.5269, LR: 0.000048
Epoch 19, Batch 410/422, Loss: 0.5037, LR: 0.000048
Epoch 19, Batch 420/422, Loss: 0.4694, LR: 0.000048

Train Loss: 0.4835
Val Loss: 1.2511
mAP@0.50=0.5732, mAP@0.50:0.95=0.3036, Precision=0.6211, Recall=0.6928, F1=0.6550

==================================================
Epoch 20/150
==================================================
Epoch 20, Batch 0/422, Loss: 0.4973, LR: 0.000048
Epoch 20, Batch 10/422, Loss: 0.4061, LR: 0.000048
Epoch 20, Batch 20/422, Loss: 0.4248, LR: 0.000048
Epoch 20, Batch 30/422, Loss: 0.4323, LR: 0.000048
Epoch 20, Batch 40/422, Loss: 0.4467, LR: 0.000048
Epoch 20, Batch 50/422, Loss: 0.6107, LR: 0.000048
Epoch 20, Batch 60/422, Loss: 0.4526, LR: 0.000048
Epoch 20, Batch 70/422, Loss: 0.3564, LR: 0.000048
Epoch 20, Batch 80/422, Loss: 0.4390, LR: 0.000048
Epoch 20, Batch 90/422, Loss: 0.4219, LR: 0.000048
Epoch 20, Batch 100/422, Loss: 0.5130, LR: 0.000048
Epoch 20, Batch 110/422, Loss: 0.4905, LR: 0.000048
Epoch 20, Batch 120/422, Loss: 0.3873, LR: 0.000048
Epoch 20, Batch 130/422, Loss: 0.4682, LR: 0.000048
Epoch 20, Batch 140/422, Loss: 0.5083, LR: 0.000048
Epoch 20, Batch 150/422, Loss: 0.5562, LR: 0.000048
Epoch 20, Batch 160/422, Loss: 0.4505, LR: 0.000048
Epoch 20, Batch 170/422, Loss: 0.5515, LR: 0.000048
Epoch 20, Batch 180/422, Loss: 0.4287, LR: 0.000048
Epoch 20, Batch 190/422, Loss: 0.4584, LR: 0.000048
Epoch 20, Batch 200/422, Loss: 0.5394, LR: 0.000048
Epoch 20, Batch 210/422, Loss: 0.4611, LR: 0.000048
Epoch 20, Batch 220/422, Loss: 0.4535, LR: 0.000048
Epoch 20, Batch 230/422, Loss: 0.3605, LR: 0.000048
Epoch 20, Batch 240/422, Loss: 0.4026, LR: 0.000048
Epoch 20, Batch 250/422, Loss: 0.5861, LR: 0.000048
Epoch 20, Batch 260/422, Loss: 0.4098, LR: 0.000048
Epoch 20, Batch 270/422, Loss: 0.6743, LR: 0.000048
Epoch 20, Batch 280/422, Loss: 0.4985, LR: 0.000048
Epoch 20, Batch 290/422, Loss: 0.3484, LR: 0.000048
Epoch 20, Batch 300/422, Loss: 0.5193, LR: 0.000048
Epoch 20, Batch 310/422, Loss: 0.3861, LR: 0.000048
Epoch 20, Batch 320/422, Loss: 0.5687, LR: 0.000048
Epoch 20, Batch 330/422, Loss: 0.4085, LR: 0.000048
Epoch 20, Batch 340/422, Loss: 0.5209, LR: 0.000048
Epoch 20, Batch 350/422, Loss: 0.4993, LR: 0.000048
Epoch 20, Batch 360/422, Loss: 0.4402, LR: 0.000048
Epoch 20, Batch 370/422, Loss: 0.6161, LR: 0.000048
Epoch 20, Batch 380/422, Loss: 0.5495, LR: 0.000048
Epoch 20, Batch 390/422, Loss: 0.4837, LR: 0.000048
Epoch 20, Batch 400/422, Loss: 0.4657, LR: 0.000048
Epoch 20, Batch 410/422, Loss: 0.4369, LR: 0.000048
Epoch 20, Batch 420/422, Loss: 0.6116, LR: 0.000048

Train Loss: 0.4753
Val Loss: 1.3018
mAP@0.50=0.5849, mAP@0.50:0.95=0.3140, Precision=0.6272, Recall=0.6919, F1=0.6579

==================================================
Epoch 21/150
==================================================
