Results directory: /home/coder/IKT452-Computer-Vision-Project/checkpoints_yolov9Augmented

==================================================
Epoch 1/50
==================================================
Train Loss: 9.3880
Val Loss: 8.0689
mAP@0.50=0.0041, mAP@0.50:0.95=0.0027, Precision=0.0059, Recall=0.0265, F1=0.0097

==================================================
Epoch 2/50
==================================================
Train Loss: 8.0244
Val Loss: 6.8702
mAP@0.50=0.0326, mAP@0.50:0.95=0.0209, Precision=0.2487, Recall=0.0538, F1=0.0885

==================================================
Epoch 3/50
==================================================
Train Loss: 6.8322
Val Loss: 5.7279
mAP@0.50=0.1292, mAP@0.50:0.95=0.0812, Precision=0.3049, Recall=0.1623, F1=0.2118

==================================================
Epoch 4/50
==================================================
Train Loss: 5.7600
Val Loss: 4.8704
mAP@0.50=0.2466, mAP@0.50:0.95=0.1577, Precision=0.3377, Recall=0.2830, F1=0.3079

==================================================
Epoch 5/50
==================================================
Train Loss: 5.0604
Val Loss: 4.4384
mAP@0.50=0.3428, mAP@0.50:0.95=0.2181, Precision=0.4156, Recall=0.3726, F1=0.3929

==================================================
Epoch 6/50
==================================================
Train Loss: 4.6217
Val Loss: 4.1714
mAP@0.50=0.4147, mAP@0.50:0.95=0.2660, Precision=0.4683, Recall=0.4396, F1=0.4535

==================================================
Epoch 7/50
==================================================
Train Loss: 4.3595
Val Loss: 4.0351
mAP@0.50=0.4663, mAP@0.50:0.95=0.2970, Precision=0.5473, Recall=0.4665, F1=0.5037

==================================================
Epoch 8/50
==================================================
Train Loss: 4.1568
Val Loss: 3.9178
mAP@0.50=0.5172, mAP@0.50:0.95=0.3309, Precision=0.5676, Recall=0.5053, F1=0.5347

==================================================
Epoch 9/50
==================================================
Train Loss: 4.0355
Val Loss: 3.8161
mAP@0.50=0.5511, mAP@0.50:0.95=0.3560, Precision=0.5528, Recall=0.5613, F1=0.5570

==================================================
Epoch 10/50
==================================================
Train Loss: 3.9175
Val Loss: 3.7670
mAP@0.50=0.5715, mAP@0.50:0.95=0.3680, Precision=0.6228, Recall=0.5567, F1=0.5879

==================================================
Epoch 11/50
==================================================
Train Loss: 3.8377
Val Loss: 3.7323
mAP@0.50=0.5889, mAP@0.50:0.95=0.3801, Precision=0.6307, Recall=0.5683, F1=0.5979

==================================================
Epoch 12/50
==================================================
Train Loss: 3.7763
Val Loss: 3.6777
mAP@0.50=0.6054, mAP@0.50:0.95=0.3922, Precision=0.6338, Recall=0.5895, F1=0.6108

==================================================
Epoch 13/50
==================================================
Train Loss: 3.6989
Val Loss: 3.6722
mAP@0.50=0.6167, mAP@0.50:0.95=0.3959, Precision=0.6733, Recall=0.5961, F1=0.6324

==================================================
Epoch 14/50
==================================================
Train Loss: 3.6537
Val Loss: 3.6362
mAP@0.50=0.6345, mAP@0.50:0.95=0.4081, Precision=0.6863, Recall=0.5953, F1=0.6375

==================================================
Epoch 15/50
==================================================
Train Loss: 3.5968
Val Loss: 3.6147
mAP@0.50=0.6383, mAP@0.50:0.95=0.4089, Precision=0.6522, Recall=0.6321, F1=0.6420

==================================================
Epoch 16/50
==================================================
Train Loss: 3.5466
Val Loss: 3.5944
mAP@0.50=0.6455, mAP@0.50:0.95=0.4143, Precision=0.6685, Recall=0.6305, F1=0.6489

==================================================
Epoch 17/50
==================================================
Train Loss: 3.5342
Val Loss: 3.5571
mAP@0.50=0.6601, mAP@0.50:0.95=0.4232, Precision=0.7111, Recall=0.6223, F1=0.6637

==================================================
Epoch 18/50
==================================================
Train Loss: 3.4962
Val Loss: 3.5323
mAP@0.50=0.6641, mAP@0.50:0.95=0.4297, Precision=0.7102, Recall=0.6260, F1=0.6655

==================================================
Epoch 19/50
==================================================
Train Loss: 3.4826
Val Loss: 3.5411
mAP@0.50=0.6630, mAP@0.50:0.95=0.4256, Precision=0.7067, Recall=0.6237, F1=0.6626

==================================================
Epoch 20/50
==================================================
Train Loss: 3.4396
Val Loss: 3.5254
mAP@0.50=0.6704, mAP@0.50:0.95=0.4320, Precision=0.7263, Recall=0.6294, F1=0.6744

==================================================
Epoch 21/50
==================================================
Train Loss: 3.4240
Val Loss: 3.5091
mAP@0.50=0.6753, mAP@0.50:0.95=0.4362, Precision=0.7282, Recall=0.6272, F1=0.6740

==================================================
Epoch 22/50
==================================================
Train Loss: 3.4182
Val Loss: 3.5013
mAP@0.50=0.6844, mAP@0.50:0.95=0.4374, Precision=0.7150, Recall=0.6414, F1=0.6762

==================================================
Epoch 23/50
==================================================
Train Loss: 3.3945
Val Loss: 3.5076
mAP@0.50=0.6786, mAP@0.50:0.95=0.4348, Precision=0.7339, Recall=0.6349, F1=0.6808

==================================================
Epoch 24/50
==================================================
Train Loss: 3.3830
Val Loss: 3.4893
mAP@0.50=0.6882, mAP@0.50:0.95=0.4409, Precision=0.7442, Recall=0.6289, F1=0.6817

==================================================
Epoch 25/50
==================================================
Train Loss: 3.3474
Val Loss: 3.4774
mAP@0.50=0.6927, mAP@0.50:0.95=0.4421, Precision=0.7224, Recall=0.6390, F1=0.6781

==================================================
Epoch 26/50
==================================================
Train Loss: 3.3264
Val Loss: 3.4539
mAP@0.50=0.6951, mAP@0.50:0.95=0.4448, Precision=0.7365, Recall=0.6353, F1=0.6822

==================================================
Epoch 27/50
==================================================
Train Loss: 3.3150
Val Loss: 3.4794
mAP@0.50=0.6929, mAP@0.50:0.95=0.4418, Precision=0.7546, Recall=0.6327, F1=0.6883

==================================================
Epoch 28/50
==================================================
Train Loss: 3.2936
Val Loss: 3.4743
mAP@0.50=0.6939, mAP@0.50:0.95=0.4420, Precision=0.7458, Recall=0.6411, F1=0.6895

==================================================
Epoch 29/50
==================================================
Train Loss: 3.2790
Val Loss: 3.4678
mAP@0.50=0.6962, mAP@0.50:0.95=0.4421, Precision=0.7601, Recall=0.6333, F1=0.6909

==================================================
Epoch 30/50
==================================================
Train Loss: 3.2644
Val Loss: 3.4451
mAP@0.50=0.7058, mAP@0.50:0.95=0.4500, Precision=0.7427, Recall=0.6421, F1=0.6888

==================================================
Epoch 31/50
==================================================
Train Loss: 3.2553
Val Loss: 3.4382
mAP@0.50=0.6996, mAP@0.50:0.95=0.4466, Precision=0.7045, Recall=0.6676, F1=0.6855

==================================================
Epoch 32/50
==================================================
Train Loss: 3.2475
Val Loss: 3.4218
mAP@0.50=0.7051, mAP@0.50:0.95=0.4523, Precision=0.7603, Recall=0.6287, F1=0.6883

==================================================
Epoch 33/50
==================================================
Train Loss: 3.2509
Val Loss: 3.4484
mAP@0.50=0.7053, mAP@0.50:0.95=0.4512, Precision=0.7056, Recall=0.6688, F1=0.6867

==================================================
Epoch 34/50
==================================================
Train Loss: 3.2433
Val Loss: 3.4416
mAP@0.50=0.7125, mAP@0.50:0.95=0.4523, Precision=0.7224, Recall=0.6726, F1=0.6966

==================================================
Epoch 35/50
==================================================
Train Loss: 3.2356
Val Loss: 3.4411
mAP@0.50=0.7117, mAP@0.50:0.95=0.4526, Precision=0.7362, Recall=0.6560, F1=0.6938

==================================================
Epoch 36/50
==================================================
Train Loss: 3.1940
Val Loss: 3.4231
mAP@0.50=0.7122, mAP@0.50:0.95=0.4550, Precision=0.7141, Recall=0.6715, F1=0.6921

==================================================
Epoch 37/50
==================================================
Train Loss: 3.1982
Val Loss: 3.4297
mAP@0.50=0.7119, mAP@0.50:0.95=0.4539, Precision=0.7363, Recall=0.6500, F1=0.6905

==================================================
Epoch 38/50
==================================================
Train Loss: 3.2003
Val Loss: 3.4271
mAP@0.50=0.7142, mAP@0.50:0.95=0.4554, Precision=0.7519, Recall=0.6570, F1=0.7012

==================================================
Epoch 39/50
==================================================
Train Loss: 3.2038
Val Loss: 3.4080
mAP@0.50=0.7155, mAP@0.50:0.95=0.4571, Precision=0.7631, Recall=0.6451, F1=0.6992

==================================================
Epoch 40/50
==================================================
Train Loss: 3.1858
Val Loss: 3.4274
mAP@0.50=0.7127, mAP@0.50:0.95=0.4547, Precision=0.7368, Recall=0.6721, F1=0.7030

==================================================
Epoch 41/50
==================================================
Train Loss: 3.1432
Val Loss: 3.4245
mAP@0.50=0.7054, mAP@0.50:0.95=0.4497, Precision=0.7344, Recall=0.6468, F1=0.6879

==================================================
Epoch 42/50
==================================================
Train Loss: 3.0926
Val Loss: 3.4306
mAP@0.50=0.7080, mAP@0.50:0.95=0.4516, Precision=0.7098, Recall=0.6700, F1=0.6894

==================================================
Epoch 43/50
==================================================
Train Loss: 3.0736
Val Loss: 3.4357
mAP@0.50=0.7081, mAP@0.50:0.95=0.4495, Precision=0.6894, Recall=0.6799, F1=0.6846

==================================================
Epoch 44/50
==================================================
Train Loss: 3.0598
Val Loss: 3.4470
mAP@0.50=0.7057, mAP@0.50:0.95=0.4490, Precision=0.6901, Recall=0.6795, F1=0.6848

==================================================
Epoch 45/50
==================================================
Train Loss: 3.0507
Val Loss: 3.4511
mAP@0.50=0.7086, mAP@0.50:0.95=0.4503, Precision=0.7343, Recall=0.6612, F1=0.6958

==================================================
Epoch 46/50
==================================================
Train Loss: 3.0318
Val Loss: 3.4383
mAP@0.50=0.7140, mAP@0.50:0.95=0.4540, Precision=0.7399, Recall=0.6565, F1=0.6957

==================================================
Epoch 47/50
==================================================
Train Loss: 3.0353
Val Loss: 3.4505
mAP@0.50=0.7087, mAP@0.50:0.95=0.4512, Precision=0.7389, Recall=0.6571, F1=0.6956

==================================================
Epoch 48/50
==================================================
Train Loss: 3.0228
Val Loss: 3.4492
mAP@0.50=0.7029, mAP@0.50:0.95=0.4486, Precision=0.6933, Recall=0.6785, F1=0.6858

==================================================
Epoch 49/50
==================================================
Train Loss: 3.0272
Val Loss: 3.4470
mAP@0.50=0.7087, mAP@0.50:0.95=0.4510, Precision=0.6849, Recall=0.6780, F1=0.6815

==================================================
Epoch 50/50
==================================================
Train Loss: 3.0044
Val Loss: 3.4503
mAP@0.50=0.7019, mAP@0.50:0.95=0.4464, Precision=0.7084, Recall=0.6707, F1=0.6891

Training complete. Best mAP@0.50: 0.7155
Best mAP@0.50:0.95: 0.4571
