Results directory: /home/coder/IKT452-Computer-Vision-Project/checkpoints_yolov9

==================================================
Epoch 1/50
==================================================
Train Loss: 10.0743
Val Loss: 8.9807
mAP@0.50=0.0001, mAP@0.50:0.95=0.0001, Precision=0.0004, Recall=0.0059, F1=0.0008

==================================================
Epoch 2/50
==================================================
Train Loss: 9.4664
Val Loss: 8.6982
mAP@0.50=0.0008, mAP@0.50:0.95=0.0006, Precision=0.0018, Recall=0.0115, F1=0.0031

==================================================
Epoch 3/50
==================================================
Train Loss: 8.9418
Val Loss: 8.2886
mAP@0.50=0.0018, mAP@0.50:0.95=0.0014, Precision=0.0058, Recall=0.0161, F1=0.0086

==================================================
Epoch 4/50
==================================================
Train Loss: 8.4293
Val Loss: 7.8575
mAP@0.50=0.0062, mAP@0.50:0.95=0.0043, Precision=0.0097, Recall=0.0298, F1=0.0147

==================================================
Epoch 5/50
==================================================
Train Loss: 8.1253
Val Loss: 7.4953
mAP@0.50=0.0113, mAP@0.50:0.95=0.0077, Precision=0.0154, Recall=0.0467, F1=0.0231

==================================================
Epoch 6/50
==================================================
Train Loss: 7.7520
Val Loss: 7.2290
mAP@0.50=0.0190, mAP@0.50:0.95=0.0127, Precision=0.0183, Recall=0.0637, F1=0.0284

==================================================
Epoch 7/50
==================================================
Train Loss: 7.3613
Val Loss: 6.7817
mAP@0.50=0.0361, mAP@0.50:0.95=0.0235, Precision=0.2427, Recall=0.0674, F1=0.1055

==================================================
Epoch 8/50
==================================================
Train Loss: 6.9816
Val Loss: 6.5747
mAP@0.50=0.0501, mAP@0.50:0.95=0.0320, Precision=0.1990, Recall=0.0981, F1=0.1315

==================================================
Epoch 9/50
==================================================
Train Loss: 6.7119
Val Loss: 6.3024
mAP@0.50=0.0664, mAP@0.50:0.95=0.0428, Precision=0.2416, Recall=0.0973, F1=0.1387

==================================================
Epoch 10/50
==================================================
Train Loss: 6.4057
Val Loss: 6.0092
mAP@0.50=0.0949, mAP@0.50:0.95=0.0617, Precision=0.2327, Recall=0.1331, F1=0.1694

==================================================
Epoch 11/50
==================================================
Train Loss: 6.0947
Val Loss: 5.7968
mAP@0.50=0.1175, mAP@0.50:0.95=0.0765, Precision=0.2705, Recall=0.1490, F1=0.1921

==================================================
Epoch 12/50
==================================================
Train Loss: 5.8717
Val Loss: 5.5711
mAP@0.50=0.1407, mAP@0.50:0.95=0.0919, Precision=0.2986, Recall=0.1701, F1=0.2167

==================================================
Epoch 13/50
==================================================
Train Loss: 5.7962
Val Loss: 5.3557
mAP@0.50=0.1720, mAP@0.50:0.95=0.1115, Precision=0.3046, Recall=0.1989, F1=0.2407

==================================================
Epoch 14/50
==================================================
Train Loss: 5.4428
Val Loss: 5.1641
mAP@0.50=0.1967, mAP@0.50:0.95=0.1274, Precision=0.3067, Recall=0.2291, F1=0.2623

==================================================
Epoch 15/50
==================================================
Train Loss: 5.2865
Val Loss: 5.0044
mAP@0.50=0.2215, mAP@0.50:0.95=0.1441, Precision=0.3430, Recall=0.2465, F1=0.2869

==================================================
Epoch 16/50
==================================================
Train Loss: 5.1702
Val Loss: 4.8307
mAP@0.50=0.2537, mAP@0.50:0.95=0.1653, Precision=0.3862, Recall=0.2734, F1=0.3202

==================================================
Epoch 17/50
==================================================
Train Loss: 4.8972
Val Loss: 4.7070
mAP@0.50=0.2822, mAP@0.50:0.95=0.1837, Precision=0.4271, Recall=0.2814, F1=0.3393

==================================================
Epoch 18/50
==================================================
Train Loss: 4.7992
Val Loss: 4.6020
mAP@0.50=0.3036, mAP@0.50:0.95=0.1978, Precision=0.3775, Recall=0.3199, F1=0.3464

==================================================
Epoch 19/50
==================================================
Train Loss: 4.7197
Val Loss: 4.4705
mAP@0.50=0.3267, mAP@0.50:0.95=0.2139, Precision=0.3814, Recall=0.3519, F1=0.3660

==================================================
Epoch 20/50
==================================================
Train Loss: 4.6319
Val Loss: 4.4302
mAP@0.50=0.3390, mAP@0.50:0.95=0.2217, Precision=0.4195, Recall=0.3529, F1=0.3833

==================================================
Epoch 21/50
==================================================
Train Loss: 4.6287
Val Loss: 4.3715
mAP@0.50=0.3522, mAP@0.50:0.95=0.2291, Precision=0.4283, Recall=0.3697, F1=0.3968

==================================================
Epoch 22/50
==================================================
Train Loss: 4.4441
Val Loss: 4.3279
mAP@0.50=0.3673, mAP@0.50:0.95=0.2399, Precision=0.4413, Recall=0.3818, F1=0.4094

==================================================
Epoch 23/50
==================================================
Train Loss: 4.3614
Val Loss: 4.2403
mAP@0.50=0.3825, mAP@0.50:0.95=0.2497, Precision=0.4801, Recall=0.3867, F1=0.4284

==================================================
Epoch 24/50
==================================================
Train Loss: 4.3117
Val Loss: 4.1918
mAP@0.50=0.3906, mAP@0.50:0.95=0.2547, Precision=0.4779, Recall=0.3944, F1=0.4322

==================================================
Epoch 25/50
==================================================
Train Loss: 4.2226
Val Loss: 4.1500
mAP@0.50=0.4020, mAP@0.50:0.95=0.2621, Precision=0.4852, Recall=0.4014, F1=0.4393

==================================================
Epoch 26/50
==================================================
Train Loss: 4.1988
Val Loss: 4.0945
mAP@0.50=0.4122, mAP@0.50:0.95=0.2690, Precision=0.4775, Recall=0.4272, F1=0.4510

==================================================
Epoch 27/50
==================================================
Train Loss: 4.2960
Val Loss: 4.0475
mAP@0.50=0.4210, mAP@0.50:0.95=0.2758, Precision=0.4821, Recall=0.4264, F1=0.4525

==================================================
Epoch 28/50
==================================================
Train Loss: 4.1531
Val Loss: 4.0395
mAP@0.50=0.4253, mAP@0.50:0.95=0.2791, Precision=0.4953, Recall=0.4320, F1=0.4615

==================================================
Epoch 29/50
==================================================
Train Loss: 4.0955
Val Loss: 3.9979
mAP@0.50=0.4395, mAP@0.50:0.95=0.2884, Precision=0.4837, Recall=0.4490, F1=0.4657

==================================================
Epoch 30/50
==================================================
Train Loss: 3.9701
Val Loss: 3.9571
mAP@0.50=0.4457, mAP@0.50:0.95=0.2926, Precision=0.5001, Recall=0.4511, F1=0.4743

==================================================
Epoch 31/50
==================================================
Train Loss: 4.0267
Val Loss: 3.9405
mAP@0.50=0.4533, mAP@0.50:0.95=0.2978, Precision=0.5180, Recall=0.4549, F1=0.4844

==================================================
Epoch 32/50
==================================================
Train Loss: 3.9763
Val Loss: 3.9152
mAP@0.50=0.4607, mAP@0.50:0.95=0.3013, Precision=0.5258, Recall=0.4549, F1=0.4877

==================================================
Epoch 33/50
==================================================
Train Loss: 3.9388
Val Loss: 3.8962
mAP@0.50=0.4651, mAP@0.50:0.95=0.3045, Precision=0.5418, Recall=0.4583, F1=0.4966

==================================================
Epoch 34/50
==================================================
Train Loss: 3.8812
Val Loss: 3.8694
mAP@0.50=0.4698, mAP@0.50:0.95=0.3083, Precision=0.5399, Recall=0.4690, F1=0.5019

==================================================
Epoch 35/50
==================================================
Train Loss: 3.9049
Val Loss: 3.8477
mAP@0.50=0.4764, mAP@0.50:0.95=0.3108, Precision=0.5614, Recall=0.4678, F1=0.5103

==================================================
Epoch 36/50
==================================================
Train Loss: 3.8483
Val Loss: 3.8322
mAP@0.50=0.4877, mAP@0.50:0.95=0.3190, Precision=0.5347, Recall=0.4834, F1=0.5077

==================================================
Epoch 37/50
==================================================
Train Loss: 3.9171
Val Loss: 3.8090
mAP@0.50=0.4953, mAP@0.50:0.95=0.3259, Precision=0.5536, Recall=0.4809, F1=0.5147

==================================================
Epoch 38/50
==================================================
Train Loss: 3.8430
Val Loss: 3.8087
mAP@0.50=0.5013, mAP@0.50:0.95=0.3293, Precision=0.5424, Recall=0.4889, F1=0.5143

==================================================
Epoch 39/50
==================================================
Train Loss: 3.7921
Val Loss: 3.7995
mAP@0.50=0.5077, mAP@0.50:0.95=0.3341, Precision=0.5549, Recall=0.4935, F1=0.5224

==================================================
Epoch 40/50
==================================================
Train Loss: 3.8648
Val Loss: 3.7938
mAP@0.50=0.5119, mAP@0.50:0.95=0.3349, Precision=0.5496, Recall=0.5071, F1=0.5275

==================================================
Epoch 41/50
==================================================
Train Loss: 3.7731
Val Loss: 3.8190
mAP@0.50=0.4973, mAP@0.50:0.95=0.3241, Precision=0.5278, Recall=0.5175, F1=0.5226

==================================================
Epoch 42/50
==================================================
Train Loss: 3.7872
Val Loss: 3.8416
mAP@0.50=0.4978, mAP@0.50:0.95=0.3241, Precision=0.5414, Recall=0.5013, F1=0.5206

==================================================
Epoch 43/50
==================================================
Train Loss: 3.7707
Val Loss: 3.8203
mAP@0.50=0.5040, mAP@0.50:0.95=0.3289, Precision=0.5631, Recall=0.5040, F1=0.5319

==================================================
Epoch 44/50
==================================================
Train Loss: 3.7299
Val Loss: 3.7976
mAP@0.50=0.5128, mAP@0.50:0.95=0.3370, Precision=0.5729, Recall=0.5052, F1=0.5369

==================================================
Epoch 45/50
==================================================
Train Loss: 3.7268
Val Loss: 3.7715
mAP@0.50=0.5180, mAP@0.50:0.95=0.3408, Precision=0.5721, Recall=0.5213, F1=0.5455

==================================================
Epoch 46/50
==================================================
Train Loss: 3.7237
Val Loss: 3.7579
mAP@0.50=0.5215, mAP@0.50:0.95=0.3441, Precision=0.5782, Recall=0.5198, F1=0.5475

==================================================
Epoch 47/50
==================================================
Train Loss: 3.6887
Val Loss: 3.7495
mAP@0.50=0.5214, mAP@0.50:0.95=0.3436, Precision=0.5781, Recall=0.5301, F1=0.5531

==================================================
Epoch 48/50
==================================================
Train Loss: 3.6892
Val Loss: 3.7402
mAP@0.50=0.5247, mAP@0.50:0.95=0.3464, Precision=0.5821, Recall=0.5318, F1=0.5558

==================================================
Epoch 49/50
==================================================
Train Loss: 3.6813
Val Loss: 3.7352
mAP@0.50=0.5255, mAP@0.50:0.95=0.3467, Precision=0.5945, Recall=0.5220, F1=0.5559

==================================================
Epoch 50/50
==================================================
Train Loss: 3.6653
Val Loss: 3.7395
mAP@0.50=0.5253, mAP@0.50:0.95=0.3469, Precision=0.5987, Recall=0.5227, F1=0.5581

Training complete. Best mAP@0.50: 0.5255
Best mAP@0.50:0.95: 0.3469
